  [1m[35m (0.2ms)[0m  [1m[34mSELECT sqlite_version(*)[0m
  ↳ bin/rails:9
  [1m[35m (1.7ms)[0m  [1m[35mCREATE TABLE "schema_migrations" ("version" varchar NOT NULL PRIMARY KEY)[0m
  ↳ bin/rails:9
  [1m[35m (1.6ms)[0m  [1m[35mCREATE TABLE "ar_internal_metadata" ("key" varchar NOT NULL PRIMARY KEY, "value" varchar, "created_at" datetime NOT NULL, "updated_at" datetime NOT NULL)[0m
  ↳ bin/rails:9
  [1m[35m (0.2ms)[0m  [1m[34mSELECT "schema_migrations"."version" FROM "schema_migrations" ORDER BY "schema_migrations"."version" ASC[0m
  ↳ bin/rails:9
Migrating to CreateBooks (20181009053528)
  [1m[35m (0.1ms)[0m  [1m[36mbegin transaction[0m
  ↳ bin/rails:9
  [1m[35m (16.1ms)[0m  [1m[35mCREATE TABLE "books" ("id" integer PRIMARY KEY AUTOINCREMENT NOT NULL, "title" varchar, "author" text, "published_year" integer, "image" text, "created_at" datetime NOT NULL, "updated_at" datetime NOT NULL)[0m
  ↳ db/migrate/20181009053528_create_books.rb:3
  [1m[36mActiveRecord::SchemaMigration Create (0.4ms)[0m  [1m[32mINSERT INTO "schema_migrations" ("version") VALUES (?)[0m  [["version", "20181009053528"]]
  ↳ bin/rails:9
  [1m[35m (8.3ms)[0m  [1m[36mcommit transaction[0m
  ↳ bin/rails:9
  [1m[36mActiveRecord::InternalMetadata Load (0.3ms)[0m  [1m[34mSELECT  "ar_internal_metadata".* FROM "ar_internal_metadata" WHERE "ar_internal_metadata"."key" = ? LIMIT ?[0m  [["key", "environment"], ["LIMIT", 1]]
  ↳ bin/rails:9
  [1m[35m (0.1ms)[0m  [1m[36mbegin transaction[0m
  ↳ bin/rails:9
  [1m[36mActiveRecord::InternalMetadata Create (0.7ms)[0m  [1m[32mINSERT INTO "ar_internal_metadata" ("key", "value", "created_at", "updated_at") VALUES (?, ?, ?, ?)[0m  [["key", "environment"], ["value", "development"], ["created_at", "2018-10-09 05:46:45.800258"], ["updated_at", "2018-10-09 05:46:45.800258"]]
  ↳ bin/rails:9
  [1m[35m (1.9ms)[0m  [1m[36mcommit transaction[0m
  ↳ bin/rails:9
  [1m[35m (0.3ms)[0m  [1m[34mSELECT "schema_migrations"."version" FROM "schema_migrations" ORDER BY "schema_migrations"."version" ASC[0m
  ↳ bin/rails:9
  [1m[35m (0.6ms)[0m  [1m[34mSELECT "schema_migrations"."version" FROM "schema_migrations" ORDER BY "schema_migrations"."version" ASC[0m
  ↳ bin/rails:9
  [1m[35m (0.2ms)[0m  [1m[34mSELECT "schema_migrations"."version" FROM "schema_migrations" ORDER BY "schema_migrations"."version" ASC[0m
  ↳ bin/rails:9
  [1m[36mBook Load (0.5ms)[0m  [1m[34mSELECT "books".* FROM "books"[0m
  ↳ db/seeds.rb:11
  [1m[35m (0.1ms)[0m  [1m[36mbegin transaction[0m
  ↳ db/seeds.rb:13
  [1m[36mBook Create (1.6ms)[0m  [1m[32mINSERT INTO "books" ("title", "author", "published_year", "created_at", "updated_at") VALUES (?, ?, ?, ?, ?)[0m  [["title", "The Fault in Our Stars"], ["author", "John Green"], ["published_year", 2015], ["created_at", "2018-10-09 06:06:43.407081"], ["updated_at", "2018-10-09 06:06:43.407081"]]
  ↳ db/seeds.rb:13
  [1m[35m (1.9ms)[0m  [1m[36mcommit transaction[0m
  ↳ db/seeds.rb:13
  [1m[35m (0.1ms)[0m  [1m[36mbegin transaction[0m
  ↳ db/seeds.rb:14
  [1m[36mBook Create (0.8ms)[0m  [1m[32mINSERT INTO "books" ("title", "author", "published_year", "created_at", "updated_at") VALUES (?, ?, ?, ?, ?)[0m  [["title", "Gone Girl"], ["author", "Gillian Flynn"], ["published_year", 2014], ["created_at", "2018-10-09 06:06:43.413453"], ["updated_at", "2018-10-09 06:06:43.413453"]]
  ↳ db/seeds.rb:14
  [1m[35m (2.1ms)[0m  [1m[36mcommit transaction[0m
  ↳ db/seeds.rb:14
  [1m[35m (0.1ms)[0m  [1m[36mbegin transaction[0m
  ↳ db/seeds.rb:15
  [1m[36mBook Create (0.7ms)[0m  [1m[32mINSERT INTO "books" ("title", "author", "published_year", "created_at", "updated_at") VALUES (?, ?, ?, ?, ?)[0m  [["title", "Wonder"], ["author", "R.J. Palacio"], ["published_year", 2012], ["created_at", "2018-10-09 06:06:43.420678"], ["updated_at", "2018-10-09 06:06:43.420678"]]
  ↳ db/seeds.rb:15
  [1m[35m (1.1ms)[0m  [1m[36mcommit transaction[0m
  ↳ db/seeds.rb:15
  [1m[35m (0.2ms)[0m  [1m[36mbegin transaction[0m
  ↳ db/seeds.rb:16
  [1m[36mBook Create (0.5ms)[0m  [1m[32mINSERT INTO "books" ("title", "author", "published_year", "created_at", "updated_at") VALUES (?, ?, ?, ?, ?)[0m  [["title", "Kitchen"], ["author", "Banana Yoshimoto"], ["published_year", 1970], ["created_at", "2018-10-09 06:06:43.426257"], ["updated_at", "2018-10-09 06:06:43.426257"]]
  ↳ db/seeds.rb:16
  [1m[35m (2.1ms)[0m  [1m[36mcommit transaction[0m
  ↳ db/seeds.rb:16
Started GET "/books" for 127.0.0.1 at 2018-10-09 17:39:28 +1100
  [1m[35m (0.5ms)[0m  [1m[34mSELECT "schema_migrations"."version" FROM "schema_migrations" ORDER BY "schema_migrations"."version" ASC[0m
  ↳ /Users/MikaMccarron/.rvm/gems/ruby-2.5.1/gems/activerecord-5.2.1/lib/active_record/log_subscriber.rb:98
  
SyntaxError (/Users/MikaMccarron/wdi/homework/mika_mccarron/week5/books.db/app/controllers/books_controller.rb:14: syntax error, unexpected end-of-input, expecting keyword_end
  end
     ^):
  
app/controllers/books_controller.rb:14: syntax error, unexpected end-of-input, expecting keyword_end
Started GET "/books" for 127.0.0.1 at 2018-10-09 17:46:01 +1100
Processing by BooksController#index as HTML
  Rendering books/index.html.erb within layouts/application
  [1m[36mBook Load (1.1ms)[0m  [1m[34mSELECT "books".* FROM "books"[0m
  ↳ app/views/books/index.html.erb:3
  Rendered books/index.html.erb within layouts/application (246.5ms)
Completed 500 Internal Server Error in 274ms (ActiveRecord: 2.2ms)


  
ActionView::Template::Error (undefined method `planet_path' for #<#<Class:0x00007f99bf465568>:0x00007f99bf435db8>
Did you mean?  asset_path):
    2: <ul>
    3: <% @books.each do |planet| %>
    4: <li>
    5:   <!-- <a href="<%= planet_path(planet.id) %>"> -->
    6:     <%= book.name %>
    7:   <!-- </a> -->
    8: </li>
  
app/views/books/index.html.erb:5:in `block in _app_views_books_index_html_erb__2344961940266214493_70149157922480'
app/views/books/index.html.erb:3:in `_app_views_books_index_html_erb__2344961940266214493_70149157922480'
Started GET "/rails/info/routes" for 127.0.0.1 at 2018-10-09 17:46:44 +1100
Processing by Rails::InfoController#routes as HTML
  Rendering /Users/MikaMccarron/.rvm/gems/ruby-2.5.1/gems/railties-5.2.1/lib/rails/templates/rails/info/routes.html.erb within layouts/application
  Rendered collection of /Users/MikaMccarron/.rvm/gems/ruby-2.5.1/gems/actionpack-5.2.1/lib/action_dispatch/middleware/templates/routes/_route.html.erb [6 times] (2.8ms)
  Rendered /Users/MikaMccarron/.rvm/gems/ruby-2.5.1/gems/actionpack-5.2.1/lib/action_dispatch/middleware/templates/routes/_table.html.erb (21.5ms)
  Rendered /Users/MikaMccarron/.rvm/gems/ruby-2.5.1/gems/railties-5.2.1/lib/rails/templates/rails/info/routes.html.erb within layouts/application (35.2ms)
Completed 200 OK in 66ms (Views: 49.9ms | ActiveRecord: 0.0ms)


Started GET "/rails/info/routes" for 127.0.0.1 at 2018-10-09 17:47:42 +1100
Processing by Rails::InfoController#routes as HTML
  Rendering /Users/MikaMccarron/.rvm/gems/ruby-2.5.1/gems/railties-5.2.1/lib/rails/templates/rails/info/routes.html.erb within layouts/application
  Rendered collection of /Users/MikaMccarron/.rvm/gems/ruby-2.5.1/gems/actionpack-5.2.1/lib/action_dispatch/middleware/templates/routes/_route.html.erb [7 times] (4.7ms)
  Rendered /Users/MikaMccarron/.rvm/gems/ruby-2.5.1/gems/actionpack-5.2.1/lib/action_dispatch/middleware/templates/routes/_table.html.erb (1.1ms)
  Rendered /Users/MikaMccarron/.rvm/gems/ruby-2.5.1/gems/railties-5.2.1/lib/rails/templates/rails/info/routes.html.erb within layouts/application (16.2ms)
Completed 200 OK in 37ms (Views: 30.9ms | ActiveRecord: 0.0ms)


Started GET "/rails/info/routes" for 127.0.0.1 at 2018-10-09 17:47:47 +1100
Processing by Rails::InfoController#routes as HTML
  Rendering /Users/MikaMccarron/.rvm/gems/ruby-2.5.1/gems/railties-5.2.1/lib/rails/templates/rails/info/routes.html.erb within layouts/application
  Rendered collection of /Users/MikaMccarron/.rvm/gems/ruby-2.5.1/gems/actionpack-5.2.1/lib/action_dispatch/middleware/templates/routes/_route.html.erb [7 times] (19.4ms)
  Rendered /Users/MikaMccarron/.rvm/gems/ruby-2.5.1/gems/actionpack-5.2.1/lib/action_dispatch/middleware/templates/routes/_table.html.erb (1.8ms)
  Rendered /Users/MikaMccarron/.rvm/gems/ruby-2.5.1/gems/railties-5.2.1/lib/rails/templates/rails/info/routes.html.erb within layouts/application (50.2ms)
Completed 200 OK in 88ms (Views: 75.9ms | ActiveRecord: 0.0ms)


Started GET "/rails/info/routes" for 127.0.0.1 at 2018-10-09 17:47:53 +1100
Processing by Rails::InfoController#routes as HTML
  Rendering /Users/MikaMccarron/.rvm/gems/ruby-2.5.1/gems/railties-5.2.1/lib/rails/templates/rails/info/routes.html.erb within layouts/application
  Rendered collection of /Users/MikaMccarron/.rvm/gems/ruby-2.5.1/gems/actionpack-5.2.1/lib/action_dispatch/middleware/templates/routes/_route.html.erb [7 times] (5.2ms)
  Rendered /Users/MikaMccarron/.rvm/gems/ruby-2.5.1/gems/actionpack-5.2.1/lib/action_dispatch/middleware/templates/routes/_table.html.erb (1.9ms)
  Rendered /Users/MikaMccarron/.rvm/gems/ruby-2.5.1/gems/railties-5.2.1/lib/rails/templates/rails/info/routes.html.erb within layouts/application (36.5ms)
Completed 200 OK in 100ms (Views: 87.7ms | ActiveRecord: 0.0ms)


Started GET "/rails/info/routes" for 127.0.0.1 at 2018-10-09 17:48:02 +1100
Processing by Rails::InfoController#routes as HTML
  Rendering /Users/MikaMccarron/.rvm/gems/ruby-2.5.1/gems/railties-5.2.1/lib/rails/templates/rails/info/routes.html.erb within layouts/application
  Rendered collection of /Users/MikaMccarron/.rvm/gems/ruby-2.5.1/gems/actionpack-5.2.1/lib/action_dispatch/middleware/templates/routes/_route.html.erb [7 times] (26.5ms)
  Rendered /Users/MikaMccarron/.rvm/gems/ruby-2.5.1/gems/actionpack-5.2.1/lib/action_dispatch/middleware/templates/routes/_table.html.erb (5.2ms)
  Rendered /Users/MikaMccarron/.rvm/gems/ruby-2.5.1/gems/railties-5.2.1/lib/rails/templates/rails/info/routes.html.erb within layouts/application (98.9ms)
Completed 200 OK in 213ms (Views: 156.9ms | ActiveRecord: 0.0ms)


Started GET "/rails/info/routes" for 127.0.0.1 at 2018-10-09 17:48:31 +1100
Processing by Rails::InfoController#routes as HTML
  Rendering /Users/MikaMccarron/.rvm/gems/ruby-2.5.1/gems/railties-5.2.1/lib/rails/templates/rails/info/routes.html.erb within layouts/application
  Rendered collection of /Users/MikaMccarron/.rvm/gems/ruby-2.5.1/gems/actionpack-5.2.1/lib/action_dispatch/middleware/templates/routes/_route.html.erb [7 times] (5.5ms)
  Rendered /Users/MikaMccarron/.rvm/gems/ruby-2.5.1/gems/actionpack-5.2.1/lib/action_dispatch/middleware/templates/routes/_table.html.erb (12.5ms)
  Rendered /Users/MikaMccarron/.rvm/gems/ruby-2.5.1/gems/railties-5.2.1/lib/rails/templates/rails/info/routes.html.erb within layouts/application (67.0ms)
Completed 200 OK in 110ms (Views: 94.1ms | ActiveRecord: 0.0ms)


Started GET "/books" for 127.0.0.1 at 2018-10-09 17:50:34 +1100
Processing by BooksController#index as HTML
  Rendering books/index.html.erb within layouts/application
  [1m[36mBook Load (0.6ms)[0m  [1m[34mSELECT "books".* FROM "books"[0m
  ↳ app/views/books/index.html.erb:3
  Rendered books/index.html.erb within layouts/application (25.4ms)
Completed 500 Internal Server Error in 45ms (ActiveRecord: 2.1ms)


  
ActionView::Template::Error (undefined method `name' for #<Book:0x00007f99c0a07088>):
    3: <% @books.each do |book| %>
    4: <li>
    5:   <a href="<%= book_path(book.id) %>">
    6:     <%= book.name %>
    7:   </a>
    8: </li>
    9: <% end %>
  
app/views/books/index.html.erb:6:in `block in _app_views_books_index_html_erb__2344961940266214493_70149190726260'
app/views/books/index.html.erb:3:in `_app_views_books_index_html_erb__2344961940266214493_70149190726260'
Started GET "/books" for 127.0.0.1 at 2018-10-09 17:51:08 +1100
Processing by BooksController#index as HTML
  Rendering books/index.html.erb within layouts/application
  [1m[36mBook Load (0.3ms)[0m  [1m[34mSELECT "books".* FROM "books"[0m
  ↳ app/views/books/index.html.erb:3
  Rendered books/index.html.erb within layouts/application (2.6ms)
Completed 200 OK in 561ms (Views: 554.7ms | ActiveRecord: 0.3ms)


Started GET "/books/2" for 127.0.0.1 at 2018-10-09 17:54:45 +1100
Processing by BooksController#show as HTML
  Parameters: {"id"=>"2"}
  [1m[36mBook Load (0.6ms)[0m  [1m[34mSELECT  "books".* FROM "books" WHERE "books"."id" = ? LIMIT ?[0m  [["id", 2], ["LIMIT", 1]]
  ↳ app/controllers/books_controller.rb:14
  Rendering books/show.html.erb within layouts/application
  Rendered books/show.html.erb within layouts/application (0.6ms)
Completed 200 OK in 53ms (Views: 33.9ms | ActiveRecord: 1.4ms)


Started GET "/books/3" for 127.0.0.1 at 2018-10-09 17:54:49 +1100
Processing by BooksController#show as HTML
  Parameters: {"id"=>"3"}
  [1m[36mBook Load (0.3ms)[0m  [1m[34mSELECT  "books".* FROM "books" WHERE "books"."id" = ? LIMIT ?[0m  [["id", 3], ["LIMIT", 1]]
  ↳ app/controllers/books_controller.rb:14
  Rendering books/show.html.erb within layouts/application
  Rendered books/show.html.erb within layouts/application (0.9ms)
Completed 200 OK in 52ms (Views: 42.1ms | ActiveRecord: 0.3ms)


  [1m[36mBook Load (2.1ms)[0m  [1m[34mSELECT "books".* FROM "books"[0m
Started GET "/books" for 127.0.0.1 at 2018-10-09 17:57:58 +1100
Processing by BooksController#index as HTML
  Rendering books/index.html.erb within layouts/application
  [1m[36mBook Load (0.3ms)[0m  [1m[34mSELECT "books".* FROM "books"[0m
  ↳ app/views/books/index.html.erb:3
  Rendered books/index.html.erb within layouts/application (3.2ms)
Completed 200 OK in 63ms (Views: 50.7ms | ActiveRecord: 0.3ms)


Started GET "/books/1" for 127.0.0.1 at 2018-10-09 17:58:00 +1100
Processing by BooksController#show as HTML
  Parameters: {"id"=>"1"}
  [1m[36mBook Load (0.2ms)[0m  [1m[34mSELECT  "books".* FROM "books" WHERE "books"."id" = ? LIMIT ?[0m  [["id", 1], ["LIMIT", 1]]
  ↳ app/controllers/books_controller.rb:14
  Rendering books/show.html.erb within layouts/application
  Rendered books/show.html.erb within layouts/application (0.7ms)
Completed 200 OK in 54ms (Views: 42.0ms | ActiveRecord: 0.2ms)


Started GET "/books/1" for 127.0.0.1 at 2018-10-09 17:58:38 +1100
Processing by BooksController#show as HTML
  Parameters: {"id"=>"1"}
  [1m[36mBook Load (0.2ms)[0m  [1m[34mSELECT  "books".* FROM "books" WHERE "books"."id" = ? LIMIT ?[0m  [["id", 1], ["LIMIT", 1]]
  ↳ app/controllers/books_controller.rb:14
  Rendering books/show.html.erb within layouts/application
  Rendered books/show.html.erb within layouts/application (0.7ms)
Completed 200 OK in 51ms (Views: 42.8ms | ActiveRecord: 0.2ms)


Started GET "/rails/info/routes" for 127.0.0.1 at 2018-10-09 18:01:31 +1100
Processing by Rails::InfoController#routes as HTML
  Rendering /Users/MikaMccarron/.rvm/gems/ruby-2.5.1/gems/railties-5.2.1/lib/rails/templates/rails/info/routes.html.erb within layouts/application
  Rendered collection of /Users/MikaMccarron/.rvm/gems/ruby-2.5.1/gems/actionpack-5.2.1/lib/action_dispatch/middleware/templates/routes/_route.html.erb [8 times] (3.5ms)
  Rendered /Users/MikaMccarron/.rvm/gems/ruby-2.5.1/gems/actionpack-5.2.1/lib/action_dispatch/middleware/templates/routes/_table.html.erb (1.5ms)
  Rendered /Users/MikaMccarron/.rvm/gems/ruby-2.5.1/gems/railties-5.2.1/lib/rails/templates/rails/info/routes.html.erb within layouts/application (19.0ms)
Completed 200 OK in 116ms (Views: 41.7ms | ActiveRecord: 0.0ms)


  [1m[36mBook Load (1.1ms)[0m  [1m[34mSELECT "books".* FROM "books"[0m
Started GET "/books/1" for 127.0.0.1 at 2018-10-09 18:20:25 +1100
  [1m[35m (0.5ms)[0m  [1m[34mSELECT "schema_migrations"."version" FROM "schema_migrations" ORDER BY "schema_migrations"."version" ASC[0m
  ↳ /Users/MikaMccarron/.rvm/gems/ruby-2.5.1/gems/activerecord-5.2.1/lib/active_record/log_subscriber.rb:98
Processing by BooksController#show as HTML
  Parameters: {"id"=>"1"}
  [1m[36mBook Load (0.7ms)[0m  [1m[34mSELECT  "books".* FROM "books" WHERE "books"."id" = ? LIMIT ?[0m  [["id", 1], ["LIMIT", 1]]
  ↳ app/controllers/books_controller.rb:18
  Rendering books/show.html.erb within layouts/application
  Rendered books/show.html.erb within layouts/application (2.2ms)
Completed 200 OK in 419ms (Views: 329.5ms | ActiveRecord: 1.8ms)


Started GET "/books" for 127.0.0.1 at 2018-10-09 18:20:28 +1100
Processing by BooksController#index as HTML
  Rendering books/index.html.erb within layouts/application
  [1m[36mBook Load (0.2ms)[0m  [1m[34mSELECT "books".* FROM "books"[0m
  ↳ app/views/books/index.html.erb:3
  Rendered books/index.html.erb within layouts/application (2.1ms)
Completed 200 OK in 45ms (Views: 37.3ms | ActiveRecord: 0.2ms)


Started GET "/books/1" for 127.0.0.1 at 2018-10-09 18:20:29 +1100
Processing by BooksController#show as HTML
  Parameters: {"id"=>"1"}
  [1m[36mBook Load (0.3ms)[0m  [1m[34mSELECT  "books".* FROM "books" WHERE "books"."id" = ? LIMIT ?[0m  [["id", 1], ["LIMIT", 1]]
  ↳ app/controllers/books_controller.rb:18
  Rendering books/show.html.erb within layouts/application
  Rendered books/show.html.erb within layouts/application (4.1ms)
Completed 200 OK in 115ms (Views: 104.6ms | ActiveRecord: 0.3ms)


Started GET "/books/2" for 127.0.0.1 at 2018-10-09 18:20:32 +1100
Processing by BooksController#show as HTML
  Parameters: {"id"=>"2"}
  [1m[36mBook Load (0.2ms)[0m  [1m[34mSELECT  "books".* FROM "books" WHERE "books"."id" = ? LIMIT ?[0m  [["id", 2], ["LIMIT", 1]]
  ↳ app/controllers/books_controller.rb:18
  Rendering books/show.html.erb within layouts/application
  Rendered books/show.html.erb within layouts/application (0.6ms)
Completed 200 OK in 50ms (Views: 40.5ms | ActiveRecord: 0.2ms)


Started GET "/books" for 127.0.0.1 at 2018-10-09 18:41:33 +1100
Started GET "/books" for 127.0.0.1 at 2018-10-09 18:41:43 +1100
Started GET "/books" for 127.0.0.1 at 2018-10-09 18:41:43 +1100
Processing by BooksController#index as HTML
  Rendering books/index.html.erb within layouts/application
  [1m[36mBook Load (0.3ms)[0m  [1m[34mSELECT "books".* FROM "books"[0m
  ↳ app/views/books/index.html.erb:3
  Rendered books/index.html.erb within layouts/application (17.6ms)
Completed 200 OK in 72ms (Views: 63.4ms | ActiveRecord: 1.0ms)


Processing by BooksController#index as HTML
Processing by BooksController#index as HTML
  Rendering books/index.html.erb within layouts/application
  [1m[36mBook Load (0.3ms)[0m  [1m[34mSELECT "books".* FROM "books"[0m
  ↳ app/views/books/index.html.erb:3
  Rendered books/index.html.erb within layouts/application (21.3ms)
  Rendering books/index.html.erb within layouts/application
  [1m[36mBook Load (0.4ms)[0m  [1m[34mSELECT "books".* FROM "books"[0m
  ↳ app/views/books/index.html.erb:3
  Rendered books/index.html.erb within layouts/application (4.7ms)
Completed 200 OK in 153ms (Views: 141.1ms | ActiveRecord: 1.8ms)


Completed 200 OK in 244ms (Views: 225.0ms | ActiveRecord: 0.4ms)


Started GET "/books/3" for 127.0.0.1 at 2018-10-09 18:41:45 +1100
Processing by BooksController#show as HTML
  Parameters: {"id"=>"3"}
  [1m[36mBook Load (0.2ms)[0m  [1m[34mSELECT  "books".* FROM "books" WHERE "books"."id" = ? LIMIT ?[0m  [["id", 3], ["LIMIT", 1]]
  ↳ app/controllers/books_controller.rb:31
  Rendering books/show.html.erb within layouts/application
  Rendered books/show.html.erb within layouts/application (1.0ms)
Completed 200 OK in 47ms (Views: 39.9ms | ActiveRecord: 0.2ms)


Started GET "/books/new" for 127.0.0.1 at 2018-10-09 18:43:49 +1100
Processing by BooksController#new as HTML
  Rendering books/new.html.erb within layouts/application
  Rendered books/new.html.erb within layouts/application (413.8ms)
Completed 500 Internal Server Error in 435ms (ActiveRecord: 0.0ms)


  
ActionView::Template::Error (undefined local variable or method `planets_path' for #<#<Class:0x00007fb5ce5630e8>:0x00007fb5cf248c90>
Did you mean?  asset_path):
    13: 
    14: 
    15: 
    16: <!-- <form action="<%= planets_path %>" method="post"><br/>
    17: Name: <input type="text" name="name"><br/>
    18: Image URL: <input type="text" name="image"><br/>
    19: Orbit:<input type="text" name="orbit"><br/>
  
app/views/books/new.html.erb:16:in `_app_views_books_new_html_erb___1631969231812438501_70209420575000'
Started GET "/books/new" for 127.0.0.1 at 2018-10-09 18:44:18 +1100
Processing by BooksController#new as HTML
  Rendering books/new.html.erb within layouts/application
  Rendered books/new.html.erb within layouts/application (1.1ms)
Completed 200 OK in 90ms (Views: 82.8ms | ActiveRecord: 0.0ms)


Started POST "/books" for 127.0.0.1 at 2018-10-09 18:45:54 +1100
Processing by BooksController#create as HTML
  Parameters: {"title"=>"Yoga Book", "author"=>"SJ", "published_year"=>"2018", "image"=>"https://i0.wp.com/journeysofyoga.com/wp-content/uploads/2018/04/Best-Yoga-Books-1.jpg?resize=683%2C1024&ssl=1"}
Completed 500 Internal Server Error in 9ms (ActiveRecord: 0.0ms)


  
NameError (uninitialized constant BooksController::Books):
  
app/controllers/books_controller.rb:11:in `create'
Started GET "/books/new" for 127.0.0.1 at 2018-10-09 18:50:16 +1100
Processing by BooksController#new as HTML
  Rendering books/new.html.erb within layouts/application
  Rendered books/new.html.erb within layouts/application (0.6ms)
Completed 200 OK in 38ms (Views: 33.4ms | ActiveRecord: 0.0ms)


Started POST "/books" for 127.0.0.1 at 2018-10-09 18:50:34 +1100
Processing by BooksController#create as HTML
  Parameters: {"title"=>"Yoga Book", "author"=>"SJ", "published_year"=>"2018", "image"=>"https://i0.wp.com/journeysofyoga.com/wp-content/uploads/2018/04/Best-Yoga-Books-1.jpg?resize=683%2C1024&ssl=1"}
  [1m[35m (0.1ms)[0m  [1m[36mbegin transaction[0m
  ↳ app/controllers/books_controller.rb:11
  [1m[36mBook Create (1.8ms)[0m  [1m[32mINSERT INTO "books" ("title", "author", "published_year", "image", "created_at", "updated_at") VALUES (?, ?, ?, ?, ?, ?)[0m  [["title", "Yoga Book"], ["author", "SJ"], ["published_year", 2018], ["image", "https://i0.wp.com/journeysofyoga.com/wp-content/uploads/2018/04/Best-Yoga-Books-1.jpg?resize=683%2C1024&ssl=1"], ["created_at", "2018-10-09 07:50:34.910516"], ["updated_at", "2018-10-09 07:50:34.910516"]]
  ↳ app/controllers/books_controller.rb:11
  [1m[35m (1.4ms)[0m  [1m[36mcommit transaction[0m
  ↳ app/controllers/books_controller.rb:11
Completed 500 Internal Server Error in 263ms (ActiveRecord: 5.2ms)


  
NameError (undefined local variable or method `planets_path' for #<BooksController:0x00007fb5d1dee8e0>):
  
app/controllers/books_controller.rb:19:in `create'
Started GET "/books/new" for 127.0.0.1 at 2018-10-09 18:50:54 +1100
Processing by BooksController#new as HTML
  Rendering books/new.html.erb within layouts/application
  Rendered books/new.html.erb within layouts/application (0.9ms)
Completed 200 OK in 85ms (Views: 79.5ms | ActiveRecord: 0.0ms)


Started POST "/books" for 127.0.0.1 at 2018-10-09 18:51:03 +1100
Processing by BooksController#create as HTML
  Parameters: {"title"=>"Yoga Book", "author"=>"SJ", "published_year"=>"2018", "image"=>"https://upload.wikimedia.org/wikipedia/commons/thumb/c/c7/Saturn_during_Equinox.jpg/1200px-Saturn_during_Equinox.jpg"}
  [1m[35m (0.1ms)[0m  [1m[36mbegin transaction[0m
  ↳ app/controllers/books_controller.rb:11
  [1m[36mBook Create (1.0ms)[0m  [1m[32mINSERT INTO "books" ("title", "author", "published_year", "image", "created_at", "updated_at") VALUES (?, ?, ?, ?, ?, ?)[0m  [["title", "Yoga Book"], ["author", "SJ"], ["published_year", 2018], ["image", "https://upload.wikimedia.org/wikipedia/commons/thumb/c/c7/Saturn_during_Equinox.jpg/1200px-Saturn_during_Equinox.jpg"], ["created_at", "2018-10-09 07:51:03.269898"], ["updated_at", "2018-10-09 07:51:03.269898"]]
  ↳ app/controllers/books_controller.rb:11
  [1m[35m (4.1ms)[0m  [1m[36mcommit transaction[0m
  ↳ app/controllers/books_controller.rb:11
Redirected to http://localhost:3000/books
Completed 302 Found in 41ms (ActiveRecord: 6.6ms)


Started GET "/books" for 127.0.0.1 at 2018-10-09 18:51:03 +1100
Processing by BooksController#index as HTML
  Rendering books/index.html.erb within layouts/application
  [1m[36mBook Load (0.4ms)[0m  [1m[34mSELECT "books".* FROM "books"[0m
  ↳ app/views/books/index.html.erb:3
  Rendered books/index.html.erb within layouts/application (3.2ms)
Completed 200 OK in 108ms (Views: 93.7ms | ActiveRecord: 0.4ms)


Started GET "/planets/4/edit" for 127.0.0.1 at 2018-10-09 18:56:58 +1100
  
ActionController::RoutingError (No route matches [GET] "/planets/4/edit"):
  
actionpack (5.2.1) lib/action_dispatch/middleware/debug_exceptions.rb:65:in `call'
web-console (3.7.0) lib/web_console/middleware.rb:135:in `call_app'
web-console (3.7.0) lib/web_console/middleware.rb:30:in `block in call'
web-console (3.7.0) lib/web_console/middleware.rb:20:in `catch'
web-console (3.7.0) lib/web_console/middleware.rb:20:in `call'
actionpack (5.2.1) lib/action_dispatch/middleware/show_exceptions.rb:33:in `call'
railties (5.2.1) lib/rails/rack/logger.rb:38:in `call_app'
railties (5.2.1) lib/rails/rack/logger.rb:26:in `block in call'
activesupport (5.2.1) lib/active_support/tagged_logging.rb:71:in `block in tagged'
activesupport (5.2.1) lib/active_support/tagged_logging.rb:28:in `tagged'
activesupport (5.2.1) lib/active_support/tagged_logging.rb:71:in `tagged'
railties (5.2.1) lib/rails/rack/logger.rb:26:in `call'
sprockets-rails (3.2.1) lib/sprockets/rails/quiet_assets.rb:13:in `call'
actionpack (5.2.1) lib/action_dispatch/middleware/remote_ip.rb:81:in `call'
actionpack (5.2.1) lib/action_dispatch/middleware/request_id.rb:27:in `call'
rack (2.0.5) lib/rack/method_override.rb:22:in `call'
rack (2.0.5) lib/rack/runtime.rb:22:in `call'
activesupport (5.2.1) lib/active_support/cache/strategy/local_cache_middleware.rb:29:in `call'
actionpack (5.2.1) lib/action_dispatch/middleware/executor.rb:14:in `call'
actionpack (5.2.1) lib/action_dispatch/middleware/static.rb:127:in `call'
rack (2.0.5) lib/rack/sendfile.rb:111:in `call'
railties (5.2.1) lib/rails/engine.rb:524:in `call'
puma (3.12.0) lib/puma/configuration.rb:225:in `call'
puma (3.12.0) lib/puma/server.rb:658:in `handle_request'
puma (3.12.0) lib/puma/server.rb:472:in `process_client'
puma (3.12.0) lib/puma/server.rb:332:in `block in run'
puma (3.12.0) lib/puma/thread_pool.rb:133:in `block in spawn_thread'
Started GET "/books/4" for 127.0.0.1 at 2018-10-09 19:02:51 +1100
Processing by BooksController#show as HTML
  Parameters: {"id"=>"4"}
  [1m[36mBook Load (0.3ms)[0m  [1m[34mSELECT  "books".* FROM "books" WHERE "books"."id" = ? LIMIT ?[0m  [["id", 4], ["LIMIT", 1]]
  ↳ app/controllers/books_controller.rb:31
  Rendering books/show.html.erb within layouts/application
  Rendered books/show.html.erb within layouts/application (0.7ms)
Completed 200 OK in 61ms (Views: 40.8ms | ActiveRecord: 1.5ms)


Started GET "/books/6" for 127.0.0.1 at 2018-10-09 19:02:58 +1100
Processing by BooksController#show as HTML
  Parameters: {"id"=>"6"}
  [1m[36mBook Load (0.3ms)[0m  [1m[34mSELECT  "books".* FROM "books" WHERE "books"."id" = ? LIMIT ?[0m  [["id", 6], ["LIMIT", 1]]
  ↳ app/controllers/books_controller.rb:31
  Rendering books/show.html.erb within layouts/application
  Rendered books/show.html.erb within layouts/application (0.6ms)
Completed 200 OK in 67ms (Views: 47.5ms | ActiveRecord: 0.3ms)


Started GET "/books/6/edit" for 127.0.0.1 at 2018-10-09 19:03:04 +1100
Processing by BooksController#edit as HTML
  Parameters: {"id"=>"6"}
  [1m[36mBook Load (0.2ms)[0m  [1m[34mSELECT  "books".* FROM "books" WHERE "books"."id" = ? LIMIT ?[0m  [["id", 6], ["LIMIT", 1]]
  ↳ app/controllers/books_controller.rb:36
  Rendering books/edit.html.erb within layouts/application
  Rendered books/edit.html.erb within layouts/application (13.8ms)
Completed 500 Internal Server Error in 51ms (ActiveRecord: 0.2ms)


  
ActionView::Template::Error (undefined method `published_year' for nil:NilClass):
    3: <form action="<%= book_path(@book.id) %>" method="post"><br/>
    4: Title: <input type="text" name="title" value="<%= @book.title %>"><br/>
    5: Author: <input type="text" name="author" value="<%= @book.author %>"><br/>
    6: Published Year:<input type="text" name="published_year" value="<%= @planet.published_year%>"><br/>
    7: Image:<input type="text" name="image" value="<%= @planet.image %>"><br/>
    8: <br>
    9: <input type="submit" value="Update">
  
app/views/books/edit.html.erb:6:in `_app_views_books_edit_html_erb___1551664543828631762_70209410687480'
Started GET "/books/6/edit" for 127.0.0.1 at 2018-10-09 19:03:38 +1100
Processing by BooksController#edit as HTML
  Parameters: {"id"=>"6"}
  [1m[36mBook Load (0.2ms)[0m  [1m[34mSELECT  "books".* FROM "books" WHERE "books"."id" = ? LIMIT ?[0m  [["id", 6], ["LIMIT", 1]]
  ↳ app/controllers/books_controller.rb:36
  Rendering books/edit.html.erb within layouts/application
  Rendered books/edit.html.erb within layouts/application (1.2ms)
Completed 200 OK in 75ms (Views: 66.6ms | ActiveRecord: 0.2ms)


Started POST "/books/6" for 127.0.0.1 at 2018-10-09 19:09:44 +1100
  
ActionController::RoutingError (No route matches [POST] "/books/6"):
  
actionpack (5.2.1) lib/action_dispatch/middleware/debug_exceptions.rb:65:in `call'
web-console (3.7.0) lib/web_console/middleware.rb:135:in `call_app'
web-console (3.7.0) lib/web_console/middleware.rb:30:in `block in call'
web-console (3.7.0) lib/web_console/middleware.rb:20:in `catch'
web-console (3.7.0) lib/web_console/middleware.rb:20:in `call'
actionpack (5.2.1) lib/action_dispatch/middleware/show_exceptions.rb:33:in `call'
railties (5.2.1) lib/rails/rack/logger.rb:38:in `call_app'
railties (5.2.1) lib/rails/rack/logger.rb:26:in `block in call'
activesupport (5.2.1) lib/active_support/tagged_logging.rb:71:in `block in tagged'
activesupport (5.2.1) lib/active_support/tagged_logging.rb:28:in `tagged'
activesupport (5.2.1) lib/active_support/tagged_logging.rb:71:in `tagged'
railties (5.2.1) lib/rails/rack/logger.rb:26:in `call'
sprockets-rails (3.2.1) lib/sprockets/rails/quiet_assets.rb:13:in `call'
actionpack (5.2.1) lib/action_dispatch/middleware/remote_ip.rb:81:in `call'
actionpack (5.2.1) lib/action_dispatch/middleware/request_id.rb:27:in `call'
rack (2.0.5) lib/rack/method_override.rb:22:in `call'
rack (2.0.5) lib/rack/runtime.rb:22:in `call'
activesupport (5.2.1) lib/active_support/cache/strategy/local_cache_middleware.rb:29:in `call'
actionpack (5.2.1) lib/action_dispatch/middleware/executor.rb:14:in `call'
actionpack (5.2.1) lib/action_dispatch/middleware/static.rb:127:in `call'
rack (2.0.5) lib/rack/sendfile.rb:111:in `call'
railties (5.2.1) lib/rails/engine.rb:524:in `call'
puma (3.12.0) lib/puma/configuration.rb:225:in `call'
puma (3.12.0) lib/puma/server.rb:658:in `handle_request'
puma (3.12.0) lib/puma/server.rb:472:in `process_client'
puma (3.12.0) lib/puma/server.rb:332:in `block in run'
puma (3.12.0) lib/puma/thread_pool.rb:133:in `block in spawn_thread'
Started POST "/books/6" for 127.0.0.1 at 2018-10-09 19:09:45 +1100
  
ActionController::RoutingError (No route matches [POST] "/books/6"):
  
actionpack (5.2.1) lib/action_dispatch/middleware/debug_exceptions.rb:65:in `call'
web-console (3.7.0) lib/web_console/middleware.rb:135:in `call_app'
web-console (3.7.0) lib/web_console/middleware.rb:30:in `block in call'
web-console (3.7.0) lib/web_console/middleware.rb:20:in `catch'
web-console (3.7.0) lib/web_console/middleware.rb:20:in `call'
actionpack (5.2.1) lib/action_dispatch/middleware/show_exceptions.rb:33:in `call'
railties (5.2.1) lib/rails/rack/logger.rb:38:in `call_app'
railties (5.2.1) lib/rails/rack/logger.rb:26:in `block in call'
activesupport (5.2.1) lib/active_support/tagged_logging.rb:71:in `block in tagged'
activesupport (5.2.1) lib/active_support/tagged_logging.rb:28:in `tagged'
activesupport (5.2.1) lib/active_support/tagged_logging.rb:71:in `tagged'
railties (5.2.1) lib/rails/rack/logger.rb:26:in `call'
sprockets-rails (3.2.1) lib/sprockets/rails/quiet_assets.rb:13:in `call'
actionpack (5.2.1) lib/action_dispatch/middleware/remote_ip.rb:81:in `call'
actionpack (5.2.1) lib/action_dispatch/middleware/request_id.rb:27:in `call'
rack (2.0.5) lib/rack/method_override.rb:22:in `call'
rack (2.0.5) lib/rack/runtime.rb:22:in `call'
activesupport (5.2.1) lib/active_support/cache/strategy/local_cache_middleware.rb:29:in `call'
actionpack (5.2.1) lib/action_dispatch/middleware/executor.rb:14:in `call'
actionpack (5.2.1) lib/action_dispatch/middleware/static.rb:127:in `call'
rack (2.0.5) lib/rack/sendfile.rb:111:in `call'
railties (5.2.1) lib/rails/engine.rb:524:in `call'
puma (3.12.0) lib/puma/configuration.rb:225:in `call'
puma (3.12.0) lib/puma/server.rb:658:in `handle_request'
puma (3.12.0) lib/puma/server.rb:472:in `process_client'
puma (3.12.0) lib/puma/server.rb:332:in `block in run'
puma (3.12.0) lib/puma/thread_pool.rb:133:in `block in spawn_thread'
Started POST "/books/6" for 127.0.0.1 at 2018-10-09 19:11:18 +1100
Processing by BooksController#update as HTML
  Parameters: {"title"=>"Yogini", "author"=>"Vicky ", "published_year"=>"2000", "image"=>"https://upload.wikimedia.org/wikipedia/commons/thumb/c/c7/Saturn_during_Equinox.jpg/1200px-Saturn_during_Equinox.jpg", "id"=>"6"}
  [1m[36mBook Load (0.2ms)[0m  [1m[34mSELECT  "books".* FROM "books" WHERE "books"."id" = ? LIMIT ?[0m  [["id", 6], ["LIMIT", 1]]
  ↳ app/controllers/books_controller.rb:40
  [1m[35m (0.1ms)[0m  [1m[36mbegin transaction[0m
  ↳ app/controllers/books_controller.rb:41
  [1m[36mBook Update (0.6ms)[0m  [1m[33mUPDATE "books" SET "title" = ?, "author" = ?, "published_year" = ?, "updated_at" = ? WHERE "books"."id" = ?[0m  [["title", "Yogini"], ["author", "Vicky "], ["published_year", 2000], ["updated_at", "2018-10-09 08:11:19.031092"], ["id", 6]]
  ↳ app/controllers/books_controller.rb:41
  [1m[35m (2.0ms)[0m  [1m[36mcommit transaction[0m
  ↳ app/controllers/books_controller.rb:41
Completed 500 Internal Server Error in 324ms (ActiveRecord: 4.3ms)


  
NameError (undefined local variable or method `planet' for #<BooksController:0x00007fb5ce4f1c68>):
  
app/controllers/books_controller.rb:48:in `update'
Started GET "/books/6/edit" for 127.0.0.1 at 2018-10-09 19:11:22 +1100
Processing by BooksController#edit as HTML
  Parameters: {"id"=>"6"}
  [1m[36mBook Load (0.4ms)[0m  [1m[34mSELECT  "books".* FROM "books" WHERE "books"."id" = ? LIMIT ?[0m  [["id", 6], ["LIMIT", 1]]
  ↳ app/controllers/books_controller.rb:36
  Rendering books/edit.html.erb within layouts/application
  Rendered books/edit.html.erb within layouts/application (1.0ms)
Completed 200 OK in 71ms (Views: 39.9ms | ActiveRecord: 0.4ms)


Started POST "/books/6" for 127.0.0.1 at 2018-10-09 19:11:40 +1100
Processing by BooksController#update as HTML
  Parameters: {"title"=>"Yogini", "author"=>"Sonia", "published_year"=>"2000", "image"=>"https://upload.wikimedia.org/wikipedia/commons/thumb/c/c7/Saturn_during_Equinox.jpg/1200px-Saturn_during_Equinox.jpg", "id"=>"6"}
  [1m[36mBook Load (0.5ms)[0m  [1m[34mSELECT  "books".* FROM "books" WHERE "books"."id" = ? LIMIT ?[0m  [["id", 6], ["LIMIT", 1]]
  ↳ app/controllers/books_controller.rb:40
  [1m[35m (0.1ms)[0m  [1m[36mbegin transaction[0m
  ↳ app/controllers/books_controller.rb:41
  [1m[36mBook Update (0.9ms)[0m  [1m[33mUPDATE "books" SET "author" = ?, "updated_at" = ? WHERE "books"."id" = ?[0m  [["author", "Sonia"], ["updated_at", "2018-10-09 08:11:40.599732"], ["id", 6]]
  ↳ app/controllers/books_controller.rb:41
  [1m[35m (2.5ms)[0m  [1m[36mcommit transaction[0m
  ↳ app/controllers/books_controller.rb:41
Completed 500 Internal Server Error in 255ms (ActiveRecord: 4.0ms)


  
NameError (undefined local variable or method `planet' for #<BooksController:0x00007fb5d1f71640>):
  
app/controllers/books_controller.rb:48:in `update'
Started POST "/books/6" for 127.0.0.1 at 2018-10-09 19:12:38 +1100
Processing by BooksController#update as HTML
  Parameters: {"title"=>"Yogini", "author"=>"Eva", "published_year"=>"2000", "image"=>"https://upload.wikimedia.org/wikipedia/commons/thumb/c/c7/Saturn_during_Equinox.jpg/1200px-Saturn_during_Equinox.jpg", "id"=>"6"}
  [1m[36mBook Load (0.3ms)[0m  [1m[34mSELECT  "books".* FROM "books" WHERE "books"."id" = ? LIMIT ?[0m  [["id", 6], ["LIMIT", 1]]
  ↳ app/controllers/books_controller.rb:40
  [1m[35m (0.1ms)[0m  [1m[36mbegin transaction[0m
  ↳ app/controllers/books_controller.rb:41
  [1m[36mBook Update (0.6ms)[0m  [1m[33mUPDATE "books" SET "author" = ?, "updated_at" = ? WHERE "books"."id" = ?[0m  [["author", "Eva"], ["updated_at", "2018-10-09 08:12:38.551358"], ["id", 6]]
  ↳ app/controllers/books_controller.rb:41
  [1m[35m (1.1ms)[0m  [1m[36mcommit transaction[0m
  ↳ app/controllers/books_controller.rb:41
Redirected to http://localhost:3000/books/6
Completed 302 Found in 21ms (ActiveRecord: 3.7ms)


Started GET "/books/6" for 127.0.0.1 at 2018-10-09 19:12:38 +1100
Processing by BooksController#show as HTML
  Parameters: {"id"=>"6"}
  [1m[36mBook Load (0.6ms)[0m  [1m[34mSELECT  "books".* FROM "books" WHERE "books"."id" = ? LIMIT ?[0m  [["id", 6], ["LIMIT", 1]]
  ↳ app/controllers/books_controller.rb:31
  Rendering books/show.html.erb within layouts/application
  Rendered books/show.html.erb within layouts/application (0.6ms)
Completed 200 OK in 48ms (Views: 38.8ms | ActiveRecord: 0.6ms)


Started GET "/books" for 127.0.0.1 at 2018-10-09 19:15:20 +1100
Processing by BooksController#index as HTML
  Rendering books/index.html.erb within layouts/application
  [1m[36mBook Load (0.6ms)[0m  [1m[34mSELECT "books".* FROM "books"[0m
  ↳ app/views/books/index.html.erb:3
  Rendered books/index.html.erb within layouts/application (4.5ms)
Completed 200 OK in 52ms (Views: 44.0ms | ActiveRecord: 0.6ms)


Started GET "/books/1" for 127.0.0.1 at 2018-10-09 19:17:00 +1100
Processing by BooksController#show as HTML
  Parameters: {"id"=>"1"}
  [1m[36mBook Load (0.9ms)[0m  [1m[34mSELECT  "books".* FROM "books" WHERE "books"."id" = ? LIMIT ?[0m  [["id", 1], ["LIMIT", 1]]
  ↳ app/controllers/books_controller.rb:31
  Rendering books/show.html.erb within layouts/application
  Rendered books/show.html.erb within layouts/application (0.4ms)
Completed 200 OK in 49ms (Views: 40.8ms | ActiveRecord: 0.9ms)


Started GET "/planets" for 127.0.0.1 at 2018-10-09 19:18:43 +1100
  
ActionController::RoutingError (No route matches [GET] "/planets"):
  
actionpack (5.2.1) lib/action_dispatch/middleware/debug_exceptions.rb:65:in `call'
web-console (3.7.0) lib/web_console/middleware.rb:135:in `call_app'
web-console (3.7.0) lib/web_console/middleware.rb:30:in `block in call'
web-console (3.7.0) lib/web_console/middleware.rb:20:in `catch'
web-console (3.7.0) lib/web_console/middleware.rb:20:in `call'
actionpack (5.2.1) lib/action_dispatch/middleware/show_exceptions.rb:33:in `call'
railties (5.2.1) lib/rails/rack/logger.rb:38:in `call_app'
railties (5.2.1) lib/rails/rack/logger.rb:26:in `block in call'
activesupport (5.2.1) lib/active_support/tagged_logging.rb:71:in `block in tagged'
activesupport (5.2.1) lib/active_support/tagged_logging.rb:28:in `tagged'
activesupport (5.2.1) lib/active_support/tagged_logging.rb:71:in `tagged'
railties (5.2.1) lib/rails/rack/logger.rb:26:in `call'
sprockets-rails (3.2.1) lib/sprockets/rails/quiet_assets.rb:13:in `call'
actionpack (5.2.1) lib/action_dispatch/middleware/remote_ip.rb:81:in `call'
actionpack (5.2.1) lib/action_dispatch/middleware/request_id.rb:27:in `call'
rack (2.0.5) lib/rack/method_override.rb:22:in `call'
rack (2.0.5) lib/rack/runtime.rb:22:in `call'
activesupport (5.2.1) lib/active_support/cache/strategy/local_cache_middleware.rb:29:in `call'
actionpack (5.2.1) lib/action_dispatch/middleware/executor.rb:14:in `call'
actionpack (5.2.1) lib/action_dispatch/middleware/static.rb:127:in `call'
rack (2.0.5) lib/rack/sendfile.rb:111:in `call'
railties (5.2.1) lib/rails/engine.rb:524:in `call'
puma (3.12.0) lib/puma/configuration.rb:225:in `call'
puma (3.12.0) lib/puma/server.rb:658:in `handle_request'
puma (3.12.0) lib/puma/server.rb:472:in `process_client'
puma (3.12.0) lib/puma/server.rb:332:in `block in run'
puma (3.12.0) lib/puma/thread_pool.rb:133:in `block in spawn_thread'
Started GET "/planets/new" for 127.0.0.1 at 2018-10-09 19:18:55 +1100
  
ActionController::RoutingError (No route matches [GET] "/planets/new"):
  
actionpack (5.2.1) lib/action_dispatch/middleware/debug_exceptions.rb:65:in `call'
web-console (3.7.0) lib/web_console/middleware.rb:135:in `call_app'
web-console (3.7.0) lib/web_console/middleware.rb:30:in `block in call'
web-console (3.7.0) lib/web_console/middleware.rb:20:in `catch'
web-console (3.7.0) lib/web_console/middleware.rb:20:in `call'
actionpack (5.2.1) lib/action_dispatch/middleware/show_exceptions.rb:33:in `call'
railties (5.2.1) lib/rails/rack/logger.rb:38:in `call_app'
railties (5.2.1) lib/rails/rack/logger.rb:26:in `block in call'
activesupport (5.2.1) lib/active_support/tagged_logging.rb:71:in `block in tagged'
activesupport (5.2.1) lib/active_support/tagged_logging.rb:28:in `tagged'
activesupport (5.2.1) lib/active_support/tagged_logging.rb:71:in `tagged'
railties (5.2.1) lib/rails/rack/logger.rb:26:in `call'
sprockets-rails (3.2.1) lib/sprockets/rails/quiet_assets.rb:13:in `call'
actionpack (5.2.1) lib/action_dispatch/middleware/remote_ip.rb:81:in `call'
actionpack (5.2.1) lib/action_dispatch/middleware/request_id.rb:27:in `call'
rack (2.0.5) lib/rack/method_override.rb:22:in `call'
rack (2.0.5) lib/rack/runtime.rb:22:in `call'
activesupport (5.2.1) lib/active_support/cache/strategy/local_cache_middleware.rb:29:in `call'
actionpack (5.2.1) lib/action_dispatch/middleware/executor.rb:14:in `call'
actionpack (5.2.1) lib/action_dispatch/middleware/static.rb:127:in `call'
rack (2.0.5) lib/rack/sendfile.rb:111:in `call'
railties (5.2.1) lib/rails/engine.rb:524:in `call'
puma (3.12.0) lib/puma/configuration.rb:225:in `call'
puma (3.12.0) lib/puma/server.rb:658:in `handle_request'
puma (3.12.0) lib/puma/server.rb:472:in `process_client'
puma (3.12.0) lib/puma/server.rb:332:in `block in run'
puma (3.12.0) lib/puma/thread_pool.rb:133:in `block in spawn_thread'
Started GET "/books/1" for 127.0.0.1 at 2018-10-09 19:25:34 +1100
Processing by BooksController#show as HTML
  Parameters: {"id"=>"1"}
  [1m[36mBook Load (0.4ms)[0m  [1m[34mSELECT  "books".* FROM "books" WHERE "books"."id" = ? LIMIT ?[0m  [["id", 1], ["LIMIT", 1]]
  ↳ app/controllers/books_controller.rb:31
  Rendering books/show.html.erb within layouts/application
  Rendered books/show.html.erb within layouts/application (0.7ms)
Completed 200 OK in 59ms (Views: 48.7ms | ActiveRecord: 0.4ms)


Started GET "/books/1" for 127.0.0.1 at 2018-10-09 19:25:41 +1100
Processing by BooksController#show as HTML
  Parameters: {"id"=>"1"}
  [1m[36mBook Load (0.3ms)[0m  [1m[34mSELECT  "books".* FROM "books" WHERE "books"."id" = ? LIMIT ?[0m  [["id", 1], ["LIMIT", 1]]
  ↳ app/controllers/books_controller.rb:31
  Rendering books/show.html.erb within layouts/application
  Rendered books/show.html.erb within layouts/application (0.7ms)
Completed 200 OK in 63ms (Views: 52.4ms | ActiveRecord: 0.3ms)


Started GET "/books/new" for 127.0.0.1 at 2018-10-09 19:25:54 +1100
Processing by BooksController#new as HTML
  Rendering books/new.html.erb within layouts/application
  Rendered books/new.html.erb within layouts/application (0.9ms)
Completed 200 OK in 61ms (Views: 53.5ms | ActiveRecord: 0.0ms)


Started GET "/books" for 127.0.0.1 at 2018-10-09 19:27:24 +1100
Processing by BooksController#index as HTML
  Rendering books/index.html.erb within layouts/application
  [1m[36mBook Load (0.2ms)[0m  [1m[34mSELECT "books".* FROM "books"[0m
  ↳ app/views/books/index.html.erb:3
  Rendered books/index.html.erb within layouts/application (3.4ms)
Completed 200 OK in 47ms (Views: 40.7ms | ActiveRecord: 0.2ms)


Started GET "/books/1" for 127.0.0.1 at 2018-10-09 19:27:39 +1100
Processing by BooksController#show as HTML
  Parameters: {"id"=>"1"}
  [1m[36mBook Load (0.3ms)[0m  [1m[34mSELECT  "books".* FROM "books" WHERE "books"."id" = ? LIMIT ?[0m  [["id", 1], ["LIMIT", 1]]
  ↳ app/controllers/books_controller.rb:31
  Rendering books/show.html.erb within layouts/application
  Rendered books/show.html.erb within layouts/application (0.7ms)
Completed 200 OK in 63ms (Views: 44.7ms | ActiveRecord: 0.3ms)


Started GET "/books/new" for 127.0.0.1 at 2018-10-09 19:27:50 +1100
Processing by BooksController#new as HTML
  Rendering books/new.html.erb within layouts/application
  Rendered books/new.html.erb within layouts/application (0.8ms)
Completed 200 OK in 65ms (Views: 56.0ms | ActiveRecord: 0.0ms)


Started GET "/books/1/edit" for 127.0.0.1 at 2018-10-09 19:30:09 +1100
Processing by BooksController#edit as HTML
  Parameters: {"id"=>"1"}
  [1m[36mBook Load (0.4ms)[0m  [1m[34mSELECT  "books".* FROM "books" WHERE "books"."id" = ? LIMIT ?[0m  [["id", 1], ["LIMIT", 1]]
  ↳ app/controllers/books_controller.rb:36
  Rendering books/edit.html.erb within layouts/application
  Rendered books/edit.html.erb within layouts/application (0.7ms)
Completed 200 OK in 56ms (Views: 49.2ms | ActiveRecord: 0.4ms)


Started GET "/books/5/edit" for 127.0.0.1 at 2018-10-09 19:36:09 +1100
Processing by BooksController#edit as HTML
  Parameters: {"id"=>"5"}
  [1m[36mBook Load (0.4ms)[0m  [1m[34mSELECT  "books".* FROM "books" WHERE "books"."id" = ? LIMIT ?[0m  [["id", 5], ["LIMIT", 1]]
  ↳ app/controllers/books_controller.rb:36
  Rendering books/edit.html.erb within layouts/application
  Rendered books/edit.html.erb within layouts/application (0.7ms)
Completed 200 OK in 58ms (Views: 49.9ms | ActiveRecord: 0.4ms)


Started POST "/books/5" for 127.0.0.1 at 2018-10-09 19:36:40 +1100
Processing by BooksController#update as HTML
  Parameters: {"title"=>"Apple Trade", "author"=>"SJ", "published_year"=>"2018", "image"=>"https://i0.wp.com/journeysofyoga.com/wp-content/uploads/2018/04/Best-Yoga-Books-1.jpg?resize=683%2C1024&ssl=1", "id"=>"5"}
  [1m[36mBook Load (0.5ms)[0m  [1m[34mSELECT  "books".* FROM "books" WHERE "books"."id" = ? LIMIT ?[0m  [["id", 5], ["LIMIT", 1]]
  ↳ app/controllers/books_controller.rb:40
  [1m[35m (0.1ms)[0m  [1m[36mbegin transaction[0m
  ↳ app/controllers/books_controller.rb:41
  [1m[36mBook Update (1.7ms)[0m  [1m[33mUPDATE "books" SET "title" = ?, "updated_at" = ? WHERE "books"."id" = ?[0m  [["title", "Apple Trade"], ["updated_at", "2018-10-09 08:36:40.910244"], ["id", 5]]
  ↳ app/controllers/books_controller.rb:41
  [1m[35m (3.0ms)[0m  [1m[36mcommit transaction[0m
  ↳ app/controllers/books_controller.rb:41
Redirected to http://localhost:3000/books/5
Completed 302 Found in 17ms (ActiveRecord: 5.3ms)


Started GET "/books/5" for 127.0.0.1 at 2018-10-09 19:36:40 +1100
Processing by BooksController#show as HTML
  Parameters: {"id"=>"5"}
  [1m[36mBook Load (0.4ms)[0m  [1m[34mSELECT  "books".* FROM "books" WHERE "books"."id" = ? LIMIT ?[0m  [["id", 5], ["LIMIT", 1]]
  ↳ app/controllers/books_controller.rb:31
  Rendering books/show.html.erb within layouts/application
  Rendered books/show.html.erb within layouts/application (0.8ms)
Completed 200 OK in 40ms (Views: 32.9ms | ActiveRecord: 0.4ms)


Started GET "/books" for 127.0.0.1 at 2018-10-09 19:37:09 +1100
Processing by BooksController#index as HTML
  Rendering books/index.html.erb within layouts/application
  [1m[36mBook Load (0.3ms)[0m  [1m[34mSELECT "books".* FROM "books"[0m
  ↳ app/views/books/index.html.erb:3
  Rendered books/index.html.erb within layouts/application (2.6ms)
Completed 200 OK in 63ms (Views: 48.6ms | ActiveRecord: 0.3ms)


Started GET "/books/6" for 127.0.0.1 at 2018-10-09 19:37:11 +1100
Processing by BooksController#show as HTML
  Parameters: {"id"=>"6"}
  [1m[36mBook Load (0.3ms)[0m  [1m[34mSELECT  "books".* FROM "books" WHERE "books"."id" = ? LIMIT ?[0m  [["id", 6], ["LIMIT", 1]]
  ↳ app/controllers/books_controller.rb:31
  Rendering books/show.html.erb within layouts/application
  Rendered books/show.html.erb within layouts/application (1.0ms)
Completed 200 OK in 44ms (Views: 36.6ms | ActiveRecord: 0.3ms)


Started GET "/books/6/delete" for 127.0.0.1 at 2018-10-09 19:37:51 +1100
  
AbstractController::ActionNotFound (The action 'destroy' could not be found for BooksController):
  
actionpack (5.2.1) lib/abstract_controller/base.rb:129:in `process'
actionview (5.2.1) lib/action_view/rendering.rb:32:in `process'
actionpack (5.2.1) lib/action_controller/metal.rb:191:in `dispatch'
actionpack (5.2.1) lib/action_controller/metal.rb:252:in `dispatch'
actionpack (5.2.1) lib/action_dispatch/routing/route_set.rb:52:in `dispatch'
actionpack (5.2.1) lib/action_dispatch/routing/route_set.rb:34:in `serve'
actionpack (5.2.1) lib/action_dispatch/journey/router.rb:52:in `block in serve'
actionpack (5.2.1) lib/action_dispatch/journey/router.rb:35:in `each'
actionpack (5.2.1) lib/action_dispatch/journey/router.rb:35:in `serve'
actionpack (5.2.1) lib/action_dispatch/routing/route_set.rb:840:in `call'
rack (2.0.5) lib/rack/tempfile_reaper.rb:15:in `call'
rack (2.0.5) lib/rack/etag.rb:25:in `call'
rack (2.0.5) lib/rack/conditional_get.rb:25:in `call'
rack (2.0.5) lib/rack/head.rb:12:in `call'
actionpack (5.2.1) lib/action_dispatch/http/content_security_policy.rb:18:in `call'
rack (2.0.5) lib/rack/session/abstract/id.rb:232:in `context'
rack (2.0.5) lib/rack/session/abstract/id.rb:226:in `call'
actionpack (5.2.1) lib/action_dispatch/middleware/cookies.rb:670:in `call'
activerecord (5.2.1) lib/active_record/migration.rb:559:in `call'
actionpack (5.2.1) lib/action_dispatch/middleware/callbacks.rb:28:in `block in call'
activesupport (5.2.1) lib/active_support/callbacks.rb:98:in `run_callbacks'
actionpack (5.2.1) lib/action_dispatch/middleware/callbacks.rb:26:in `call'
actionpack (5.2.1) lib/action_dispatch/middleware/executor.rb:14:in `call'
actionpack (5.2.1) lib/action_dispatch/middleware/debug_exceptions.rb:61:in `call'
web-console (3.7.0) lib/web_console/middleware.rb:135:in `call_app'
web-console (3.7.0) lib/web_console/middleware.rb:30:in `block in call'
web-console (3.7.0) lib/web_console/middleware.rb:20:in `catch'
web-console (3.7.0) lib/web_console/middleware.rb:20:in `call'
actionpack (5.2.1) lib/action_dispatch/middleware/show_exceptions.rb:33:in `call'
railties (5.2.1) lib/rails/rack/logger.rb:38:in `call_app'
railties (5.2.1) lib/rails/rack/logger.rb:26:in `block in call'
activesupport (5.2.1) lib/active_support/tagged_logging.rb:71:in `block in tagged'
activesupport (5.2.1) lib/active_support/tagged_logging.rb:28:in `tagged'
activesupport (5.2.1) lib/active_support/tagged_logging.rb:71:in `tagged'
railties (5.2.1) lib/rails/rack/logger.rb:26:in `call'
sprockets-rails (3.2.1) lib/sprockets/rails/quiet_assets.rb:13:in `call'
actionpack (5.2.1) lib/action_dispatch/middleware/remote_ip.rb:81:in `call'
actionpack (5.2.1) lib/action_dispatch/middleware/request_id.rb:27:in `call'
rack (2.0.5) lib/rack/method_override.rb:22:in `call'
rack (2.0.5) lib/rack/runtime.rb:22:in `call'
activesupport (5.2.1) lib/active_support/cache/strategy/local_cache_middleware.rb:29:in `call'
actionpack (5.2.1) lib/action_dispatch/middleware/executor.rb:14:in `call'
actionpack (5.2.1) lib/action_dispatch/middleware/static.rb:127:in `call'
rack (2.0.5) lib/rack/sendfile.rb:111:in `call'
railties (5.2.1) lib/rails/engine.rb:524:in `call'
puma (3.12.0) lib/puma/configuration.rb:225:in `call'
puma (3.12.0) lib/puma/server.rb:658:in `handle_request'
puma (3.12.0) lib/puma/server.rb:472:in `process_client'
puma (3.12.0) lib/puma/server.rb:332:in `block in run'
puma (3.12.0) lib/puma/thread_pool.rb:133:in `block in spawn_thread'
Started GET "/books/6/delete" for 127.0.0.1 at 2018-10-09 19:41:16 +1100
  
AbstractController::ActionNotFound (The action 'destroy' could not be found for BooksController):
  
actionpack (5.2.1) lib/abstract_controller/base.rb:129:in `process'
actionview (5.2.1) lib/action_view/rendering.rb:32:in `process'
actionpack (5.2.1) lib/action_controller/metal.rb:191:in `dispatch'
actionpack (5.2.1) lib/action_controller/metal.rb:252:in `dispatch'
actionpack (5.2.1) lib/action_dispatch/routing/route_set.rb:52:in `dispatch'
actionpack (5.2.1) lib/action_dispatch/routing/route_set.rb:34:in `serve'
actionpack (5.2.1) lib/action_dispatch/journey/router.rb:52:in `block in serve'
actionpack (5.2.1) lib/action_dispatch/journey/router.rb:35:in `each'
actionpack (5.2.1) lib/action_dispatch/journey/router.rb:35:in `serve'
actionpack (5.2.1) lib/action_dispatch/routing/route_set.rb:840:in `call'
rack (2.0.5) lib/rack/tempfile_reaper.rb:15:in `call'
rack (2.0.5) lib/rack/etag.rb:25:in `call'
rack (2.0.5) lib/rack/conditional_get.rb:25:in `call'
rack (2.0.5) lib/rack/head.rb:12:in `call'
actionpack (5.2.1) lib/action_dispatch/http/content_security_policy.rb:18:in `call'
rack (2.0.5) lib/rack/session/abstract/id.rb:232:in `context'
rack (2.0.5) lib/rack/session/abstract/id.rb:226:in `call'
actionpack (5.2.1) lib/action_dispatch/middleware/cookies.rb:670:in `call'
activerecord (5.2.1) lib/active_record/migration.rb:559:in `call'
actionpack (5.2.1) lib/action_dispatch/middleware/callbacks.rb:28:in `block in call'
activesupport (5.2.1) lib/active_support/callbacks.rb:98:in `run_callbacks'
actionpack (5.2.1) lib/action_dispatch/middleware/callbacks.rb:26:in `call'
actionpack (5.2.1) lib/action_dispatch/middleware/executor.rb:14:in `call'
actionpack (5.2.1) lib/action_dispatch/middleware/debug_exceptions.rb:61:in `call'
web-console (3.7.0) lib/web_console/middleware.rb:135:in `call_app'
web-console (3.7.0) lib/web_console/middleware.rb:30:in `block in call'
web-console (3.7.0) lib/web_console/middleware.rb:20:in `catch'
web-console (3.7.0) lib/web_console/middleware.rb:20:in `call'
actionpack (5.2.1) lib/action_dispatch/middleware/show_exceptions.rb:33:in `call'
railties (5.2.1) lib/rails/rack/logger.rb:38:in `call_app'
railties (5.2.1) lib/rails/rack/logger.rb:26:in `block in call'
activesupport (5.2.1) lib/active_support/tagged_logging.rb:71:in `block in tagged'
activesupport (5.2.1) lib/active_support/tagged_logging.rb:28:in `tagged'
activesupport (5.2.1) lib/active_support/tagged_logging.rb:71:in `tagged'
railties (5.2.1) lib/rails/rack/logger.rb:26:in `call'
sprockets-rails (3.2.1) lib/sprockets/rails/quiet_assets.rb:13:in `call'
actionpack (5.2.1) lib/action_dispatch/middleware/remote_ip.rb:81:in `call'
actionpack (5.2.1) lib/action_dispatch/middleware/request_id.rb:27:in `call'
rack (2.0.5) lib/rack/method_override.rb:22:in `call'
rack (2.0.5) lib/rack/runtime.rb:22:in `call'
activesupport (5.2.1) lib/active_support/cache/strategy/local_cache_middleware.rb:29:in `call'
actionpack (5.2.1) lib/action_dispatch/middleware/executor.rb:14:in `call'
actionpack (5.2.1) lib/action_dispatch/middleware/static.rb:127:in `call'
rack (2.0.5) lib/rack/sendfile.rb:111:in `call'
railties (5.2.1) lib/rails/engine.rb:524:in `call'
puma (3.12.0) lib/puma/configuration.rb:225:in `call'
puma (3.12.0) lib/puma/server.rb:658:in `handle_request'
puma (3.12.0) lib/puma/server.rb:472:in `process_client'
puma (3.12.0) lib/puma/server.rb:332:in `block in run'
puma (3.12.0) lib/puma/thread_pool.rb:133:in `block in spawn_thread'
Started GET "/books/6/delete" for 127.0.0.1 at 2018-10-09 19:43:39 +1100
  
AbstractController::ActionNotFound (The action 'destroy' could not be found for BooksController):
  
actionpack (5.2.1) lib/abstract_controller/base.rb:129:in `process'
actionview (5.2.1) lib/action_view/rendering.rb:32:in `process'
actionpack (5.2.1) lib/action_controller/metal.rb:191:in `dispatch'
actionpack (5.2.1) lib/action_controller/metal.rb:252:in `dispatch'
actionpack (5.2.1) lib/action_dispatch/routing/route_set.rb:52:in `dispatch'
actionpack (5.2.1) lib/action_dispatch/routing/route_set.rb:34:in `serve'
actionpack (5.2.1) lib/action_dispatch/journey/router.rb:52:in `block in serve'
actionpack (5.2.1) lib/action_dispatch/journey/router.rb:35:in `each'
actionpack (5.2.1) lib/action_dispatch/journey/router.rb:35:in `serve'
actionpack (5.2.1) lib/action_dispatch/routing/route_set.rb:840:in `call'
rack (2.0.5) lib/rack/tempfile_reaper.rb:15:in `call'
rack (2.0.5) lib/rack/etag.rb:25:in `call'
rack (2.0.5) lib/rack/conditional_get.rb:25:in `call'
rack (2.0.5) lib/rack/head.rb:12:in `call'
actionpack (5.2.1) lib/action_dispatch/http/content_security_policy.rb:18:in `call'
rack (2.0.5) lib/rack/session/abstract/id.rb:232:in `context'
rack (2.0.5) lib/rack/session/abstract/id.rb:226:in `call'
actionpack (5.2.1) lib/action_dispatch/middleware/cookies.rb:670:in `call'
activerecord (5.2.1) lib/active_record/migration.rb:559:in `call'
actionpack (5.2.1) lib/action_dispatch/middleware/callbacks.rb:28:in `block in call'
activesupport (5.2.1) lib/active_support/callbacks.rb:98:in `run_callbacks'
actionpack (5.2.1) lib/action_dispatch/middleware/callbacks.rb:26:in `call'
actionpack (5.2.1) lib/action_dispatch/middleware/executor.rb:14:in `call'
actionpack (5.2.1) lib/action_dispatch/middleware/debug_exceptions.rb:61:in `call'
web-console (3.7.0) lib/web_console/middleware.rb:135:in `call_app'
web-console (3.7.0) lib/web_console/middleware.rb:30:in `block in call'
web-console (3.7.0) lib/web_console/middleware.rb:20:in `catch'
web-console (3.7.0) lib/web_console/middleware.rb:20:in `call'
actionpack (5.2.1) lib/action_dispatch/middleware/show_exceptions.rb:33:in `call'
railties (5.2.1) lib/rails/rack/logger.rb:38:in `call_app'
railties (5.2.1) lib/rails/rack/logger.rb:26:in `block in call'
activesupport (5.2.1) lib/active_support/tagged_logging.rb:71:in `block in tagged'
activesupport (5.2.1) lib/active_support/tagged_logging.rb:28:in `tagged'
activesupport (5.2.1) lib/active_support/tagged_logging.rb:71:in `tagged'
railties (5.2.1) lib/rails/rack/logger.rb:26:in `call'
sprockets-rails (3.2.1) lib/sprockets/rails/quiet_assets.rb:13:in `call'
actionpack (5.2.1) lib/action_dispatch/middleware/remote_ip.rb:81:in `call'
actionpack (5.2.1) lib/action_dispatch/middleware/request_id.rb:27:in `call'
rack (2.0.5) lib/rack/method_override.rb:22:in `call'
rack (2.0.5) lib/rack/runtime.rb:22:in `call'
activesupport (5.2.1) lib/active_support/cache/strategy/local_cache_middleware.rb:29:in `call'
actionpack (5.2.1) lib/action_dispatch/middleware/executor.rb:14:in `call'
actionpack (5.2.1) lib/action_dispatch/middleware/static.rb:127:in `call'
rack (2.0.5) lib/rack/sendfile.rb:111:in `call'
railties (5.2.1) lib/rails/engine.rb:524:in `call'
puma (3.12.0) lib/puma/configuration.rb:225:in `call'
puma (3.12.0) lib/puma/server.rb:658:in `handle_request'
puma (3.12.0) lib/puma/server.rb:472:in `process_client'
puma (3.12.0) lib/puma/server.rb:332:in `block in run'
puma (3.12.0) lib/puma/thread_pool.rb:133:in `block in spawn_thread'
Started GET "/books/6/delete" for 127.0.0.1 at 2018-10-09 19:47:20 +1100
Processing by BooksController#destroy as HTML
  Parameters: {"id"=>"6"}
  [1m[36mBook Load (0.3ms)[0m  [1m[34mSELECT  "books".* FROM "books" WHERE "books"."id" = ? LIMIT ?[0m  [["id", 6], ["LIMIT", 1]]
  ↳ app/controllers/books_controller.rb:52
  [1m[35m (0.1ms)[0m  [1m[36mbegin transaction[0m
  ↳ app/controllers/books_controller.rb:53
  [1m[36mBook Destroy (0.7ms)[0m  [1m[31mDELETE FROM "books" WHERE "books"."id" = ?[0m  [["id", 6]]
  ↳ app/controllers/books_controller.rb:53
  [1m[35m (1.5ms)[0m  [1m[36mcommit transaction[0m
  ↳ app/controllers/books_controller.rb:53
Redirected to http://localhost:3000/books
Completed 302 Found in 33ms (ActiveRecord: 3.8ms)


Started GET "/books" for 127.0.0.1 at 2018-10-09 19:47:21 +1100
Processing by BooksController#index as HTML
  Rendering books/index.html.erb within layouts/application
  [1m[36mBook Load (3.0ms)[0m  [1m[34mSELECT "books".* FROM "books"[0m
  ↳ app/views/books/index.html.erb:3
  Rendered books/index.html.erb within layouts/application (7.3ms)
Completed 200 OK in 56ms (Views: 47.3ms | ActiveRecord: 3.0ms)


Started GET "/books" for 127.0.0.1 at 2018-10-09 19:48:27 +1100
Processing by BooksController#index as HTML
  Rendering books/index.html.erb within layouts/application
  [1m[36mBook Load (0.3ms)[0m  [1m[34mSELECT "books".* FROM "books"[0m
  ↳ app/views/books/index.html.erb:3
  Rendered books/index.html.erb within layouts/application (2.5ms)
Completed 200 OK in 39ms (Views: 34.0ms | ActiveRecord: 0.3ms)


Started GET "/books/1" for 127.0.0.1 at 2018-10-09 19:48:29 +1100
Processing by BooksController#show as HTML
  Parameters: {"id"=>"1"}
  [1m[36mBook Load (0.2ms)[0m  [1m[34mSELECT  "books".* FROM "books" WHERE "books"."id" = ? LIMIT ?[0m  [["id", 1], ["LIMIT", 1]]
  ↳ app/controllers/books_controller.rb:31
  Rendering books/show.html.erb within layouts/application
  Rendered books/show.html.erb within layouts/application (0.9ms)
Completed 200 OK in 43ms (Views: 30.5ms | ActiveRecord: 0.2ms)


Started GET "/books/alt=%22Smiley" for 127.0.0.1 at 2018-10-09 19:48:29 +1100
Processing by BooksController#show as HTML
  Parameters: {"id"=>"alt=\"Smiley"}
  [1m[36mBook Load (0.2ms)[0m  [1m[34mSELECT  "books".* FROM "books" WHERE "books"."id" = ? LIMIT ?[0m  [["id", 0], ["LIMIT", 1]]
  ↳ app/controllers/books_controller.rb:31
Completed 404 Not Found in 3ms (ActiveRecord: 0.2ms)


  
ActiveRecord::RecordNotFound (Couldn't find Book with 'id'=alt="Smiley):
  
app/controllers/books_controller.rb:31:in `show'
Started GET "/alt=%22Smiley" for 127.0.0.1 at 2018-10-09 19:48:38 +1100
  
ActionController::RoutingError (No route matches [GET] "/alt=%22Smiley"):
  
actionpack (5.2.1) lib/action_dispatch/middleware/debug_exceptions.rb:65:in `call'
web-console (3.7.0) lib/web_console/middleware.rb:135:in `call_app'
web-console (3.7.0) lib/web_console/middleware.rb:30:in `block in call'
web-console (3.7.0) lib/web_console/middleware.rb:20:in `catch'
web-console (3.7.0) lib/web_console/middleware.rb:20:in `call'
actionpack (5.2.1) lib/action_dispatch/middleware/show_exceptions.rb:33:in `call'
railties (5.2.1) lib/rails/rack/logger.rb:38:in `call_app'
railties (5.2.1) lib/rails/rack/logger.rb:26:in `block in call'
activesupport (5.2.1) lib/active_support/tagged_logging.rb:71:in `block in tagged'
activesupport (5.2.1) lib/active_support/tagged_logging.rb:28:in `tagged'
activesupport (5.2.1) lib/active_support/tagged_logging.rb:71:in `tagged'
railties (5.2.1) lib/rails/rack/logger.rb:26:in `call'
sprockets-rails (3.2.1) lib/sprockets/rails/quiet_assets.rb:13:in `call'
actionpack (5.2.1) lib/action_dispatch/middleware/remote_ip.rb:81:in `call'
actionpack (5.2.1) lib/action_dispatch/middleware/request_id.rb:27:in `call'
rack (2.0.5) lib/rack/method_override.rb:22:in `call'
rack (2.0.5) lib/rack/runtime.rb:22:in `call'
activesupport (5.2.1) lib/active_support/cache/strategy/local_cache_middleware.rb:29:in `call'
actionpack (5.2.1) lib/action_dispatch/middleware/executor.rb:14:in `call'
actionpack (5.2.1) lib/action_dispatch/middleware/static.rb:127:in `call'
rack (2.0.5) lib/rack/sendfile.rb:111:in `call'
railties (5.2.1) lib/rails/engine.rb:524:in `call'
puma (3.12.0) lib/puma/configuration.rb:225:in `call'
puma (3.12.0) lib/puma/server.rb:658:in `handle_request'
puma (3.12.0) lib/puma/server.rb:472:in `process_client'
puma (3.12.0) lib/puma/server.rb:332:in `block in run'
puma (3.12.0) lib/puma/thread_pool.rb:133:in `block in spawn_thread'
Started GET "/books/3" for 127.0.0.1 at 2018-10-09 19:48:40 +1100
Processing by BooksController#show as HTML
  Parameters: {"id"=>"3"}
  [1m[36mBook Load (0.1ms)[0m  [1m[34mSELECT  "books".* FROM "books" WHERE "books"."id" = ? LIMIT ?[0m  [["id", 3], ["LIMIT", 1]]
  ↳ app/controllers/books_controller.rb:31
  Rendering books/show.html.erb within layouts/application
  Rendered books/show.html.erb within layouts/application (0.5ms)
Completed 200 OK in 47ms (Views: 39.0ms | ActiveRecord: 0.1ms)


Started GET "/books/alt=%22Smiley" for 127.0.0.1 at 2018-10-09 19:48:40 +1100
Processing by BooksController#show as HTML
  Parameters: {"id"=>"alt=\"Smiley"}
  [1m[36mBook Load (0.1ms)[0m  [1m[34mSELECT  "books".* FROM "books" WHERE "books"."id" = ? LIMIT ?[0m  [["id", 0], ["LIMIT", 1]]
  ↳ app/controllers/books_controller.rb:31
Completed 404 Not Found in 2ms (ActiveRecord: 0.1ms)


  
ActiveRecord::RecordNotFound (Couldn't find Book with 'id'=alt="Smiley):
  
app/controllers/books_controller.rb:31:in `show'
Started GET "/alt=%22Smiley" for 127.0.0.1 at 2018-10-09 19:48:41 +1100
  
ActionController::RoutingError (No route matches [GET] "/alt=%22Smiley"):
  
actionpack (5.2.1) lib/action_dispatch/middleware/debug_exceptions.rb:65:in `call'
web-console (3.7.0) lib/web_console/middleware.rb:135:in `call_app'
web-console (3.7.0) lib/web_console/middleware.rb:30:in `block in call'
web-console (3.7.0) lib/web_console/middleware.rb:20:in `catch'
web-console (3.7.0) lib/web_console/middleware.rb:20:in `call'
actionpack (5.2.1) lib/action_dispatch/middleware/show_exceptions.rb:33:in `call'
railties (5.2.1) lib/rails/rack/logger.rb:38:in `call_app'
railties (5.2.1) lib/rails/rack/logger.rb:26:in `block in call'
activesupport (5.2.1) lib/active_support/tagged_logging.rb:71:in `block in tagged'
activesupport (5.2.1) lib/active_support/tagged_logging.rb:28:in `tagged'
activesupport (5.2.1) lib/active_support/tagged_logging.rb:71:in `tagged'
railties (5.2.1) lib/rails/rack/logger.rb:26:in `call'
sprockets-rails (3.2.1) lib/sprockets/rails/quiet_assets.rb:13:in `call'
actionpack (5.2.1) lib/action_dispatch/middleware/remote_ip.rb:81:in `call'
actionpack (5.2.1) lib/action_dispatch/middleware/request_id.rb:27:in `call'
rack (2.0.5) lib/rack/method_override.rb:22:in `call'
rack (2.0.5) lib/rack/runtime.rb:22:in `call'
activesupport (5.2.1) lib/active_support/cache/strategy/local_cache_middleware.rb:29:in `call'
actionpack (5.2.1) lib/action_dispatch/middleware/executor.rb:14:in `call'
actionpack (5.2.1) lib/action_dispatch/middleware/static.rb:127:in `call'
rack (2.0.5) lib/rack/sendfile.rb:111:in `call'
railties (5.2.1) lib/rails/engine.rb:524:in `call'
puma (3.12.0) lib/puma/configuration.rb:225:in `call'
puma (3.12.0) lib/puma/server.rb:658:in `handle_request'
puma (3.12.0) lib/puma/server.rb:472:in `process_client'
puma (3.12.0) lib/puma/server.rb:332:in `block in run'
puma (3.12.0) lib/puma/thread_pool.rb:133:in `block in spawn_thread'
Started GET "/books/alt=%22Smiley" for 127.0.0.1 at 2018-10-09 19:49:18 +1100
Processing by BooksController#show as HTML
  Parameters: {"id"=>"alt=\"Smiley"}
  [1m[36mBook Load (0.3ms)[0m  [1m[34mSELECT  "books".* FROM "books" WHERE "books"."id" = ? LIMIT ?[0m  [["id", 0], ["LIMIT", 1]]
  ↳ app/controllers/books_controller.rb:31
Completed 404 Not Found in 4ms (ActiveRecord: 0.3ms)


  
ActiveRecord::RecordNotFound (Couldn't find Book with 'id'=alt="Smiley):
  
app/controllers/books_controller.rb:31:in `show'
Started GET "/books" for 127.0.0.1 at 2018-10-09 19:49:23 +1100
Processing by BooksController#index as HTML
  Rendering books/index.html.erb within layouts/application
  [1m[36mBook Load (0.4ms)[0m  [1m[34mSELECT "books".* FROM "books"[0m
  ↳ app/views/books/index.html.erb:3
  Rendered books/index.html.erb within layouts/application (2.7ms)
Completed 200 OK in 40ms (Views: 34.5ms | ActiveRecord: 0.4ms)


Started GET "/books/1" for 127.0.0.1 at 2018-10-09 19:49:26 +1100
Processing by BooksController#show as HTML
  Parameters: {"id"=>"1"}
  [1m[36mBook Load (0.2ms)[0m  [1m[34mSELECT  "books".* FROM "books" WHERE "books"."id" = ? LIMIT ?[0m  [["id", 1], ["LIMIT", 1]]
  ↳ app/controllers/books_controller.rb:31
  Rendering books/show.html.erb within layouts/application
  Rendered books/show.html.erb within layouts/application (0.9ms)
Completed 200 OK in 48ms (Views: 38.3ms | ActiveRecord: 0.2ms)


Started GET "/books/alt=%22Smiley" for 127.0.0.1 at 2018-10-09 19:49:26 +1100
Processing by BooksController#show as HTML
  Parameters: {"id"=>"alt=\"Smiley"}
  [1m[36mBook Load (0.3ms)[0m  [1m[34mSELECT  "books".* FROM "books" WHERE "books"."id" = ? LIMIT ?[0m  [["id", 0], ["LIMIT", 1]]
  ↳ app/controllers/books_controller.rb:31
Completed 404 Not Found in 3ms (ActiveRecord: 0.3ms)


  
ActiveRecord::RecordNotFound (Couldn't find Book with 'id'=alt="Smiley):
  
app/controllers/books_controller.rb:31:in `show'
Started GET "/alt=%22Smiley" for 127.0.0.1 at 2018-10-09 19:49:29 +1100
  
ActionController::RoutingError (No route matches [GET] "/alt=%22Smiley"):
  
actionpack (5.2.1) lib/action_dispatch/middleware/debug_exceptions.rb:65:in `call'
web-console (3.7.0) lib/web_console/middleware.rb:135:in `call_app'
web-console (3.7.0) lib/web_console/middleware.rb:30:in `block in call'
web-console (3.7.0) lib/web_console/middleware.rb:20:in `catch'
web-console (3.7.0) lib/web_console/middleware.rb:20:in `call'
actionpack (5.2.1) lib/action_dispatch/middleware/show_exceptions.rb:33:in `call'
railties (5.2.1) lib/rails/rack/logger.rb:38:in `call_app'
railties (5.2.1) lib/rails/rack/logger.rb:26:in `block in call'
activesupport (5.2.1) lib/active_support/tagged_logging.rb:71:in `block in tagged'
activesupport (5.2.1) lib/active_support/tagged_logging.rb:28:in `tagged'
activesupport (5.2.1) lib/active_support/tagged_logging.rb:71:in `tagged'
railties (5.2.1) lib/rails/rack/logger.rb:26:in `call'
sprockets-rails (3.2.1) lib/sprockets/rails/quiet_assets.rb:13:in `call'
actionpack (5.2.1) lib/action_dispatch/middleware/remote_ip.rb:81:in `call'
actionpack (5.2.1) lib/action_dispatch/middleware/request_id.rb:27:in `call'
rack (2.0.5) lib/rack/method_override.rb:22:in `call'
rack (2.0.5) lib/rack/runtime.rb:22:in `call'
activesupport (5.2.1) lib/active_support/cache/strategy/local_cache_middleware.rb:29:in `call'
actionpack (5.2.1) lib/action_dispatch/middleware/executor.rb:14:in `call'
actionpack (5.2.1) lib/action_dispatch/middleware/static.rb:127:in `call'
rack (2.0.5) lib/rack/sendfile.rb:111:in `call'
railties (5.2.1) lib/rails/engine.rb:524:in `call'
puma (3.12.0) lib/puma/configuration.rb:225:in `call'
puma (3.12.0) lib/puma/server.rb:658:in `handle_request'
puma (3.12.0) lib/puma/server.rb:472:in `process_client'
puma (3.12.0) lib/puma/server.rb:332:in `block in run'
puma (3.12.0) lib/puma/thread_pool.rb:133:in `block in spawn_thread'
Started GET "/books" for 127.0.0.1 at 2018-10-09 19:59:03 +1100
Processing by BooksController#index as HTML
  Rendering books/index.html.erb within layouts/application
  [1m[36mBook Load (0.2ms)[0m  [1m[34mSELECT "books".* FROM "books"[0m
  ↳ app/views/books/index.html.erb:3
  Rendered books/index.html.erb within layouts/application (14.1ms)
Completed 200 OK in 70ms (Views: 58.5ms | ActiveRecord: 1.0ms)


Started GET "/wp-content/uploads/flamingo.jpg" for 127.0.0.1 at 2018-10-09 19:59:04 +1100
  
ActionController::RoutingError (No route matches [GET] "/wp-content/uploads/flamingo.jpg"):
  
actionpack (5.2.1) lib/action_dispatch/middleware/debug_exceptions.rb:65:in `call'
web-console (3.7.0) lib/web_console/middleware.rb:135:in `call_app'
web-console (3.7.0) lib/web_console/middleware.rb:30:in `block in call'
web-console (3.7.0) lib/web_console/middleware.rb:20:in `catch'
web-console (3.7.0) lib/web_console/middleware.rb:20:in `call'
actionpack (5.2.1) lib/action_dispatch/middleware/show_exceptions.rb:33:in `call'
railties (5.2.1) lib/rails/rack/logger.rb:38:in `call_app'
railties (5.2.1) lib/rails/rack/logger.rb:26:in `block in call'
activesupport (5.2.1) lib/active_support/tagged_logging.rb:71:in `block in tagged'
activesupport (5.2.1) lib/active_support/tagged_logging.rb:28:in `tagged'
activesupport (5.2.1) lib/active_support/tagged_logging.rb:71:in `tagged'
railties (5.2.1) lib/rails/rack/logger.rb:26:in `call'
sprockets-rails (3.2.1) lib/sprockets/rails/quiet_assets.rb:13:in `call'
actionpack (5.2.1) lib/action_dispatch/middleware/remote_ip.rb:81:in `call'
actionpack (5.2.1) lib/action_dispatch/middleware/request_id.rb:27:in `call'
rack (2.0.5) lib/rack/method_override.rb:22:in `call'
rack (2.0.5) lib/rack/runtime.rb:22:in `call'
activesupport (5.2.1) lib/active_support/cache/strategy/local_cache_middleware.rb:29:in `call'
actionpack (5.2.1) lib/action_dispatch/middleware/executor.rb:14:in `call'
actionpack (5.2.1) lib/action_dispatch/middleware/static.rb:127:in `call'
rack (2.0.5) lib/rack/sendfile.rb:111:in `call'
railties (5.2.1) lib/rails/engine.rb:524:in `call'
puma (3.12.0) lib/puma/configuration.rb:225:in `call'
puma (3.12.0) lib/puma/server.rb:658:in `handle_request'
puma (3.12.0) lib/puma/server.rb:472:in `process_client'
puma (3.12.0) lib/puma/server.rb:332:in `block in run'
puma (3.12.0) lib/puma/thread_pool.rb:133:in `block in spawn_thread'
Started GET "/books" for 127.0.0.1 at 2018-10-09 20:00:42 +1100
Processing by BooksController#index as HTML
  Rendering books/index.html.erb within layouts/application
  [1m[36mBook Load (0.5ms)[0m  [1m[34mSELECT "books".* FROM "books"[0m
  ↳ app/views/books/index.html.erb:3
  Rendered books/index.html.erb within layouts/application (3.1ms)
Completed 200 OK in 45ms (Views: 40.6ms | ActiveRecord: 0.5ms)


Started GET "/books/1" for 127.0.0.1 at 2018-10-09 20:00:48 +1100
Processing by BooksController#show as HTML
  Parameters: {"id"=>"1"}
  [1m[36mBook Load (0.4ms)[0m  [1m[34mSELECT  "books".* FROM "books" WHERE "books"."id" = ? LIMIT ?[0m  [["id", 1], ["LIMIT", 1]]
  ↳ app/controllers/books_controller.rb:31
  Rendering books/show.html.erb within layouts/application
  Rendered books/show.html.erb within layouts/application (0.8ms)
Completed 200 OK in 57ms (Views: 43.4ms | ActiveRecord: 0.4ms)


Started GET "/books/alt=%22Smiley" for 127.0.0.1 at 2018-10-09 20:00:48 +1100
Processing by BooksController#show as HTML
  Parameters: {"id"=>"alt=\"Smiley"}
  [1m[36mBook Load (0.2ms)[0m  [1m[34mSELECT  "books".* FROM "books" WHERE "books"."id" = ? LIMIT ?[0m  [["id", 0], ["LIMIT", 1]]
  ↳ app/controllers/books_controller.rb:31
Completed 404 Not Found in 5ms (ActiveRecord: 0.2ms)


  
ActiveRecord::RecordNotFound (Couldn't find Book with 'id'=alt="Smiley):
  
app/controllers/books_controller.rb:31:in `show'
Started GET "/alt=%22Smiley" for 127.0.0.1 at 2018-10-09 20:00:51 +1100
  
ActionController::RoutingError (No route matches [GET] "/alt=%22Smiley"):
  
actionpack (5.2.1) lib/action_dispatch/middleware/debug_exceptions.rb:65:in `call'
web-console (3.7.0) lib/web_console/middleware.rb:135:in `call_app'
web-console (3.7.0) lib/web_console/middleware.rb:30:in `block in call'
web-console (3.7.0) lib/web_console/middleware.rb:20:in `catch'
web-console (3.7.0) lib/web_console/middleware.rb:20:in `call'
actionpack (5.2.1) lib/action_dispatch/middleware/show_exceptions.rb:33:in `call'
railties (5.2.1) lib/rails/rack/logger.rb:38:in `call_app'
railties (5.2.1) lib/rails/rack/logger.rb:26:in `block in call'
activesupport (5.2.1) lib/active_support/tagged_logging.rb:71:in `block in tagged'
activesupport (5.2.1) lib/active_support/tagged_logging.rb:28:in `tagged'
activesupport (5.2.1) lib/active_support/tagged_logging.rb:71:in `tagged'
railties (5.2.1) lib/rails/rack/logger.rb:26:in `call'
sprockets-rails (3.2.1) lib/sprockets/rails/quiet_assets.rb:13:in `call'
actionpack (5.2.1) lib/action_dispatch/middleware/remote_ip.rb:81:in `call'
actionpack (5.2.1) lib/action_dispatch/middleware/request_id.rb:27:in `call'
rack (2.0.5) lib/rack/method_override.rb:22:in `call'
rack (2.0.5) lib/rack/runtime.rb:22:in `call'
activesupport (5.2.1) lib/active_support/cache/strategy/local_cache_middleware.rb:29:in `call'
actionpack (5.2.1) lib/action_dispatch/middleware/executor.rb:14:in `call'
actionpack (5.2.1) lib/action_dispatch/middleware/static.rb:127:in `call'
rack (2.0.5) lib/rack/sendfile.rb:111:in `call'
railties (5.2.1) lib/rails/engine.rb:524:in `call'
puma (3.12.0) lib/puma/configuration.rb:225:in `call'
puma (3.12.0) lib/puma/server.rb:658:in `handle_request'
puma (3.12.0) lib/puma/server.rb:472:in `process_client'
puma (3.12.0) lib/puma/server.rb:332:in `block in run'
puma (3.12.0) lib/puma/thread_pool.rb:133:in `block in spawn_thread'
Started GET "/books" for 127.0.0.1 at 2018-10-09 20:04:13 +1100
Processing by BooksController#index as HTML
  Rendering books/index.html.erb within layouts/application
  [1m[36mBook Load (0.5ms)[0m  [1m[34mSELECT "books".* FROM "books"[0m
  ↳ app/views/books/index.html.erb:3
  Rendered books/index.html.erb within layouts/application (4.6ms)
Completed 200 OK in 55ms (Views: 48.7ms | ActiveRecord: 0.5ms)


Started GET "/books" for 127.0.0.1 at 2018-10-09 20:05:50 +1100
Processing by BooksController#index as HTML
  Rendering books/index.html.erb within layouts/application
  [1m[36mBook Load (0.3ms)[0m  [1m[34mSELECT "books".* FROM "books"[0m
  ↳ app/views/books/index.html.erb:3
  Rendered books/index.html.erb within layouts/application (3.5ms)
Completed 200 OK in 48ms (Views: 41.8ms | ActiveRecord: 0.3ms)


