  [1m[35m (416.8ms)[0m  [1m[35mCREATE DATABASE "brands-sneakers_development" ENCODING = 'unicode'[0m
  ↳ bin/rails:9
  [1m[35m (364.4ms)[0m  [1m[35mCREATE DATABASE "brands-sneakers_test" ENCODING = 'unicode'[0m
  ↳ bin/rails:9
  [1m[35m (71.7ms)[0m  [1m[35mCREATE TABLE "schema_migrations" ("version" character varying NOT NULL PRIMARY KEY)[0m
  ↳ bin/rails:9
  [1m[35m (11.0ms)[0m  [1m[35mCREATE TABLE "ar_internal_metadata" ("key" character varying NOT NULL PRIMARY KEY, "value" character varying, "created_at" timestamp NOT NULL, "updated_at" timestamp NOT NULL)[0m
  ↳ bin/rails:9
  [1m[35m (1.4ms)[0m  [1m[34mSELECT pg_try_advisory_lock(2237721406993087785)[0m
  ↳ bin/rails:9
  [1m[35m (2.0ms)[0m  [1m[34mSELECT "schema_migrations"."version" FROM "schema_migrations" ORDER BY "schema_migrations"."version" ASC[0m
  ↳ bin/rails:9
Migrating to CreateSneakers (20181011102511)
  [1m[35m (0.3ms)[0m  [1m[35mBEGIN[0m
  ↳ bin/rails:9
  [1m[35m (34.9ms)[0m  [1m[35mCREATE TABLE "sneakers" ("id" bigserial primary key, "name" text, "silhouette" text, "color" text, "release_date" text, "image" text, "brand_id" integer, "created_at" timestamp NOT NULL, "updated_at" timestamp NOT NULL)[0m
  ↳ db/migrate/20181011102511_create_sneakers.rb:3
  [1m[36mActiveRecord::SchemaMigration Create (5.6ms)[0m  [1m[32mINSERT INTO "schema_migrations" ("version") VALUES ($1) RETURNING "version"[0m  [["version", "20181011102511"]]
  ↳ bin/rails:9
  [1m[35m (0.8ms)[0m  [1m[35mCOMMIT[0m
  ↳ bin/rails:9
Migrating to CreateBrands (20181011102556)
  [1m[35m (0.6ms)[0m  [1m[35mBEGIN[0m
  ↳ bin/rails:9
  [1m[35m (15.3ms)[0m  [1m[35mCREATE TABLE "brands" ("id" bigserial primary key, "company_name" text, "founded" text, "image" text, "created_at" timestamp NOT NULL, "updated_at" timestamp NOT NULL)[0m
  ↳ db/migrate/20181011102556_create_brands.rb:3
  [1m[36mActiveRecord::SchemaMigration Create (20.7ms)[0m  [1m[32mINSERT INTO "schema_migrations" ("version") VALUES ($1) RETURNING "version"[0m  [["version", "20181011102556"]]
  ↳ bin/rails:9
  [1m[35m (12.0ms)[0m  [1m[35mCOMMIT[0m
  ↳ bin/rails:9
  [1m[36mActiveRecord::InternalMetadata Load (1.0ms)[0m  [1m[34mSELECT  "ar_internal_metadata".* FROM "ar_internal_metadata" WHERE "ar_internal_metadata"."key" = $1 LIMIT $2[0m  [["key", "environment"], ["LIMIT", 1]]
  ↳ bin/rails:9
  [1m[35m (0.4ms)[0m  [1m[35mBEGIN[0m
  ↳ bin/rails:9
  [1m[36mActiveRecord::InternalMetadata Create (2.1ms)[0m  [1m[32mINSERT INTO "ar_internal_metadata" ("key", "value", "created_at", "updated_at") VALUES ($1, $2, $3, $4) RETURNING "key"[0m  [["key", "environment"], ["value", "development"], ["created_at", "2018-10-11 10:26:43.968674"], ["updated_at", "2018-10-11 10:26:43.968674"]]
  ↳ bin/rails:9
  [1m[35m (0.9ms)[0m  [1m[35mCOMMIT[0m
  ↳ bin/rails:9
  [1m[35m (0.6ms)[0m  [1m[34mSELECT pg_advisory_unlock(2237721406993087785)[0m
  ↳ bin/rails:9
  [1m[35m (1.1ms)[0m  [1m[34mSELECT "schema_migrations"."version" FROM "schema_migrations" ORDER BY "schema_migrations"."version" ASC[0m
  ↳ bin/rails:9
  [1m[35m (1.3ms)[0m  [1m[34mSELECT "schema_migrations"."version" FROM "schema_migrations" ORDER BY "schema_migrations"."version" ASC[0m
  ↳ bin/rails:9
  [1m[36mSneaker Load (1.8ms)[0m  [1m[34mSELECT "sneakers".* FROM "sneakers"[0m
  ↳ db/seeds.rb:9
  [1m[35m (0.3ms)[0m  [1m[35mBEGIN[0m
  ↳ db/seeds.rb:11
  [1m[36mBrand Load (1.1ms)[0m  [1m[34mSELECT  "brands".* FROM "brands" WHERE "brands"."id" = $1 LIMIT $2[0m  [["id", 1], ["LIMIT", 1]]
  ↳ db/seeds.rb:11
  [1m[35m (1.8ms)[0m  [1m[31mROLLBACK[0m
  ↳ db/seeds.rb:11
  [1m[35m (0.2ms)[0m  [1m[35mBEGIN[0m
  ↳ db/seeds.rb:12
  [1m[36mBrand Load (0.4ms)[0m  [1m[34mSELECT  "brands".* FROM "brands" WHERE "brands"."id" = $1 LIMIT $2[0m  [["id", 2], ["LIMIT", 1]]
  ↳ db/seeds.rb:12
  [1m[35m (0.3ms)[0m  [1m[31mROLLBACK[0m
  ↳ db/seeds.rb:12
  [1m[35m (0.2ms)[0m  [1m[35mBEGIN[0m
  ↳ db/seeds.rb:13
  [1m[36mBrand Load (0.4ms)[0m  [1m[34mSELECT  "brands".* FROM "brands" WHERE "brands"."id" = $1 LIMIT $2[0m  [["id", 3], ["LIMIT", 1]]
  ↳ db/seeds.rb:13
  [1m[35m (0.2ms)[0m  [1m[31mROLLBACK[0m
  ↳ db/seeds.rb:13
  [1m[36mBrand Load (0.4ms)[0m  [1m[34mSELECT "brands".* FROM "brands"[0m
  ↳ db/seeds.rb:15
  [1m[35m (0.3ms)[0m  [1m[35mBEGIN[0m
  ↳ db/seeds.rb:17
  [1m[36mBrand Create (4.0ms)[0m  [1m[32mINSERT INTO "brands" ("company_name", "founded", "image", "created_at", "updated_at") VALUES ($1, $2, $3, $4, $5) RETURNING "id"[0m  [["company_name", "Converse"], ["founded", "1970"], ["image", "https://upload.wikimedia.org/wikipedia/commons/thumb/3/30/Converse_logo.svg/1200px-Converse_logo.svg.png"], ["created_at", "2018-10-11 10:39:09.222154"], ["updated_at", "2018-10-11 10:39:09.222154"]]
  ↳ db/seeds.rb:17
  [1m[35m (1.8ms)[0m  [1m[35mCOMMIT[0m
  ↳ db/seeds.rb:17
  [1m[35m (0.2ms)[0m  [1m[35mBEGIN[0m
  ↳ db/seeds.rb:18
  [1m[36mBrand Create (1.8ms)[0m  [1m[32mINSERT INTO "brands" ("company_name", "founded", "image", "created_at", "updated_at") VALUES ($1, $2, $3, $4, $5) RETURNING "id"[0m  [["company_name", "Nike"], ["founded", "1968"], ["image", "https://upload.wikimedia.org/wikipedia/commons/thumb/a/a6/Logo_NIKE.svg/1200px-Logo_NIKE.svg.png"], ["created_at", "2018-10-11 10:39:09.231845"], ["updated_at", "2018-10-11 10:39:09.231845"]]
  ↳ db/seeds.rb:18
  [1m[35m (0.4ms)[0m  [1m[35mCOMMIT[0m
  ↳ db/seeds.rb:18
  [1m[35m (0.2ms)[0m  [1m[35mBEGIN[0m
  ↳ db/seeds.rb:19
  [1m[36mBrand Create (2.4ms)[0m  [1m[32mINSERT INTO "brands" ("company_name", "founded", "image", "created_at", "updated_at") VALUES ($1, $2, $3, $4, $5) RETURNING "id"[0m  [["company_name", "adidas"], ["founded", "1949"], ["image", "https://upload.wikimedia.org/wikipedia/commons/thumb/2/20/Adidas_Logo.svg/2000px-Adidas_Logo.svg.png"], ["created_at", "2018-10-11 10:39:09.237171"], ["updated_at", "2018-10-11 10:39:09.237171"]]
  ↳ db/seeds.rb:19
  [1m[35m (0.8ms)[0m  [1m[35mCOMMIT[0m
  ↳ db/seeds.rb:19
  [1m[35m (1.5ms)[0m  [1m[34mSELECT "schema_migrations"."version" FROM "schema_migrations" ORDER BY "schema_migrations"."version" ASC[0m
  ↳ bin/rails:9
  [1m[36mSneaker Load (0.9ms)[0m  [1m[34mSELECT "sneakers".* FROM "sneakers"[0m
  ↳ db/seeds.rb:9
  [1m[35m (0.5ms)[0m  [1m[35mBEGIN[0m
  ↳ db/seeds.rb:11
  [1m[36mBrand Load (1.4ms)[0m  [1m[34mSELECT  "brands".* FROM "brands" WHERE "brands"."id" = $1 LIMIT $2[0m  [["id", 1], ["LIMIT", 1]]
  ↳ db/seeds.rb:11
  [1m[36mSneaker Create (2.9ms)[0m  [1m[32mINSERT INTO "sneakers" ("name", "silhouette", "color", "release_date", "image", "brand_id", "created_at", "updated_at") VALUES ($1, $2, $3, $4, $5, $6, $7, $8) RETURNING "id"[0m  [["name", "OFF-WHITE x Chuck 70"], ["silhouette", "Chuck Taylor"], ["color", "White"], ["release_date", "2018"], ["image", "https://image.goat.com/crop/750/attachments/product_template_additional_pictures/images/015/264/462/original/459602_01.jpg.jpeg"], ["brand_id", 1], ["created_at", "2018-10-11 10:39:53.236840"], ["updated_at", "2018-10-11 10:39:53.236840"]]
  ↳ db/seeds.rb:11
  [1m[35m (0.6ms)[0m  [1m[35mCOMMIT[0m
  ↳ db/seeds.rb:11
  [1m[35m (0.2ms)[0m  [1m[35mBEGIN[0m
  ↳ db/seeds.rb:12
  [1m[36mBrand Load (0.5ms)[0m  [1m[34mSELECT  "brands".* FROM "brands" WHERE "brands"."id" = $1 LIMIT $2[0m  [["id", 2], ["LIMIT", 1]]
  ↳ db/seeds.rb:12
  [1m[36mSneaker Create (0.9ms)[0m  [1m[32mINSERT INTO "sneakers" ("name", "silhouette", "color", "release_date", "image", "brand_id", "created_at", "updated_at") VALUES ($1, $2, $3, $4, $5, $6, $7, $8) RETURNING "id"[0m  [["name", "OFF-WHITE x Blazer Mid Grim Reapers"], ["silhouette", "Blazer"], ["color", "Black"], ["release_date", "2018"], ["image", "https://image.goat.com/crop/750/attachments/product_template_additional_pictures/images/015/072/548/original/406001_01.jpg.jpeg"], ["brand_id", 2], ["created_at", "2018-10-11 10:39:53.246387"], ["updated_at", "2018-10-11 10:39:53.246387"]]
  ↳ db/seeds.rb:12
  [1m[35m (0.5ms)[0m  [1m[35mCOMMIT[0m
  ↳ db/seeds.rb:12
  [1m[35m (0.2ms)[0m  [1m[35mBEGIN[0m
  ↳ db/seeds.rb:13
  [1m[36mBrand Load (0.5ms)[0m  [1m[34mSELECT  "brands".* FROM "brands" WHERE "brands"."id" = $1 LIMIT $2[0m  [["id", 3], ["LIMIT", 1]]
  ↳ db/seeds.rb:13
  [1m[36mSneaker Create (0.6ms)[0m  [1m[32mINSERT INTO "sneakers" ("name", "silhouette", "color", "release_date", "image", "brand_id", "created_at", "updated_at") VALUES ($1, $2, $3, $4, $5, $6, $7, $8) RETURNING "id"[0m  [["name", "Yeezy Boost 700 OG"], ["silhouette", "Yeezy 700"], ["color", "Grey"], ["release_date", "2017"], ["image", "https://image.goat.com/crop/750/attachments/product_template_additional_pictures/images/014/507/858/original/195483_01.jpg.jpeg"], ["brand_id", 3], ["created_at", "2018-10-11 10:39:53.253115"], ["updated_at", "2018-10-11 10:39:53.253115"]]
  ↳ db/seeds.rb:13
  [1m[35m (0.5ms)[0m  [1m[35mCOMMIT[0m
  ↳ db/seeds.rb:13
  [1m[36mBrand Load (0.4ms)[0m  [1m[34mSELECT "brands".* FROM "brands"[0m
  ↳ db/seeds.rb:15
  [1m[35m (0.2ms)[0m  [1m[35mBEGIN[0m
  ↳ db/seeds.rb:15
  [1m[36mBrand Destroy (1.3ms)[0m  [1m[31mDELETE FROM "brands" WHERE "brands"."id" = $1[0m  [["id", 1]]
  ↳ db/seeds.rb:15
  [1m[35m (0.4ms)[0m  [1m[35mCOMMIT[0m
  ↳ db/seeds.rb:15
  [1m[35m (0.2ms)[0m  [1m[35mBEGIN[0m
  ↳ db/seeds.rb:15
  [1m[36mBrand Destroy (0.5ms)[0m  [1m[31mDELETE FROM "brands" WHERE "brands"."id" = $1[0m  [["id", 2]]
  ↳ db/seeds.rb:15
  [1m[35m (0.4ms)[0m  [1m[35mCOMMIT[0m
  ↳ db/seeds.rb:15
  [1m[35m (0.1ms)[0m  [1m[35mBEGIN[0m
  ↳ db/seeds.rb:15
  [1m[36mBrand Destroy (0.5ms)[0m  [1m[31mDELETE FROM "brands" WHERE "brands"."id" = $1[0m  [["id", 3]]
  ↳ db/seeds.rb:15
  [1m[35m (0.3ms)[0m  [1m[35mCOMMIT[0m
  ↳ db/seeds.rb:15
  [1m[35m (0.1ms)[0m  [1m[35mBEGIN[0m
  ↳ db/seeds.rb:17
  [1m[36mBrand Create (0.6ms)[0m  [1m[32mINSERT INTO "brands" ("company_name", "founded", "image", "created_at", "updated_at") VALUES ($1, $2, $3, $4, $5) RETURNING "id"[0m  [["company_name", "Converse"], ["founded", "1970"], ["image", "https://upload.wikimedia.org/wikipedia/commons/thumb/3/30/Converse_logo.svg/1200px-Converse_logo.svg.png"], ["created_at", "2018-10-11 10:39:53.265033"], ["updated_at", "2018-10-11 10:39:53.265033"]]
  ↳ db/seeds.rb:17
  [1m[35m (0.4ms)[0m  [1m[35mCOMMIT[0m
  ↳ db/seeds.rb:17
  [1m[35m (0.1ms)[0m  [1m[35mBEGIN[0m
  ↳ db/seeds.rb:18
  [1m[36mBrand Create (0.5ms)[0m  [1m[32mINSERT INTO "brands" ("company_name", "founded", "image", "created_at", "updated_at") VALUES ($1, $2, $3, $4, $5) RETURNING "id"[0m  [["company_name", "Nike"], ["founded", "1968"], ["image", "https://upload.wikimedia.org/wikipedia/commons/thumb/a/a6/Logo_NIKE.svg/1200px-Logo_NIKE.svg.png"], ["created_at", "2018-10-11 10:39:53.268008"], ["updated_at", "2018-10-11 10:39:53.268008"]]
  ↳ db/seeds.rb:18
  [1m[35m (0.4ms)[0m  [1m[35mCOMMIT[0m
  ↳ db/seeds.rb:18
  [1m[35m (0.2ms)[0m  [1m[35mBEGIN[0m
  ↳ db/seeds.rb:19
  [1m[36mBrand Create (0.6ms)[0m  [1m[32mINSERT INTO "brands" ("company_name", "founded", "image", "created_at", "updated_at") VALUES ($1, $2, $3, $4, $5) RETURNING "id"[0m  [["company_name", "adidas"], ["founded", "1949"], ["image", "https://upload.wikimedia.org/wikipedia/commons/thumb/2/20/Adidas_Logo.svg/2000px-Adidas_Logo.svg.png"], ["created_at", "2018-10-11 10:39:53.270894"], ["updated_at", "2018-10-11 10:39:53.270894"]]
  ↳ db/seeds.rb:19
  [1m[35m (0.4ms)[0m  [1m[35mCOMMIT[0m
  ↳ db/seeds.rb:19
  [1m[35m (0.2ms)[0m  [1m[35mBEGIN[0m
  ↳ db/seeds.rb:21
  [1m[36mSneaker Update (1.5ms)[0m  [1m[33mUPDATE "sneakers" SET "brand_id" = $1, "updated_at" = $2 WHERE "sneakers"."id" = $3[0m  [["brand_id", 6], ["updated_at", "2018-10-11 10:39:53.277808"], ["id", 1]]
  ↳ db/seeds.rb:21
  [1m[35m (0.5ms)[0m  [1m[35mCOMMIT[0m
  ↳ db/seeds.rb:21
  [1m[35m (0.1ms)[0m  [1m[35mBEGIN[0m
  ↳ db/seeds.rb:22
  [1m[36mSneaker Update (0.5ms)[0m  [1m[33mUPDATE "sneakers" SET "brand_id" = $1, "updated_at" = $2 WHERE "sneakers"."id" = $3[0m  [["brand_id", 5], ["updated_at", "2018-10-11 10:39:53.282262"], ["id", 2]]
  ↳ db/seeds.rb:22
  [1m[35m (0.5ms)[0m  [1m[35mCOMMIT[0m
  ↳ db/seeds.rb:22
  [1m[35m (1.3ms)[0m  [1m[34mSELECT "schema_migrations"."version" FROM "schema_migrations" ORDER BY "schema_migrations"."version" ASC[0m
  ↳ bin/rails:9
  [1m[36mSneaker Load (1.0ms)[0m  [1m[34mSELECT "sneakers".* FROM "sneakers"[0m
  ↳ db/seeds.rb:9
  [1m[35m (0.3ms)[0m  [1m[35mBEGIN[0m
  ↳ db/seeds.rb:9
  [1m[36mSneaker Destroy (0.8ms)[0m  [1m[31mDELETE FROM "sneakers" WHERE "sneakers"."id" = $1[0m  [["id", 3]]
  ↳ db/seeds.rb:9
  [1m[35m (0.5ms)[0m  [1m[35mCOMMIT[0m
  ↳ db/seeds.rb:9
  [1m[35m (0.2ms)[0m  [1m[35mBEGIN[0m
  ↳ db/seeds.rb:9
  [1m[36mSneaker Destroy (0.4ms)[0m  [1m[31mDELETE FROM "sneakers" WHERE "sneakers"."id" = $1[0m  [["id", 1]]
  ↳ db/seeds.rb:9
  [1m[35m (0.5ms)[0m  [1m[35mCOMMIT[0m
  ↳ db/seeds.rb:9
  [1m[35m (0.1ms)[0m  [1m[35mBEGIN[0m
  ↳ db/seeds.rb:9
  [1m[36mSneaker Destroy (0.4ms)[0m  [1m[31mDELETE FROM "sneakers" WHERE "sneakers"."id" = $1[0m  [["id", 2]]
  ↳ db/seeds.rb:9
  [1m[35m (0.3ms)[0m  [1m[35mCOMMIT[0m
  ↳ db/seeds.rb:9
  [1m[35m (0.2ms)[0m  [1m[35mBEGIN[0m
  ↳ db/seeds.rb:11
  [1m[36mBrand Load (0.7ms)[0m  [1m[34mSELECT  "brands".* FROM "brands" WHERE "brands"."id" = $1 LIMIT $2[0m  [["id", 1], ["LIMIT", 1]]
  ↳ db/seeds.rb:11
  [1m[35m (0.4ms)[0m  [1m[31mROLLBACK[0m
  ↳ db/seeds.rb:11
  [1m[35m (0.3ms)[0m  [1m[35mBEGIN[0m
  ↳ db/seeds.rb:12
  [1m[36mBrand Load (1.4ms)[0m  [1m[34mSELECT  "brands".* FROM "brands" WHERE "brands"."id" = $1 LIMIT $2[0m  [["id", 2], ["LIMIT", 1]]
  ↳ db/seeds.rb:12
  [1m[35m (0.3ms)[0m  [1m[31mROLLBACK[0m
  ↳ db/seeds.rb:12
  [1m[35m (0.2ms)[0m  [1m[35mBEGIN[0m
  ↳ db/seeds.rb:13
  [1m[36mBrand Load (0.8ms)[0m  [1m[34mSELECT  "brands".* FROM "brands" WHERE "brands"."id" = $1 LIMIT $2[0m  [["id", 3], ["LIMIT", 1]]
  ↳ db/seeds.rb:13
  [1m[35m (0.3ms)[0m  [1m[31mROLLBACK[0m
  ↳ db/seeds.rb:13
  [1m[36mBrand Load (0.6ms)[0m  [1m[34mSELECT "brands".* FROM "brands"[0m
  ↳ db/seeds.rb:15
  [1m[35m (0.3ms)[0m  [1m[35mBEGIN[0m
  ↳ db/seeds.rb:15
  [1m[36mBrand Destroy (0.9ms)[0m  [1m[31mDELETE FROM "brands" WHERE "brands"."id" = $1[0m  [["id", 4]]
  ↳ db/seeds.rb:15
  [1m[35m (0.4ms)[0m  [1m[35mCOMMIT[0m
  ↳ db/seeds.rb:15
  [1m[35m (0.2ms)[0m  [1m[35mBEGIN[0m
  ↳ db/seeds.rb:15
  [1m[36mBrand Destroy (0.5ms)[0m  [1m[31mDELETE FROM "brands" WHERE "brands"."id" = $1[0m  [["id", 5]]
  ↳ db/seeds.rb:15
  [1m[35m (0.4ms)[0m  [1m[35mCOMMIT[0m
  ↳ db/seeds.rb:15
  [1m[35m (0.2ms)[0m  [1m[35mBEGIN[0m
  ↳ db/seeds.rb:15
  [1m[36mBrand Destroy (0.5ms)[0m  [1m[31mDELETE FROM "brands" WHERE "brands"."id" = $1[0m  [["id", 6]]
  ↳ db/seeds.rb:15
  [1m[35m (0.4ms)[0m  [1m[35mCOMMIT[0m
  ↳ db/seeds.rb:15
  [1m[35m (0.3ms)[0m  [1m[35mBEGIN[0m
  ↳ db/seeds.rb:17
  [1m[36mBrand Create (0.9ms)[0m  [1m[32mINSERT INTO "brands" ("company_name", "founded", "image", "created_at", "updated_at") VALUES ($1, $2, $3, $4, $5) RETURNING "id"[0m  [["company_name", "Converse"], ["founded", "1970"], ["image", "https://upload.wikimedia.org/wikipedia/commons/thumb/3/30/Converse_logo.svg/1200px-Converse_logo.svg.png"], ["created_at", "2018-10-11 10:40:21.402272"], ["updated_at", "2018-10-11 10:40:21.402272"]]
  ↳ db/seeds.rb:17
  [1m[35m (0.4ms)[0m  [1m[35mCOMMIT[0m
  ↳ db/seeds.rb:17
  [1m[35m (0.2ms)[0m  [1m[35mBEGIN[0m
  ↳ db/seeds.rb:18
  [1m[36mBrand Create (0.6ms)[0m  [1m[32mINSERT INTO "brands" ("company_name", "founded", "image", "created_at", "updated_at") VALUES ($1, $2, $3, $4, $5) RETURNING "id"[0m  [["company_name", "Nike"], ["founded", "1968"], ["image", "https://upload.wikimedia.org/wikipedia/commons/thumb/a/a6/Logo_NIKE.svg/1200px-Logo_NIKE.svg.png"], ["created_at", "2018-10-11 10:40:21.407272"], ["updated_at", "2018-10-11 10:40:21.407272"]]
  ↳ db/seeds.rb:18
  [1m[35m (0.5ms)[0m  [1m[35mCOMMIT[0m
  ↳ db/seeds.rb:18
  [1m[35m (0.2ms)[0m  [1m[35mBEGIN[0m
  ↳ db/seeds.rb:19
  [1m[36mBrand Create (0.5ms)[0m  [1m[32mINSERT INTO "brands" ("company_name", "founded", "image", "created_at", "updated_at") VALUES ($1, $2, $3, $4, $5) RETURNING "id"[0m  [["company_name", "adidas"], ["founded", "1949"], ["image", "https://upload.wikimedia.org/wikipedia/commons/thumb/2/20/Adidas_Logo.svg/2000px-Adidas_Logo.svg.png"], ["created_at", "2018-10-11 10:40:21.410875"], ["updated_at", "2018-10-11 10:40:21.410875"]]
  ↳ db/seeds.rb:19
  [1m[35m (0.4ms)[0m  [1m[35mCOMMIT[0m
  ↳ db/seeds.rb:19
  [1m[35m (0.2ms)[0m  [1m[35mBEGIN[0m
  ↳ db/seeds.rb:21
  [1m[36mSneaker Create (0.7ms)[0m  [1m[32mINSERT INTO "sneakers" ("name", "silhouette", "color", "release_date", "image", "brand_id", "created_at", "updated_at") VALUES ($1, $2, $3, $4, $5, $6, $7, $8) RETURNING "id"[0m  [["name", "OFF-WHITE x Chuck 70"], ["silhouette", "Chuck Taylor"], ["color", "White"], ["release_date", "2018"], ["image", "https://image.goat.com/crop/750/attachments/product_template_additional_pictures/images/015/264/462/original/459602_01.jpg.jpeg"], ["brand_id", 7], ["created_at", "2018-10-11 10:40:21.417958"], ["updated_at", "2018-10-11 10:40:21.417958"]]
  ↳ db/seeds.rb:21
  [1m[35m (0.4ms)[0m  [1m[35mCOMMIT[0m
  ↳ db/seeds.rb:21
  [1m[35m (0.2ms)[0m  [1m[35mBEGIN[0m
  ↳ db/seeds.rb:22
  [1m[36mSneaker Create (0.6ms)[0m  [1m[32mINSERT INTO "sneakers" ("name", "silhouette", "color", "release_date", "image", "brand_id", "created_at", "updated_at") VALUES ($1, $2, $3, $4, $5, $6, $7, $8) RETURNING "id"[0m  [["name", "OFF-WHITE x Blazer Mid Grim Reapers"], ["silhouette", "Blazer"], ["color", "Black"], ["release_date", "2018"], ["image", "https://image.goat.com/crop/750/attachments/product_template_additional_pictures/images/015/072/548/original/406001_01.jpg.jpeg"], ["brand_id", 8], ["created_at", "2018-10-11 10:40:21.422360"], ["updated_at", "2018-10-11 10:40:21.422360"]]
  ↳ db/seeds.rb:22
  [1m[35m (0.4ms)[0m  [1m[35mCOMMIT[0m
  ↳ db/seeds.rb:22
  [1m[35m (0.2ms)[0m  [1m[35mBEGIN[0m
  ↳ db/seeds.rb:23
  [1m[36mSneaker Create (0.7ms)[0m  [1m[32mINSERT INTO "sneakers" ("name", "silhouette", "color", "release_date", "image", "brand_id", "created_at", "updated_at") VALUES ($1, $2, $3, $4, $5, $6, $7, $8) RETURNING "id"[0m  [["name", "Yeezy Boost 700 OG"], ["silhouette", "Yeezy 700"], ["color", "Grey"], ["release_date", "2017"], ["image", "https://image.goat.com/crop/750/attachments/product_template_additional_pictures/images/014/507/858/original/195483_01.jpg.jpeg"], ["brand_id", 9], ["created_at", "2018-10-11 10:40:21.426047"], ["updated_at", "2018-10-11 10:40:21.426047"]]
  ↳ db/seeds.rb:23
  [1m[35m (0.5ms)[0m  [1m[35mCOMMIT[0m
  ↳ db/seeds.rb:23
Started GET "/users/new" for 127.0.0.1 at 2018-10-11 21:48:04 +1100
  [1m[35m (1.4ms)[0m  [1m[34mSELECT "schema_migrations"."version" FROM "schema_migrations" ORDER BY "schema_migrations"."version" ASC[0m
  ↳ /Users/yiannimoustakas/.rvm/gems/ruby-2.5.1/gems/activerecord-5.2.1/lib/active_record/log_subscriber.rb:98
  
ActiveRecord::PendingMigrationError (

Migrations are pending. To resolve this issue, run:

        bin/rails db:migrate RAILS_ENV=development

):
  
activerecord (5.2.1) lib/active_record/migration.rb:579:in `check_pending!'
activerecord (5.2.1) lib/active_record/migration.rb:556:in `call'
actionpack (5.2.1) lib/action_dispatch/middleware/callbacks.rb:28:in `block in call'
activesupport (5.2.1) lib/active_support/callbacks.rb:98:in `run_callbacks'
actionpack (5.2.1) lib/action_dispatch/middleware/callbacks.rb:26:in `call'
actionpack (5.2.1) lib/action_dispatch/middleware/executor.rb:14:in `call'
actionpack (5.2.1) lib/action_dispatch/middleware/debug_exceptions.rb:61:in `call'
web-console (3.7.0) lib/web_console/middleware.rb:135:in `call_app'
web-console (3.7.0) lib/web_console/middleware.rb:30:in `block in call'
web-console (3.7.0) lib/web_console/middleware.rb:20:in `catch'
web-console (3.7.0) lib/web_console/middleware.rb:20:in `call'
actionpack (5.2.1) lib/action_dispatch/middleware/show_exceptions.rb:33:in `call'
railties (5.2.1) lib/rails/rack/logger.rb:38:in `call_app'
railties (5.2.1) lib/rails/rack/logger.rb:26:in `block in call'
activesupport (5.2.1) lib/active_support/tagged_logging.rb:71:in `block in tagged'
activesupport (5.2.1) lib/active_support/tagged_logging.rb:28:in `tagged'
activesupport (5.2.1) lib/active_support/tagged_logging.rb:71:in `tagged'
railties (5.2.1) lib/rails/rack/logger.rb:26:in `call'
sprockets-rails (3.2.1) lib/sprockets/rails/quiet_assets.rb:13:in `call'
actionpack (5.2.1) lib/action_dispatch/middleware/remote_ip.rb:81:in `call'
actionpack (5.2.1) lib/action_dispatch/middleware/request_id.rb:27:in `call'
rack (2.0.5) lib/rack/method_override.rb:22:in `call'
rack (2.0.5) lib/rack/runtime.rb:22:in `call'
activesupport (5.2.1) lib/active_support/cache/strategy/local_cache_middleware.rb:29:in `call'
actionpack (5.2.1) lib/action_dispatch/middleware/executor.rb:14:in `call'
actionpack (5.2.1) lib/action_dispatch/middleware/static.rb:127:in `call'
rack (2.0.5) lib/rack/sendfile.rb:111:in `call'
railties (5.2.1) lib/rails/engine.rb:524:in `call'
puma (3.12.0) lib/puma/configuration.rb:225:in `call'
puma (3.12.0) lib/puma/server.rb:658:in `handle_request'
puma (3.12.0) lib/puma/server.rb:472:in `process_client'
puma (3.12.0) lib/puma/server.rb:332:in `block in run'
puma (3.12.0) lib/puma/thread_pool.rb:133:in `block in spawn_thread'
  [1m[35m (1.9ms)[0m  [1m[34mSELECT "schema_migrations"."version" FROM "schema_migrations" ORDER BY "schema_migrations"."version" ASC[0m
  ↳ bin/rails:9
  [1m[35m (0.5ms)[0m  [1m[34mSELECT pg_try_advisory_lock(2237721406993087785)[0m
  ↳ bin/rails:9
  [1m[35m (1.3ms)[0m  [1m[34mSELECT "schema_migrations"."version" FROM "schema_migrations" ORDER BY "schema_migrations"."version" ASC[0m
  ↳ bin/rails:9
Migrating to CreateUsers (20181011104441)
  [1m[35m (0.3ms)[0m  [1m[35mBEGIN[0m
  ↳ bin/rails:9
  [1m[35m (17.3ms)[0m  [1m[35mCREATE TABLE "users" ("id" bigserial primary key, "name" text, "email" text, "password_digest" text, "image" text, "created_at" timestamp NOT NULL, "updated_at" timestamp NOT NULL)[0m
  ↳ db/migrate/20181011104441_create_users.rb:3
  [1m[36mActiveRecord::SchemaMigration Create (0.6ms)[0m  [1m[32mINSERT INTO "schema_migrations" ("version") VALUES ($1) RETURNING "version"[0m  [["version", "20181011104441"]]
  ↳ bin/rails:9
  [1m[35m (0.8ms)[0m  [1m[35mCOMMIT[0m
  ↳ bin/rails:9
  [1m[36mActiveRecord::InternalMetadata Load (1.4ms)[0m  [1m[34mSELECT  "ar_internal_metadata".* FROM "ar_internal_metadata" WHERE "ar_internal_metadata"."key" = $1 LIMIT $2[0m  [["key", "environment"], ["LIMIT", 1]]
  ↳ bin/rails:9
  [1m[35m (0.2ms)[0m  [1m[35mBEGIN[0m
  ↳ bin/rails:9
  [1m[35m (0.2ms)[0m  [1m[35mCOMMIT[0m
  ↳ bin/rails:9
  [1m[35m (0.3ms)[0m  [1m[34mSELECT pg_advisory_unlock(2237721406993087785)[0m
  ↳ bin/rails:9
  [1m[35m (0.4ms)[0m  [1m[34mSELECT "schema_migrations"."version" FROM "schema_migrations" ORDER BY "schema_migrations"."version" ASC[0m
  ↳ bin/rails:9
  [1m[35m (1.3ms)[0m  [1m[34mSELECT "schema_migrations"."version" FROM "schema_migrations" ORDER BY "schema_migrations"."version" ASC[0m
  ↳ bin/rails:9
  [1m[36mSneaker Load (1.0ms)[0m  [1m[34mSELECT "sneakers".* FROM "sneakers"[0m
  ↳ db/seeds.rb:9
  [1m[35m (0.3ms)[0m  [1m[35mBEGIN[0m
  ↳ db/seeds.rb:9
  [1m[36mSneaker Destroy (0.9ms)[0m  [1m[31mDELETE FROM "sneakers" WHERE "sneakers"."id" = $1[0m  [["id", 4]]
  ↳ db/seeds.rb:9
  [1m[35m (0.6ms)[0m  [1m[35mCOMMIT[0m
  ↳ db/seeds.rb:9
  [1m[35m (0.2ms)[0m  [1m[35mBEGIN[0m
  ↳ db/seeds.rb:9
  [1m[36mSneaker Destroy (0.4ms)[0m  [1m[31mDELETE FROM "sneakers" WHERE "sneakers"."id" = $1[0m  [["id", 5]]
  ↳ db/seeds.rb:9
  [1m[35m (0.4ms)[0m  [1m[35mCOMMIT[0m
  ↳ db/seeds.rb:9
  [1m[35m (0.1ms)[0m  [1m[35mBEGIN[0m
  ↳ db/seeds.rb:9
  [1m[36mSneaker Destroy (0.4ms)[0m  [1m[31mDELETE FROM "sneakers" WHERE "sneakers"."id" = $1[0m  [["id", 6]]
  ↳ db/seeds.rb:9
  [1m[35m (0.4ms)[0m  [1m[35mCOMMIT[0m
  ↳ db/seeds.rb:9
  [1m[35m (0.1ms)[0m  [1m[35mBEGIN[0m
  ↳ db/seeds.rb:11
  [1m[36mBrand Load (0.6ms)[0m  [1m[34mSELECT  "brands".* FROM "brands" WHERE "brands"."id" = $1 LIMIT $2[0m  [["id", 1], ["LIMIT", 1]]
  ↳ db/seeds.rb:11
  [1m[35m (0.3ms)[0m  [1m[31mROLLBACK[0m
  ↳ db/seeds.rb:11
  [1m[35m (0.2ms)[0m  [1m[35mBEGIN[0m
  ↳ db/seeds.rb:12
  [1m[36mBrand Load (0.4ms)[0m  [1m[34mSELECT  "brands".* FROM "brands" WHERE "brands"."id" = $1 LIMIT $2[0m  [["id", 2], ["LIMIT", 1]]
  ↳ db/seeds.rb:12
  [1m[35m (0.2ms)[0m  [1m[31mROLLBACK[0m
  ↳ db/seeds.rb:12
  [1m[35m (0.2ms)[0m  [1m[35mBEGIN[0m
  ↳ db/seeds.rb:13
  [1m[36mBrand Load (0.4ms)[0m  [1m[34mSELECT  "brands".* FROM "brands" WHERE "brands"."id" = $1 LIMIT $2[0m  [["id", 3], ["LIMIT", 1]]
  ↳ db/seeds.rb:13
  [1m[35m (0.2ms)[0m  [1m[31mROLLBACK[0m
  ↳ db/seeds.rb:13
  [1m[36mBrand Load (0.4ms)[0m  [1m[34mSELECT "brands".* FROM "brands"[0m
  ↳ db/seeds.rb:15
  [1m[35m (0.4ms)[0m  [1m[35mBEGIN[0m
  ↳ db/seeds.rb:15
  [1m[36mBrand Destroy (0.8ms)[0m  [1m[31mDELETE FROM "brands" WHERE "brands"."id" = $1[0m  [["id", 7]]
  ↳ db/seeds.rb:15
  [1m[35m (0.7ms)[0m  [1m[35mCOMMIT[0m
  ↳ db/seeds.rb:15
  [1m[35m (0.2ms)[0m  [1m[35mBEGIN[0m
  ↳ db/seeds.rb:15
  [1m[36mBrand Destroy (0.6ms)[0m  [1m[31mDELETE FROM "brands" WHERE "brands"."id" = $1[0m  [["id", 8]]
  ↳ db/seeds.rb:15
  [1m[35m (0.5ms)[0m  [1m[35mCOMMIT[0m
  ↳ db/seeds.rb:15
  [1m[35m (0.1ms)[0m  [1m[35mBEGIN[0m
  ↳ db/seeds.rb:15
  [1m[36mBrand Destroy (0.4ms)[0m  [1m[31mDELETE FROM "brands" WHERE "brands"."id" = $1[0m  [["id", 9]]
  ↳ db/seeds.rb:15
  [1m[35m (0.5ms)[0m  [1m[35mCOMMIT[0m
  ↳ db/seeds.rb:15
  [1m[35m (0.1ms)[0m  [1m[35mBEGIN[0m
  ↳ db/seeds.rb:17
  [1m[36mBrand Create (0.7ms)[0m  [1m[32mINSERT INTO "brands" ("company_name", "founded", "image", "created_at", "updated_at") VALUES ($1, $2, $3, $4, $5) RETURNING "id"[0m  [["company_name", "Converse"], ["founded", "1970"], ["image", "https://upload.wikimedia.org/wikipedia/commons/thumb/3/30/Converse_logo.svg/1200px-Converse_logo.svg.png"], ["created_at", "2018-10-11 10:48:39.440030"], ["updated_at", "2018-10-11 10:48:39.440030"]]
  ↳ db/seeds.rb:17
  [1m[35m (0.4ms)[0m  [1m[35mCOMMIT[0m
  ↳ db/seeds.rb:17
  [1m[35m (0.2ms)[0m  [1m[35mBEGIN[0m
  ↳ db/seeds.rb:18
  [1m[36mBrand Create (0.4ms)[0m  [1m[32mINSERT INTO "brands" ("company_name", "founded", "image", "created_at", "updated_at") VALUES ($1, $2, $3, $4, $5) RETURNING "id"[0m  [["company_name", "Nike"], ["founded", "1968"], ["image", "https://upload.wikimedia.org/wikipedia/commons/thumb/a/a6/Logo_NIKE.svg/1200px-Logo_NIKE.svg.png"], ["created_at", "2018-10-11 10:48:39.443835"], ["updated_at", "2018-10-11 10:48:39.443835"]]
  ↳ db/seeds.rb:18
  [1m[35m (0.4ms)[0m  [1m[35mCOMMIT[0m
  ↳ db/seeds.rb:18
  [1m[35m (0.2ms)[0m  [1m[35mBEGIN[0m
  ↳ db/seeds.rb:19
  [1m[36mBrand Create (0.5ms)[0m  [1m[32mINSERT INTO "brands" ("company_name", "founded", "image", "created_at", "updated_at") VALUES ($1, $2, $3, $4, $5) RETURNING "id"[0m  [["company_name", "adidas"], ["founded", "1949"], ["image", "https://upload.wikimedia.org/wikipedia/commons/thumb/2/20/Adidas_Logo.svg/2000px-Adidas_Logo.svg.png"], ["created_at", "2018-10-11 10:48:39.446734"], ["updated_at", "2018-10-11 10:48:39.446734"]]
  ↳ db/seeds.rb:19
  [1m[35m (0.5ms)[0m  [1m[35mCOMMIT[0m
  ↳ db/seeds.rb:19
  [1m[35m (0.2ms)[0m  [1m[35mBEGIN[0m
  ↳ db/seeds.rb:21
  [1m[36mSneaker Create (0.7ms)[0m  [1m[32mINSERT INTO "sneakers" ("name", "silhouette", "color", "release_date", "image", "brand_id", "created_at", "updated_at") VALUES ($1, $2, $3, $4, $5, $6, $7, $8) RETURNING "id"[0m  [["name", "OFF-WHITE x Chuck 70"], ["silhouette", "Chuck Taylor"], ["color", "White"], ["release_date", "2018"], ["image", "https://image.goat.com/crop/750/attachments/product_template_additional_pictures/images/015/264/462/original/459602_01.jpg.jpeg"], ["brand_id", 10], ["created_at", "2018-10-11 10:48:39.453592"], ["updated_at", "2018-10-11 10:48:39.453592"]]
  ↳ db/seeds.rb:21
  [1m[35m (0.4ms)[0m  [1m[35mCOMMIT[0m
  ↳ db/seeds.rb:21
  [1m[35m (0.2ms)[0m  [1m[35mBEGIN[0m
  ↳ db/seeds.rb:22
  [1m[36mSneaker Create (0.5ms)[0m  [1m[32mINSERT INTO "sneakers" ("name", "silhouette", "color", "release_date", "image", "brand_id", "created_at", "updated_at") VALUES ($1, $2, $3, $4, $5, $6, $7, $8) RETURNING "id"[0m  [["name", "OFF-WHITE x Blazer Mid Grim Reapers"], ["silhouette", "Blazer"], ["color", "Black"], ["release_date", "2018"], ["image", "https://image.goat.com/crop/750/attachments/product_template_additional_pictures/images/015/072/548/original/406001_01.jpg.jpeg"], ["brand_id", 11], ["created_at", "2018-10-11 10:48:39.457180"], ["updated_at", "2018-10-11 10:48:39.457180"]]
  ↳ db/seeds.rb:22
  [1m[35m (0.4ms)[0m  [1m[35mCOMMIT[0m
  ↳ db/seeds.rb:22
  [1m[35m (0.1ms)[0m  [1m[35mBEGIN[0m
  ↳ db/seeds.rb:23
  [1m[36mSneaker Create (0.4ms)[0m  [1m[32mINSERT INTO "sneakers" ("name", "silhouette", "color", "release_date", "image", "brand_id", "created_at", "updated_at") VALUES ($1, $2, $3, $4, $5, $6, $7, $8) RETURNING "id"[0m  [["name", "Yeezy Boost 700 OG"], ["silhouette", "Yeezy 700"], ["color", "Grey"], ["release_date", "2017"], ["image", "https://image.goat.com/crop/750/attachments/product_template_additional_pictures/images/014/507/858/original/195483_01.jpg.jpeg"], ["brand_id", 12], ["created_at", "2018-10-11 10:48:39.460165"], ["updated_at", "2018-10-11 10:48:39.460165"]]
  ↳ db/seeds.rb:23
  [1m[35m (0.5ms)[0m  [1m[35mCOMMIT[0m
  ↳ db/seeds.rb:23
Started GET "/users/new" for 127.0.0.1 at 2018-10-11 21:48:56 +1100
  [1m[35m (2.0ms)[0m  [1m[34mSELECT "schema_migrations"."version" FROM "schema_migrations" ORDER BY "schema_migrations"."version" ASC[0m
  ↳ /Users/yiannimoustakas/.rvm/gems/ruby-2.5.1/gems/activerecord-5.2.1/lib/active_record/log_subscriber.rb:98
Processing by UsersController#new as HTML
Completed 500 Internal Server Error in 5ms (ActiveRecord: 0.0ms)


  
LoadError (cannot load such file -- bcrypt):
  
app/models/user.rb:3:in `<class:User>'
app/models/user.rb:1:in `<main>'
app/controllers/users_controller.rb:4:in `new'
Started GET "/users/new" for 127.0.0.1 at 2018-10-11 21:49:51 +1100
  [1m[35m (2.0ms)[0m  [1m[34mSELECT "schema_migrations"."version" FROM "schema_migrations" ORDER BY "schema_migrations"."version" ASC[0m
  ↳ /Users/yiannimoustakas/.rvm/gems/ruby-2.5.1/gems/activerecord-5.2.1/lib/active_record/log_subscriber.rb:98
Processing by UsersController#new as HTML
  Rendering users/new.html.erb within layouts/application
  Rendered users/new.html.erb within layouts/application (1.5ms)
Completed 200 OK in 757ms (Views: 725.2ms | ActiveRecord: 11.4ms)


Started GET "/users/new" for 127.0.0.1 at 2018-10-11 21:54:27 +1100
Started GET "/users" for 127.0.0.1 at 2018-10-11 21:54:37 +1100
Processing by UsersController#new as HTML
  Rendering users/new.html.erb within layouts/application
  Rendered users/new.html.erb within layouts/application (35.1ms)
Completed 200 OK in 126ms (Views: 82.3ms | ActiveRecord: 13.9ms)


Started GET "/users/new" for 127.0.0.1 at 2018-10-11 21:54:37 +1100
  
ActionController::RoutingError (No route matches [GET] "/users"):
  
actionpack (5.2.1) lib/action_dispatch/middleware/debug_exceptions.rb:65:in `call'
web-console (3.7.0) lib/web_console/middleware.rb:135:in `call_app'
web-console (3.7.0) lib/web_console/middleware.rb:30:in `block in call'
web-console (3.7.0) lib/web_console/middleware.rb:20:in `catch'
web-console (3.7.0) lib/web_console/middleware.rb:20:in `call'
actionpack (5.2.1) lib/action_dispatch/middleware/show_exceptions.rb:33:in `call'
railties (5.2.1) lib/rails/rack/logger.rb:38:in `call_app'
railties (5.2.1) lib/rails/rack/logger.rb:26:in `block in call'
activesupport (5.2.1) lib/active_support/tagged_logging.rb:71:in `block in tagged'
activesupport (5.2.1) lib/active_support/tagged_logging.rb:28:in `tagged'
activesupport (5.2.1) lib/active_support/tagged_logging.rb:71:in `tagged'
railties (5.2.1) lib/rails/rack/logger.rb:26:in `call'
sprockets-rails (3.2.1) lib/sprockets/rails/quiet_assets.rb:13:in `call'
actionpack (5.2.1) lib/action_dispatch/middleware/remote_ip.rb:81:in `call'
actionpack (5.2.1) lib/action_dispatch/middleware/request_id.rb:27:in `call'
rack (2.0.5) lib/rack/method_override.rb:22:in `call'
rack (2.0.5) lib/rack/runtime.rb:22:in `call'
activesupport (5.2.1) lib/active_support/cache/strategy/local_cache_middleware.rb:29:in `call'
actionpack (5.2.1) lib/action_dispatch/middleware/executor.rb:14:in `call'
actionpack (5.2.1) lib/action_dispatch/middleware/static.rb:127:in `call'
rack (2.0.5) lib/rack/sendfile.rb:111:in `call'
railties (5.2.1) lib/rails/engine.rb:524:in `call'
puma (3.12.0) lib/puma/configuration.rb:225:in `call'
puma (3.12.0) lib/puma/server.rb:658:in `handle_request'
puma (3.12.0) lib/puma/server.rb:472:in `process_client'
puma (3.12.0) lib/puma/server.rb:332:in `block in run'
puma (3.12.0) lib/puma/thread_pool.rb:133:in `block in spawn_thread'
Processing by UsersController#new as HTML
Started GET "/users/new" for 127.0.0.1 at 2018-10-11 21:54:38 +1100
Processing by UsersController#new as HTML
  Rendering users/new.html.erb within layouts/application
  Rendering users/new.html.erb within layouts/application
  Rendered users/new.html.erb within layouts/application (5.2ms)
  Rendered users/new.html.erb within layouts/application (3.0ms)
Completed 200 OK in 93ms (Views: 67.7ms | ActiveRecord: 0.0ms)


Completed 200 OK in 192ms (Views: 166.8ms | ActiveRecord: 0.0ms)


Started GET "/login" for 127.0.0.1 at 2018-10-11 21:54:43 +1100
Processing by SessionController#new as HTML
  Rendering session/new.html.erb within layouts/application
  Rendered session/new.html.erb within layouts/application (1.8ms)
Completed 200 OK in 67ms (Views: 61.8ms | ActiveRecord: 0.0ms)


Started GET "/users/new" for 127.0.0.1 at 2018-10-11 21:54:45 +1100
Processing by UsersController#new as HTML
  Rendering users/new.html.erb within layouts/application
  Rendered users/new.html.erb within layouts/application (4.5ms)
Completed 200 OK in 58ms (Views: 52.6ms | ActiveRecord: 0.0ms)


Started GET "/login" for 127.0.0.1 at 2018-10-11 21:54:47 +1100
Processing by SessionController#new as HTML
  Rendering session/new.html.erb within layouts/application
  Rendered session/new.html.erb within layouts/application (1.5ms)
Completed 200 OK in 54ms (Views: 49.3ms | ActiveRecord: 0.0ms)


Started GET "/users/new" for 127.0.0.1 at 2018-10-11 21:54:48 +1100
Processing by UsersController#new as HTML
  Rendering users/new.html.erb within layouts/application
  Rendered users/new.html.erb within layouts/application (5.6ms)
Completed 200 OK in 58ms (Views: 52.1ms | ActiveRecord: 0.0ms)


Started GET "/login" for 127.0.0.1 at 2018-10-11 21:54:48 +1100
Processing by SessionController#new as HTML
  Rendering session/new.html.erb within layouts/application
  Rendered session/new.html.erb within layouts/application (2.4ms)
Completed 200 OK in 71ms (Views: 66.1ms | ActiveRecord: 0.0ms)


Started GET "/users/new" for 127.0.0.1 at 2018-10-11 21:54:49 +1100
Processing by UsersController#new as HTML
  Rendering users/new.html.erb within layouts/application
  Rendered users/new.html.erb within layouts/application (3.8ms)
Completed 200 OK in 45ms (Views: 39.4ms | ActiveRecord: 0.0ms)


Started GET "/login" for 127.0.0.1 at 2018-10-11 21:54:49 +1100
Processing by SessionController#new as HTML
  Rendering session/new.html.erb within layouts/application
  Rendered session/new.html.erb within layouts/application (1.3ms)
Completed 200 OK in 43ms (Views: 37.1ms | ActiveRecord: 0.0ms)


Started GET "/users/new" for 127.0.0.1 at 2018-10-11 21:54:50 +1100
Processing by UsersController#new as HTML
  Rendering users/new.html.erb within layouts/application
  Rendered users/new.html.erb within layouts/application (2.8ms)
Completed 200 OK in 44ms (Views: 39.6ms | ActiveRecord: 0.0ms)


Started GET "/users/new" for 127.0.0.1 at 2018-10-11 21:55:08 +1100
Processing by UsersController#new as HTML
  Rendering users/new.html.erb within layouts/application
  Rendered users/new.html.erb within layouts/application (4.7ms)
Completed 200 OK in 46ms (Views: 38.7ms | ActiveRecord: 0.0ms)


Started GET "/users/new" for 127.0.0.1 at 2018-10-11 21:55:10 +1100
Processing by UsersController#new as HTML
  Rendering users/new.html.erb within layouts/application
  Rendered users/new.html.erb within layouts/application (4.5ms)
Completed 200 OK in 42ms (Views: 37.0ms | ActiveRecord: 0.0ms)


Started GET "/users/new" for 127.0.0.1 at 2018-10-11 21:55:16 +1100
Processing by UsersController#new as HTML
  Rendering users/new.html.erb within layouts/application
  Rendered users/new.html.erb within layouts/application (6.3ms)
Completed 200 OK in 51ms (Views: 43.4ms | ActiveRecord: 0.0ms)


Started GET "/users/new" for 127.0.0.1 at 2018-10-11 21:55:19 +1100
Processing by UsersController#new as HTML
  Rendering users/new.html.erb within layouts/application
  Rendered users/new.html.erb within layouts/application (4.9ms)
Completed 200 OK in 45ms (Views: 39.4ms | ActiveRecord: 0.0ms)


Started GET "/login" for 127.0.0.1 at 2018-10-11 21:55:20 +1100
Processing by SessionController#new as HTML
  Rendering session/new.html.erb within layouts/application
  Rendered session/new.html.erb within layouts/application (1.8ms)
Completed 200 OK in 61ms (Views: 55.6ms | ActiveRecord: 0.0ms)


Started GET "/users/new" for 127.0.0.1 at 2018-10-11 21:55:22 +1100
Processing by UsersController#new as HTML
  Rendering users/new.html.erb within layouts/application
  Rendered users/new.html.erb within layouts/application (3.2ms)
Completed 200 OK in 46ms (Views: 40.4ms | ActiveRecord: 0.0ms)


