Started GET "/" for 127.0.0.1 at 2018-10-09 17:05:45 +1100
Processing by Rails::WelcomeController#index as HTML
  Rendering /Users/brianellis/.rvm/gems/ruby-2.5.1/gems/railties-5.2.1/lib/rails/templates/rails/welcome/index.html.erb
  Rendered /Users/brianellis/.rvm/gems/ruby-2.5.1/gems/railties-5.2.1/lib/rails/templates/rails/welcome/index.html.erb (4.8ms)
Completed 200 OK in 28ms (Views: 16.7ms | ActiveRecord: 0.0ms)


Started GET "/SuperCars" for 127.0.0.1 at 2018-10-09 17:05:59 +1100
  
ActionController::RoutingError (No route matches [GET] "/SuperCars"):
  
actionpack (5.2.1) lib/action_dispatch/middleware/debug_exceptions.rb:65:in `call'
web-console (3.7.0) lib/web_console/middleware.rb:135:in `call_app'
web-console (3.7.0) lib/web_console/middleware.rb:30:in `block in call'
web-console (3.7.0) lib/web_console/middleware.rb:20:in `catch'
web-console (3.7.0) lib/web_console/middleware.rb:20:in `call'
actionpack (5.2.1) lib/action_dispatch/middleware/show_exceptions.rb:33:in `call'
railties (5.2.1) lib/rails/rack/logger.rb:38:in `call_app'
railties (5.2.1) lib/rails/rack/logger.rb:26:in `block in call'
activesupport (5.2.1) lib/active_support/tagged_logging.rb:71:in `block in tagged'
activesupport (5.2.1) lib/active_support/tagged_logging.rb:28:in `tagged'
activesupport (5.2.1) lib/active_support/tagged_logging.rb:71:in `tagged'
railties (5.2.1) lib/rails/rack/logger.rb:26:in `call'
sprockets-rails (3.2.1) lib/sprockets/rails/quiet_assets.rb:13:in `call'
actionpack (5.2.1) lib/action_dispatch/middleware/remote_ip.rb:81:in `call'
actionpack (5.2.1) lib/action_dispatch/middleware/request_id.rb:27:in `call'
rack (2.0.5) lib/rack/method_override.rb:22:in `call'
rack (2.0.5) lib/rack/runtime.rb:22:in `call'
activesupport (5.2.1) lib/active_support/cache/strategy/local_cache_middleware.rb:29:in `call'
actionpack (5.2.1) lib/action_dispatch/middleware/executor.rb:14:in `call'
actionpack (5.2.1) lib/action_dispatch/middleware/static.rb:127:in `call'
rack (2.0.5) lib/rack/sendfile.rb:111:in `call'
railties (5.2.1) lib/rails/engine.rb:524:in `call'
puma (3.12.0) lib/puma/configuration.rb:225:in `call'
puma (3.12.0) lib/puma/server.rb:658:in `handle_request'
puma (3.12.0) lib/puma/server.rb:472:in `process_client'
puma (3.12.0) lib/puma/server.rb:332:in `block in run'
puma (3.12.0) lib/puma/thread_pool.rb:133:in `block in spawn_thread'
Started GET "/cars" for 127.0.0.1 at 2018-10-09 17:09:23 +1100
  
ActionController::RoutingError (uninitialized constant CarsController):
  
bootsnap (1.3.2) lib/bootsnap/load_path_cache/core_ext/active_support.rb:74:in `block in load_missing_constant'
bootsnap (1.3.2) lib/bootsnap/load_path_cache/core_ext/active_support.rb:8:in `without_bootsnap_cache'
bootsnap (1.3.2) lib/bootsnap/load_path_cache/core_ext/active_support.rb:74:in `rescue in load_missing_constant'
bootsnap (1.3.2) lib/bootsnap/load_path_cache/core_ext/active_support.rb:56:in `load_missing_constant'
activesupport (5.2.1) lib/active_support/inflector/methods.rb:283:in `const_get'
activesupport (5.2.1) lib/active_support/inflector/methods.rb:283:in `block in constantize'
activesupport (5.2.1) lib/active_support/inflector/methods.rb:281:in `each'
activesupport (5.2.1) lib/active_support/inflector/methods.rb:281:in `inject'
activesupport (5.2.1) lib/active_support/inflector/methods.rb:281:in `constantize'
actionpack (5.2.1) lib/action_dispatch/http/request.rb:88:in `controller_class_for'
actionpack (5.2.1) lib/action_dispatch/http/request.rb:81:in `controller_class'
actionpack (5.2.1) lib/action_dispatch/routing/route_set.rb:46:in `controller'
actionpack (5.2.1) lib/action_dispatch/routing/route_set.rb:32:in `serve'
actionpack (5.2.1) lib/action_dispatch/journey/router.rb:52:in `block in serve'
actionpack (5.2.1) lib/action_dispatch/journey/router.rb:35:in `each'
actionpack (5.2.1) lib/action_dispatch/journey/router.rb:35:in `serve'
actionpack (5.2.1) lib/action_dispatch/routing/route_set.rb:840:in `call'
rack (2.0.5) lib/rack/tempfile_reaper.rb:15:in `call'
rack (2.0.5) lib/rack/etag.rb:25:in `call'
rack (2.0.5) lib/rack/conditional_get.rb:25:in `call'
rack (2.0.5) lib/rack/head.rb:12:in `call'
actionpack (5.2.1) lib/action_dispatch/http/content_security_policy.rb:18:in `call'
rack (2.0.5) lib/rack/session/abstract/id.rb:232:in `context'
rack (2.0.5) lib/rack/session/abstract/id.rb:226:in `call'
actionpack (5.2.1) lib/action_dispatch/middleware/cookies.rb:670:in `call'
activerecord (5.2.1) lib/active_record/migration.rb:559:in `call'
actionpack (5.2.1) lib/action_dispatch/middleware/callbacks.rb:28:in `block in call'
activesupport (5.2.1) lib/active_support/callbacks.rb:98:in `run_callbacks'
actionpack (5.2.1) lib/action_dispatch/middleware/callbacks.rb:26:in `call'
actionpack (5.2.1) lib/action_dispatch/middleware/executor.rb:14:in `call'
actionpack (5.2.1) lib/action_dispatch/middleware/debug_exceptions.rb:61:in `call'
web-console (3.7.0) lib/web_console/middleware.rb:135:in `call_app'
web-console (3.7.0) lib/web_console/middleware.rb:30:in `block in call'
web-console (3.7.0) lib/web_console/middleware.rb:20:in `catch'
web-console (3.7.0) lib/web_console/middleware.rb:20:in `call'
actionpack (5.2.1) lib/action_dispatch/middleware/show_exceptions.rb:33:in `call'
railties (5.2.1) lib/rails/rack/logger.rb:38:in `call_app'
railties (5.2.1) lib/rails/rack/logger.rb:26:in `block in call'
activesupport (5.2.1) lib/active_support/tagged_logging.rb:71:in `block in tagged'
activesupport (5.2.1) lib/active_support/tagged_logging.rb:28:in `tagged'
activesupport (5.2.1) lib/active_support/tagged_logging.rb:71:in `tagged'
railties (5.2.1) lib/rails/rack/logger.rb:26:in `call'
sprockets-rails (3.2.1) lib/sprockets/rails/quiet_assets.rb:13:in `call'
actionpack (5.2.1) lib/action_dispatch/middleware/remote_ip.rb:81:in `call'
actionpack (5.2.1) lib/action_dispatch/middleware/request_id.rb:27:in `call'
rack (2.0.5) lib/rack/method_override.rb:22:in `call'
rack (2.0.5) lib/rack/runtime.rb:22:in `call'
activesupport (5.2.1) lib/active_support/cache/strategy/local_cache_middleware.rb:29:in `call'
actionpack (5.2.1) lib/action_dispatch/middleware/executor.rb:14:in `call'
actionpack (5.2.1) lib/action_dispatch/middleware/static.rb:127:in `call'
rack (2.0.5) lib/rack/sendfile.rb:111:in `call'
railties (5.2.1) lib/rails/engine.rb:524:in `call'
puma (3.12.0) lib/puma/configuration.rb:225:in `call'
puma (3.12.0) lib/puma/server.rb:658:in `handle_request'
puma (3.12.0) lib/puma/server.rb:472:in `process_client'
puma (3.12.0) lib/puma/server.rb:332:in `block in run'
puma (3.12.0) lib/puma/thread_pool.rb:133:in `block in spawn_thread'
Started GET "/cars" for 127.0.0.1 at 2018-10-09 17:10:02 +1100
  
ActionController::RoutingError (uninitialized constant CarsController):
  
bootsnap (1.3.2) lib/bootsnap/load_path_cache/core_ext/active_support.rb:74:in `block in load_missing_constant'
bootsnap (1.3.2) lib/bootsnap/load_path_cache/core_ext/active_support.rb:8:in `without_bootsnap_cache'
bootsnap (1.3.2) lib/bootsnap/load_path_cache/core_ext/active_support.rb:74:in `rescue in load_missing_constant'
bootsnap (1.3.2) lib/bootsnap/load_path_cache/core_ext/active_support.rb:56:in `load_missing_constant'
activesupport (5.2.1) lib/active_support/inflector/methods.rb:283:in `const_get'
activesupport (5.2.1) lib/active_support/inflector/methods.rb:283:in `block in constantize'
activesupport (5.2.1) lib/active_support/inflector/methods.rb:281:in `each'
activesupport (5.2.1) lib/active_support/inflector/methods.rb:281:in `inject'
activesupport (5.2.1) lib/active_support/inflector/methods.rb:281:in `constantize'
actionpack (5.2.1) lib/action_dispatch/http/request.rb:88:in `controller_class_for'
actionpack (5.2.1) lib/action_dispatch/http/request.rb:81:in `controller_class'
actionpack (5.2.1) lib/action_dispatch/routing/route_set.rb:46:in `controller'
actionpack (5.2.1) lib/action_dispatch/routing/route_set.rb:32:in `serve'
actionpack (5.2.1) lib/action_dispatch/journey/router.rb:52:in `block in serve'
actionpack (5.2.1) lib/action_dispatch/journey/router.rb:35:in `each'
actionpack (5.2.1) lib/action_dispatch/journey/router.rb:35:in `serve'
actionpack (5.2.1) lib/action_dispatch/routing/route_set.rb:840:in `call'
rack (2.0.5) lib/rack/tempfile_reaper.rb:15:in `call'
rack (2.0.5) lib/rack/etag.rb:25:in `call'
rack (2.0.5) lib/rack/conditional_get.rb:25:in `call'
rack (2.0.5) lib/rack/head.rb:12:in `call'
actionpack (5.2.1) lib/action_dispatch/http/content_security_policy.rb:18:in `call'
rack (2.0.5) lib/rack/session/abstract/id.rb:232:in `context'
rack (2.0.5) lib/rack/session/abstract/id.rb:226:in `call'
actionpack (5.2.1) lib/action_dispatch/middleware/cookies.rb:670:in `call'
activerecord (5.2.1) lib/active_record/migration.rb:559:in `call'
actionpack (5.2.1) lib/action_dispatch/middleware/callbacks.rb:28:in `block in call'
activesupport (5.2.1) lib/active_support/callbacks.rb:98:in `run_callbacks'
actionpack (5.2.1) lib/action_dispatch/middleware/callbacks.rb:26:in `call'
actionpack (5.2.1) lib/action_dispatch/middleware/executor.rb:14:in `call'
actionpack (5.2.1) lib/action_dispatch/middleware/debug_exceptions.rb:61:in `call'
web-console (3.7.0) lib/web_console/middleware.rb:135:in `call_app'
web-console (3.7.0) lib/web_console/middleware.rb:30:in `block in call'
web-console (3.7.0) lib/web_console/middleware.rb:20:in `catch'
web-console (3.7.0) lib/web_console/middleware.rb:20:in `call'
actionpack (5.2.1) lib/action_dispatch/middleware/show_exceptions.rb:33:in `call'
railties (5.2.1) lib/rails/rack/logger.rb:38:in `call_app'
railties (5.2.1) lib/rails/rack/logger.rb:26:in `block in call'
activesupport (5.2.1) lib/active_support/tagged_logging.rb:71:in `block in tagged'
activesupport (5.2.1) lib/active_support/tagged_logging.rb:28:in `tagged'
activesupport (5.2.1) lib/active_support/tagged_logging.rb:71:in `tagged'
railties (5.2.1) lib/rails/rack/logger.rb:26:in `call'
sprockets-rails (3.2.1) lib/sprockets/rails/quiet_assets.rb:13:in `call'
actionpack (5.2.1) lib/action_dispatch/middleware/remote_ip.rb:81:in `call'
actionpack (5.2.1) lib/action_dispatch/middleware/request_id.rb:27:in `call'
rack (2.0.5) lib/rack/method_override.rb:22:in `call'
rack (2.0.5) lib/rack/runtime.rb:22:in `call'
activesupport (5.2.1) lib/active_support/cache/strategy/local_cache_middleware.rb:29:in `call'
actionpack (5.2.1) lib/action_dispatch/middleware/executor.rb:14:in `call'
actionpack (5.2.1) lib/action_dispatch/middleware/static.rb:127:in `call'
rack (2.0.5) lib/rack/sendfile.rb:111:in `call'
railties (5.2.1) lib/rails/engine.rb:524:in `call'
puma (3.12.0) lib/puma/configuration.rb:225:in `call'
puma (3.12.0) lib/puma/server.rb:658:in `handle_request'
puma (3.12.0) lib/puma/server.rb:472:in `process_client'
puma (3.12.0) lib/puma/server.rb:332:in `block in run'
puma (3.12.0) lib/puma/thread_pool.rb:133:in `block in spawn_thread'
Started GET "/cars_path" for 127.0.0.1 at 2018-10-09 17:10:11 +1100
  
ActionController::RoutingError (No route matches [GET] "/cars_path"):
  
actionpack (5.2.1) lib/action_dispatch/middleware/debug_exceptions.rb:65:in `call'
web-console (3.7.0) lib/web_console/middleware.rb:135:in `call_app'
web-console (3.7.0) lib/web_console/middleware.rb:30:in `block in call'
web-console (3.7.0) lib/web_console/middleware.rb:20:in `catch'
web-console (3.7.0) lib/web_console/middleware.rb:20:in `call'
actionpack (5.2.1) lib/action_dispatch/middleware/show_exceptions.rb:33:in `call'
railties (5.2.1) lib/rails/rack/logger.rb:38:in `call_app'
railties (5.2.1) lib/rails/rack/logger.rb:26:in `block in call'
activesupport (5.2.1) lib/active_support/tagged_logging.rb:71:in `block in tagged'
activesupport (5.2.1) lib/active_support/tagged_logging.rb:28:in `tagged'
activesupport (5.2.1) lib/active_support/tagged_logging.rb:71:in `tagged'
railties (5.2.1) lib/rails/rack/logger.rb:26:in `call'
sprockets-rails (3.2.1) lib/sprockets/rails/quiet_assets.rb:13:in `call'
actionpack (5.2.1) lib/action_dispatch/middleware/remote_ip.rb:81:in `call'
actionpack (5.2.1) lib/action_dispatch/middleware/request_id.rb:27:in `call'
rack (2.0.5) lib/rack/method_override.rb:22:in `call'
rack (2.0.5) lib/rack/runtime.rb:22:in `call'
activesupport (5.2.1) lib/active_support/cache/strategy/local_cache_middleware.rb:29:in `call'
actionpack (5.2.1) lib/action_dispatch/middleware/executor.rb:14:in `call'
actionpack (5.2.1) lib/action_dispatch/middleware/static.rb:127:in `call'
rack (2.0.5) lib/rack/sendfile.rb:111:in `call'
railties (5.2.1) lib/rails/engine.rb:524:in `call'
puma (3.12.0) lib/puma/configuration.rb:225:in `call'
puma (3.12.0) lib/puma/server.rb:658:in `handle_request'
puma (3.12.0) lib/puma/server.rb:472:in `process_client'
puma (3.12.0) lib/puma/server.rb:332:in `block in run'
puma (3.12.0) lib/puma/thread_pool.rb:133:in `block in spawn_thread'
Started GET "/cars" for 127.0.0.1 at 2018-10-09 17:10:27 +1100
  
ActionController::RoutingError (uninitialized constant CarsController):
  
bootsnap (1.3.2) lib/bootsnap/load_path_cache/core_ext/active_support.rb:74:in `block in load_missing_constant'
bootsnap (1.3.2) lib/bootsnap/load_path_cache/core_ext/active_support.rb:8:in `without_bootsnap_cache'
bootsnap (1.3.2) lib/bootsnap/load_path_cache/core_ext/active_support.rb:74:in `rescue in load_missing_constant'
bootsnap (1.3.2) lib/bootsnap/load_path_cache/core_ext/active_support.rb:56:in `load_missing_constant'
activesupport (5.2.1) lib/active_support/inflector/methods.rb:283:in `const_get'
activesupport (5.2.1) lib/active_support/inflector/methods.rb:283:in `block in constantize'
activesupport (5.2.1) lib/active_support/inflector/methods.rb:281:in `each'
activesupport (5.2.1) lib/active_support/inflector/methods.rb:281:in `inject'
activesupport (5.2.1) lib/active_support/inflector/methods.rb:281:in `constantize'
actionpack (5.2.1) lib/action_dispatch/http/request.rb:88:in `controller_class_for'
actionpack (5.2.1) lib/action_dispatch/http/request.rb:81:in `controller_class'
actionpack (5.2.1) lib/action_dispatch/routing/route_set.rb:46:in `controller'
actionpack (5.2.1) lib/action_dispatch/routing/route_set.rb:32:in `serve'
actionpack (5.2.1) lib/action_dispatch/journey/router.rb:52:in `block in serve'
actionpack (5.2.1) lib/action_dispatch/journey/router.rb:35:in `each'
actionpack (5.2.1) lib/action_dispatch/journey/router.rb:35:in `serve'
actionpack (5.2.1) lib/action_dispatch/routing/route_set.rb:840:in `call'
rack (2.0.5) lib/rack/tempfile_reaper.rb:15:in `call'
rack (2.0.5) lib/rack/etag.rb:25:in `call'
rack (2.0.5) lib/rack/conditional_get.rb:25:in `call'
rack (2.0.5) lib/rack/head.rb:12:in `call'
actionpack (5.2.1) lib/action_dispatch/http/content_security_policy.rb:18:in `call'
rack (2.0.5) lib/rack/session/abstract/id.rb:232:in `context'
rack (2.0.5) lib/rack/session/abstract/id.rb:226:in `call'
actionpack (5.2.1) lib/action_dispatch/middleware/cookies.rb:670:in `call'
activerecord (5.2.1) lib/active_record/migration.rb:559:in `call'
actionpack (5.2.1) lib/action_dispatch/middleware/callbacks.rb:28:in `block in call'
activesupport (5.2.1) lib/active_support/callbacks.rb:98:in `run_callbacks'
actionpack (5.2.1) lib/action_dispatch/middleware/callbacks.rb:26:in `call'
actionpack (5.2.1) lib/action_dispatch/middleware/executor.rb:14:in `call'
actionpack (5.2.1) lib/action_dispatch/middleware/debug_exceptions.rb:61:in `call'
web-console (3.7.0) lib/web_console/middleware.rb:135:in `call_app'
web-console (3.7.0) lib/web_console/middleware.rb:30:in `block in call'
web-console (3.7.0) lib/web_console/middleware.rb:20:in `catch'
web-console (3.7.0) lib/web_console/middleware.rb:20:in `call'
actionpack (5.2.1) lib/action_dispatch/middleware/show_exceptions.rb:33:in `call'
railties (5.2.1) lib/rails/rack/logger.rb:38:in `call_app'
railties (5.2.1) lib/rails/rack/logger.rb:26:in `block in call'
activesupport (5.2.1) lib/active_support/tagged_logging.rb:71:in `block in tagged'
activesupport (5.2.1) lib/active_support/tagged_logging.rb:28:in `tagged'
activesupport (5.2.1) lib/active_support/tagged_logging.rb:71:in `tagged'
railties (5.2.1) lib/rails/rack/logger.rb:26:in `call'
sprockets-rails (3.2.1) lib/sprockets/rails/quiet_assets.rb:13:in `call'
actionpack (5.2.1) lib/action_dispatch/middleware/remote_ip.rb:81:in `call'
actionpack (5.2.1) lib/action_dispatch/middleware/request_id.rb:27:in `call'
rack (2.0.5) lib/rack/method_override.rb:22:in `call'
rack (2.0.5) lib/rack/runtime.rb:22:in `call'
activesupport (5.2.1) lib/active_support/cache/strategy/local_cache_middleware.rb:29:in `call'
actionpack (5.2.1) lib/action_dispatch/middleware/executor.rb:14:in `call'
actionpack (5.2.1) lib/action_dispatch/middleware/static.rb:127:in `call'
rack (2.0.5) lib/rack/sendfile.rb:111:in `call'
railties (5.2.1) lib/rails/engine.rb:524:in `call'
puma (3.12.0) lib/puma/configuration.rb:225:in `call'
puma (3.12.0) lib/puma/server.rb:658:in `handle_request'
puma (3.12.0) lib/puma/server.rb:472:in `process_client'
puma (3.12.0) lib/puma/server.rb:332:in `block in run'
puma (3.12.0) lib/puma/thread_pool.rb:133:in `block in spawn_thread'
Started GET "/cars" for 127.0.0.1 at 2018-10-09 17:16:48 +1100
  
ActionController::RoutingError (uninitialized constant CarsController):
  
bootsnap (1.3.2) lib/bootsnap/load_path_cache/core_ext/active_support.rb:74:in `block in load_missing_constant'
bootsnap (1.3.2) lib/bootsnap/load_path_cache/core_ext/active_support.rb:8:in `without_bootsnap_cache'
bootsnap (1.3.2) lib/bootsnap/load_path_cache/core_ext/active_support.rb:74:in `rescue in load_missing_constant'
bootsnap (1.3.2) lib/bootsnap/load_path_cache/core_ext/active_support.rb:56:in `load_missing_constant'
activesupport (5.2.1) lib/active_support/inflector/methods.rb:283:in `const_get'
activesupport (5.2.1) lib/active_support/inflector/methods.rb:283:in `block in constantize'
activesupport (5.2.1) lib/active_support/inflector/methods.rb:281:in `each'
activesupport (5.2.1) lib/active_support/inflector/methods.rb:281:in `inject'
activesupport (5.2.1) lib/active_support/inflector/methods.rb:281:in `constantize'
actionpack (5.2.1) lib/action_dispatch/http/request.rb:88:in `controller_class_for'
actionpack (5.2.1) lib/action_dispatch/http/request.rb:81:in `controller_class'
actionpack (5.2.1) lib/action_dispatch/routing/route_set.rb:46:in `controller'
actionpack (5.2.1) lib/action_dispatch/routing/route_set.rb:32:in `serve'
actionpack (5.2.1) lib/action_dispatch/journey/router.rb:52:in `block in serve'
actionpack (5.2.1) lib/action_dispatch/journey/router.rb:35:in `each'
actionpack (5.2.1) lib/action_dispatch/journey/router.rb:35:in `serve'
actionpack (5.2.1) lib/action_dispatch/routing/route_set.rb:840:in `call'
rack (2.0.5) lib/rack/tempfile_reaper.rb:15:in `call'
rack (2.0.5) lib/rack/etag.rb:25:in `call'
rack (2.0.5) lib/rack/conditional_get.rb:25:in `call'
rack (2.0.5) lib/rack/head.rb:12:in `call'
actionpack (5.2.1) lib/action_dispatch/http/content_security_policy.rb:18:in `call'
rack (2.0.5) lib/rack/session/abstract/id.rb:232:in `context'
rack (2.0.5) lib/rack/session/abstract/id.rb:226:in `call'
actionpack (5.2.1) lib/action_dispatch/middleware/cookies.rb:670:in `call'
activerecord (5.2.1) lib/active_record/migration.rb:559:in `call'
actionpack (5.2.1) lib/action_dispatch/middleware/callbacks.rb:28:in `block in call'
activesupport (5.2.1) lib/active_support/callbacks.rb:98:in `run_callbacks'
actionpack (5.2.1) lib/action_dispatch/middleware/callbacks.rb:26:in `call'
actionpack (5.2.1) lib/action_dispatch/middleware/executor.rb:14:in `call'
actionpack (5.2.1) lib/action_dispatch/middleware/debug_exceptions.rb:61:in `call'
web-console (3.7.0) lib/web_console/middleware.rb:135:in `call_app'
web-console (3.7.0) lib/web_console/middleware.rb:30:in `block in call'
web-console (3.7.0) lib/web_console/middleware.rb:20:in `catch'
web-console (3.7.0) lib/web_console/middleware.rb:20:in `call'
actionpack (5.2.1) lib/action_dispatch/middleware/show_exceptions.rb:33:in `call'
railties (5.2.1) lib/rails/rack/logger.rb:38:in `call_app'
railties (5.2.1) lib/rails/rack/logger.rb:26:in `block in call'
activesupport (5.2.1) lib/active_support/tagged_logging.rb:71:in `block in tagged'
activesupport (5.2.1) lib/active_support/tagged_logging.rb:28:in `tagged'
activesupport (5.2.1) lib/active_support/tagged_logging.rb:71:in `tagged'
railties (5.2.1) lib/rails/rack/logger.rb:26:in `call'
sprockets-rails (3.2.1) lib/sprockets/rails/quiet_assets.rb:13:in `call'
actionpack (5.2.1) lib/action_dispatch/middleware/remote_ip.rb:81:in `call'
actionpack (5.2.1) lib/action_dispatch/middleware/request_id.rb:27:in `call'
rack (2.0.5) lib/rack/method_override.rb:22:in `call'
rack (2.0.5) lib/rack/runtime.rb:22:in `call'
activesupport (5.2.1) lib/active_support/cache/strategy/local_cache_middleware.rb:29:in `call'
actionpack (5.2.1) lib/action_dispatch/middleware/executor.rb:14:in `call'
actionpack (5.2.1) lib/action_dispatch/middleware/static.rb:127:in `call'
rack (2.0.5) lib/rack/sendfile.rb:111:in `call'
railties (5.2.1) lib/rails/engine.rb:524:in `call'
puma (3.12.0) lib/puma/configuration.rb:225:in `call'
puma (3.12.0) lib/puma/server.rb:658:in `handle_request'
puma (3.12.0) lib/puma/server.rb:472:in `process_client'
puma (3.12.0) lib/puma/server.rb:332:in `block in run'
puma (3.12.0) lib/puma/thread_pool.rb:133:in `block in spawn_thread'
Started GET "/cars" for 127.0.0.1 at 2018-10-09 17:17:00 +1100
  
ActionController::RoutingError (uninitialized constant CarsController):
  
bootsnap (1.3.2) lib/bootsnap/load_path_cache/core_ext/active_support.rb:74:in `block in load_missing_constant'
bootsnap (1.3.2) lib/bootsnap/load_path_cache/core_ext/active_support.rb:8:in `without_bootsnap_cache'
bootsnap (1.3.2) lib/bootsnap/load_path_cache/core_ext/active_support.rb:74:in `rescue in load_missing_constant'
bootsnap (1.3.2) lib/bootsnap/load_path_cache/core_ext/active_support.rb:56:in `load_missing_constant'
activesupport (5.2.1) lib/active_support/inflector/methods.rb:283:in `const_get'
activesupport (5.2.1) lib/active_support/inflector/methods.rb:283:in `block in constantize'
activesupport (5.2.1) lib/active_support/inflector/methods.rb:281:in `each'
activesupport (5.2.1) lib/active_support/inflector/methods.rb:281:in `inject'
activesupport (5.2.1) lib/active_support/inflector/methods.rb:281:in `constantize'
actionpack (5.2.1) lib/action_dispatch/http/request.rb:88:in `controller_class_for'
actionpack (5.2.1) lib/action_dispatch/http/request.rb:81:in `controller_class'
actionpack (5.2.1) lib/action_dispatch/routing/route_set.rb:46:in `controller'
actionpack (5.2.1) lib/action_dispatch/routing/route_set.rb:32:in `serve'
actionpack (5.2.1) lib/action_dispatch/journey/router.rb:52:in `block in serve'
actionpack (5.2.1) lib/action_dispatch/journey/router.rb:35:in `each'
actionpack (5.2.1) lib/action_dispatch/journey/router.rb:35:in `serve'
actionpack (5.2.1) lib/action_dispatch/routing/route_set.rb:840:in `call'
rack (2.0.5) lib/rack/tempfile_reaper.rb:15:in `call'
rack (2.0.5) lib/rack/etag.rb:25:in `call'
rack (2.0.5) lib/rack/conditional_get.rb:25:in `call'
rack (2.0.5) lib/rack/head.rb:12:in `call'
actionpack (5.2.1) lib/action_dispatch/http/content_security_policy.rb:18:in `call'
rack (2.0.5) lib/rack/session/abstract/id.rb:232:in `context'
rack (2.0.5) lib/rack/session/abstract/id.rb:226:in `call'
actionpack (5.2.1) lib/action_dispatch/middleware/cookies.rb:670:in `call'
activerecord (5.2.1) lib/active_record/migration.rb:559:in `call'
actionpack (5.2.1) lib/action_dispatch/middleware/callbacks.rb:28:in `block in call'
activesupport (5.2.1) lib/active_support/callbacks.rb:98:in `run_callbacks'
actionpack (5.2.1) lib/action_dispatch/middleware/callbacks.rb:26:in `call'
actionpack (5.2.1) lib/action_dispatch/middleware/executor.rb:14:in `call'
actionpack (5.2.1) lib/action_dispatch/middleware/debug_exceptions.rb:61:in `call'
web-console (3.7.0) lib/web_console/middleware.rb:135:in `call_app'
web-console (3.7.0) lib/web_console/middleware.rb:30:in `block in call'
web-console (3.7.0) lib/web_console/middleware.rb:20:in `catch'
web-console (3.7.0) lib/web_console/middleware.rb:20:in `call'
actionpack (5.2.1) lib/action_dispatch/middleware/show_exceptions.rb:33:in `call'
railties (5.2.1) lib/rails/rack/logger.rb:38:in `call_app'
railties (5.2.1) lib/rails/rack/logger.rb:26:in `block in call'
activesupport (5.2.1) lib/active_support/tagged_logging.rb:71:in `block in tagged'
activesupport (5.2.1) lib/active_support/tagged_logging.rb:28:in `tagged'
activesupport (5.2.1) lib/active_support/tagged_logging.rb:71:in `tagged'
railties (5.2.1) lib/rails/rack/logger.rb:26:in `call'
sprockets-rails (3.2.1) lib/sprockets/rails/quiet_assets.rb:13:in `call'
actionpack (5.2.1) lib/action_dispatch/middleware/remote_ip.rb:81:in `call'
actionpack (5.2.1) lib/action_dispatch/middleware/request_id.rb:27:in `call'
rack (2.0.5) lib/rack/method_override.rb:22:in `call'
rack (2.0.5) lib/rack/runtime.rb:22:in `call'
activesupport (5.2.1) lib/active_support/cache/strategy/local_cache_middleware.rb:29:in `call'
actionpack (5.2.1) lib/action_dispatch/middleware/executor.rb:14:in `call'
actionpack (5.2.1) lib/action_dispatch/middleware/static.rb:127:in `call'
rack (2.0.5) lib/rack/sendfile.rb:111:in `call'
railties (5.2.1) lib/rails/engine.rb:524:in `call'
puma (3.12.0) lib/puma/configuration.rb:225:in `call'
puma (3.12.0) lib/puma/server.rb:658:in `handle_request'
puma (3.12.0) lib/puma/server.rb:472:in `process_client'
puma (3.12.0) lib/puma/server.rb:332:in `block in run'
puma (3.12.0) lib/puma/thread_pool.rb:133:in `block in spawn_thread'
Started GET "/cars" for 127.0.0.1 at 2018-10-09 17:17:28 +1100
  
ActionController::RoutingError (uninitialized constant CarsController):
  
bootsnap (1.3.2) lib/bootsnap/load_path_cache/core_ext/active_support.rb:74:in `block in load_missing_constant'
bootsnap (1.3.2) lib/bootsnap/load_path_cache/core_ext/active_support.rb:8:in `without_bootsnap_cache'
bootsnap (1.3.2) lib/bootsnap/load_path_cache/core_ext/active_support.rb:74:in `rescue in load_missing_constant'
bootsnap (1.3.2) lib/bootsnap/load_path_cache/core_ext/active_support.rb:56:in `load_missing_constant'
activesupport (5.2.1) lib/active_support/inflector/methods.rb:283:in `const_get'
activesupport (5.2.1) lib/active_support/inflector/methods.rb:283:in `block in constantize'
activesupport (5.2.1) lib/active_support/inflector/methods.rb:281:in `each'
activesupport (5.2.1) lib/active_support/inflector/methods.rb:281:in `inject'
activesupport (5.2.1) lib/active_support/inflector/methods.rb:281:in `constantize'
actionpack (5.2.1) lib/action_dispatch/http/request.rb:88:in `controller_class_for'
actionpack (5.2.1) lib/action_dispatch/http/request.rb:81:in `controller_class'
actionpack (5.2.1) lib/action_dispatch/routing/route_set.rb:46:in `controller'
actionpack (5.2.1) lib/action_dispatch/routing/route_set.rb:32:in `serve'
actionpack (5.2.1) lib/action_dispatch/journey/router.rb:52:in `block in serve'
actionpack (5.2.1) lib/action_dispatch/journey/router.rb:35:in `each'
actionpack (5.2.1) lib/action_dispatch/journey/router.rb:35:in `serve'
actionpack (5.2.1) lib/action_dispatch/routing/route_set.rb:840:in `call'
rack (2.0.5) lib/rack/tempfile_reaper.rb:15:in `call'
rack (2.0.5) lib/rack/etag.rb:25:in `call'
rack (2.0.5) lib/rack/conditional_get.rb:25:in `call'
rack (2.0.5) lib/rack/head.rb:12:in `call'
actionpack (5.2.1) lib/action_dispatch/http/content_security_policy.rb:18:in `call'
rack (2.0.5) lib/rack/session/abstract/id.rb:232:in `context'
rack (2.0.5) lib/rack/session/abstract/id.rb:226:in `call'
actionpack (5.2.1) lib/action_dispatch/middleware/cookies.rb:670:in `call'
activerecord (5.2.1) lib/active_record/migration.rb:559:in `call'
actionpack (5.2.1) lib/action_dispatch/middleware/callbacks.rb:28:in `block in call'
activesupport (5.2.1) lib/active_support/callbacks.rb:98:in `run_callbacks'
actionpack (5.2.1) lib/action_dispatch/middleware/callbacks.rb:26:in `call'
actionpack (5.2.1) lib/action_dispatch/middleware/executor.rb:14:in `call'
actionpack (5.2.1) lib/action_dispatch/middleware/debug_exceptions.rb:61:in `call'
web-console (3.7.0) lib/web_console/middleware.rb:135:in `call_app'
web-console (3.7.0) lib/web_console/middleware.rb:30:in `block in call'
web-console (3.7.0) lib/web_console/middleware.rb:20:in `catch'
web-console (3.7.0) lib/web_console/middleware.rb:20:in `call'
actionpack (5.2.1) lib/action_dispatch/middleware/show_exceptions.rb:33:in `call'
railties (5.2.1) lib/rails/rack/logger.rb:38:in `call_app'
railties (5.2.1) lib/rails/rack/logger.rb:26:in `block in call'
activesupport (5.2.1) lib/active_support/tagged_logging.rb:71:in `block in tagged'
activesupport (5.2.1) lib/active_support/tagged_logging.rb:28:in `tagged'
activesupport (5.2.1) lib/active_support/tagged_logging.rb:71:in `tagged'
railties (5.2.1) lib/rails/rack/logger.rb:26:in `call'
sprockets-rails (3.2.1) lib/sprockets/rails/quiet_assets.rb:13:in `call'
actionpack (5.2.1) lib/action_dispatch/middleware/remote_ip.rb:81:in `call'
actionpack (5.2.1) lib/action_dispatch/middleware/request_id.rb:27:in `call'
rack (2.0.5) lib/rack/method_override.rb:22:in `call'
rack (2.0.5) lib/rack/runtime.rb:22:in `call'
activesupport (5.2.1) lib/active_support/cache/strategy/local_cache_middleware.rb:29:in `call'
actionpack (5.2.1) lib/action_dispatch/middleware/executor.rb:14:in `call'
actionpack (5.2.1) lib/action_dispatch/middleware/static.rb:127:in `call'
rack (2.0.5) lib/rack/sendfile.rb:111:in `call'
railties (5.2.1) lib/rails/engine.rb:524:in `call'
puma (3.12.0) lib/puma/configuration.rb:225:in `call'
puma (3.12.0) lib/puma/server.rb:658:in `handle_request'
puma (3.12.0) lib/puma/server.rb:472:in `process_client'
puma (3.12.0) lib/puma/server.rb:332:in `block in run'
puma (3.12.0) lib/puma/thread_pool.rb:133:in `block in spawn_thread'
Started GET "/cars" for 127.0.0.1 at 2018-10-09 17:33:53 +1100
  
SyntaxError (/Users/brianellis/wdi/homework/brian_ellis/week5/sports-cars/app/controllers/cars_controller.rb:1: syntax error, unexpected '<'
<h2>Cars <%= @car.name %> </h2>
^
/Users/brianellis/wdi/homework/brian_ellis/week5/sports-cars/app/controllers/cars_controller.rb:3: syntax error, unexpected tIDENTIFIER, expecting keyword_do or '{' or '('
...path(@car.id) %>"> destroy this planet </a>
...                           ^~~~
/Users/brianellis/wdi/homework/brian_ellis/week5/sports-cars/app/controllers/cars_controller.rb:12: unknown regexp options - trg
/Users/brianellis/wdi/homework/brian_ellis/week5/sports-cars/app/controllers/cars_controller.rb:12: syntax error, unexpected '<'
<p> <strong>Orbit:</strong> <%=  @planet.orbit %></p>
                            ^
/Users/brianellis/wdi/homework/brian_ellis/week5/sports-cars/app/controllers/cars_controller.rb:13: syntax error, unexpected tIVAR, expecting end-of-input
...Diameter:</strong> <%=  @planet.diameter %></p>
...                        ^~~~~~~):
  
app/controllers/cars_controller.rb:1: syntax error, unexpected '<'
app/controllers/cars_controller.rb:3: syntax error, unexpected tIDENTIFIER, expecting keyword_do or '{' or '('
app/controllers/cars_controller.rb:12: unknown regexp options - trg
app/controllers/cars_controller.rb:12: syntax error, unexpected '<'
app/controllers/cars_controller.rb:13: syntax error, unexpected tIVAR, expecting end-of-input
Started GET "/cars" for 127.0.0.1 at 2018-10-09 17:34:14 +1100
  
SyntaxError (/Users/brianellis/wdi/homework/brian_ellis/week5/sports-cars/app/controllers/cars_controller.rb:1: syntax error, unexpected '<'
<h2>Cars <%= @car.name %> </h2>
^
/Users/brianellis/wdi/homework/brian_ellis/week5/sports-cars/app/controllers/cars_controller.rb:3: syntax error, unexpected tIDENTIFIER, expecting keyword_do or '{' or '('
...path(@car.id) %>"> destroy this planet </a>
...                           ^~~~
/Users/brianellis/wdi/homework/brian_ellis/week5/sports-cars/app/controllers/cars_controller.rb:12: unknown regexp options - trg
/Users/brianellis/wdi/homework/brian_ellis/week5/sports-cars/app/controllers/cars_controller.rb:12: syntax error, unexpected '<'
<p> <strong>Orbit:</strong> <%=  @planet.orbit %></p>
                            ^
/Users/brianellis/wdi/homework/brian_ellis/week5/sports-cars/app/controllers/cars_controller.rb:13: syntax error, unexpected tIVAR, expecting end-of-input
...Diameter:</strong> <%=  @planet.diameter %></p>
...                        ^~~~~~~):
  
app/controllers/cars_controller.rb:1: syntax error, unexpected '<'
app/controllers/cars_controller.rb:3: syntax error, unexpected tIDENTIFIER, expecting keyword_do or '{' or '('
app/controllers/cars_controller.rb:12: unknown regexp options - trg
app/controllers/cars_controller.rb:12: syntax error, unexpected '<'
app/controllers/cars_controller.rb:13: syntax error, unexpected tIVAR, expecting end-of-input
Started GET "/" for 127.0.0.1 at 2018-10-10 04:51:24 +1100
Processing by Rails::WelcomeController#index as HTML
  Rendering /Users/brianellis/.rvm/gems/ruby-2.5.1/gems/railties-5.2.1/lib/rails/templates/rails/welcome/index.html.erb
  Rendered /Users/brianellis/.rvm/gems/ruby-2.5.1/gems/railties-5.2.1/lib/rails/templates/rails/welcome/index.html.erb (2.7ms)
Completed 200 OK in 15ms (Views: 7.9ms | ActiveRecord: 0.0ms)


  [1m[35m (0.5ms)[0m  [1m[34mSELECT sqlite_version(*)[0m
  ↳ bin/rails:9
  [1m[35m (2.4ms)[0m  [1m[35mCREATE TABLE "schema_migrations" ("version" varchar NOT NULL PRIMARY KEY)[0m
  ↳ bin/rails:9
  [1m[35m (2.3ms)[0m  [1m[35mCREATE TABLE "ar_internal_metadata" ("key" varchar NOT NULL PRIMARY KEY, "value" varchar, "created_at" datetime NOT NULL, "updated_at" datetime NOT NULL)[0m
  ↳ bin/rails:9
  [1m[35m (0.3ms)[0m  [1m[34mSELECT "schema_migrations"."version" FROM "schema_migrations" ORDER BY "schema_migrations"."version" ASC[0m
  ↳ bin/rails:9
Migrating to CreateCars (20181009181039)
  [1m[35m (0.1ms)[0m  [1m[36mbegin transaction[0m
  ↳ bin/rails:9
  [1m[35m (0.5ms)[0m  [1m[35mCREATE TABLE "cars" ("id" integer PRIMARY KEY AUTOINCREMENT NOT NULL, "name" varchar, "engine" integer, "horsepower" integer, "country" integer, "turbocharged" integer)[0m
  ↳ db/migrate/20181009181039_create_cars.rb:3
  [1m[36mActiveRecord::SchemaMigration Create (0.2ms)[0m  [1m[32mINSERT INTO "schema_migrations" ("version") VALUES (?)[0m  [["version", "20181009181039"]]
  ↳ bin/rails:9
  [1m[35m (1.2ms)[0m  [1m[36mcommit transaction[0m
  ↳ bin/rails:9
  [1m[36mActiveRecord::InternalMetadata Load (0.2ms)[0m  [1m[34mSELECT  "ar_internal_metadata".* FROM "ar_internal_metadata" WHERE "ar_internal_metadata"."key" = ? LIMIT ?[0m  [["key", "environment"], ["LIMIT", 1]]
  ↳ bin/rails:9
  [1m[35m (0.1ms)[0m  [1m[36mbegin transaction[0m
  ↳ bin/rails:9
  [1m[36mActiveRecord::InternalMetadata Create (0.4ms)[0m  [1m[32mINSERT INTO "ar_internal_metadata" ("key", "value", "created_at", "updated_at") VALUES (?, ?, ?, ?)[0m  [["key", "environment"], ["value", "development"], ["created_at", "2018-10-09 18:17:45.167380"], ["updated_at", "2018-10-09 18:17:45.167380"]]
  ↳ bin/rails:9
  [1m[35m (2.4ms)[0m  [1m[36mcommit transaction[0m
  ↳ bin/rails:9
  [1m[35m (0.1ms)[0m  [1m[34mSELECT "schema_migrations"."version" FROM "schema_migrations" ORDER BY "schema_migrations"."version" ASC[0m
  ↳ bin/rails:9
  [1m[35m (0.1ms)[0m  [1m[34mSELECT "schema_migrations"."version" FROM "schema_migrations" ORDER BY "schema_migrations"."version" ASC[0m
  ↳ bin/rails:9
  [1m[36mActiveRecord::InternalMetadata Load (0.1ms)[0m  [1m[34mSELECT  "ar_internal_metadata".* FROM "ar_internal_metadata" WHERE "ar_internal_metadata"."key" = ? LIMIT ?[0m  [["key", "environment"], ["LIMIT", 1]]
  ↳ bin/rails:9
  [1m[35m (0.1ms)[0m  [1m[36mbegin transaction[0m
  ↳ bin/rails:9
  [1m[35m (0.0ms)[0m  [1m[36mcommit transaction[0m
  ↳ bin/rails:9
  [1m[35m (0.1ms)[0m  [1m[34mSELECT "schema_migrations"."version" FROM "schema_migrations" ORDER BY "schema_migrations"."version" ASC[0m
  ↳ bin/rails:9
  [1m[35m (0.1ms)[0m  [1m[34mSELECT "schema_migrations"."version" FROM "schema_migrations" ORDER BY "schema_migrations"."version" ASC[0m
  ↳ bin/rails:9
  [1m[35m (0.1ms)[0m  [1m[34mSELECT "schema_migrations"."version" FROM "schema_migrations" ORDER BY "schema_migrations"."version" ASC[0m
  ↳ bin/rails:9
Started GET "/cars" for 127.0.0.1 at 2018-10-10 05:47:25 +1100
Started GET "/cars" for 127.0.0.1 at 2018-10-10 05:47:35 +1100
  [1m[35m (0.1ms)[0m  [1m[34mSELECT "schema_migrations"."version" FROM "schema_migrations" ORDER BY "schema_migrations"."version" ASC[0m
  ↳ /Users/brianellis/.rvm/gems/ruby-2.5.1/gems/activerecord-5.2.1/lib/active_record/log_subscriber.rb:98
  
SyntaxError (/Users/brianellis/wdi/homework/brian_ellis/week5/sports-cars/app/controllers/cars_controller.rb:1: syntax error, unexpected '<'
<h2>Cars <%= @car.name %> </h2>
^
/Users/brianellis/wdi/homework/brian_ellis/week5/sports-cars/app/controllers/cars_controller.rb:3: syntax error, unexpected tIDENTIFIER, expecting keyword_do or '{' or '('
...path(@car.id) %>"> destroy this planet </a>
...                           ^~~~
/Users/brianellis/wdi/homework/brian_ellis/week5/sports-cars/app/controllers/cars_controller.rb:12: unknown regexp options - trg
/Users/brianellis/wdi/homework/brian_ellis/week5/sports-cars/app/controllers/cars_controller.rb:12: syntax error, unexpected '<'
<p> <strong>Orbit:</strong> <%=  @planet.orbit %></p>
                            ^
/Users/brianellis/wdi/homework/brian_ellis/week5/sports-cars/app/controllers/cars_controller.rb:13: syntax error, unexpected tIVAR, expecting end-of-input
...Diameter:</strong> <%=  @planet.diameter %></p>
...                        ^~~~~~~):
  
app/controllers/cars_controller.rb:1: syntax error, unexpected '<'
app/controllers/cars_controller.rb:3: syntax error, unexpected tIDENTIFIER, expecting keyword_do or '{' or '('
app/controllers/cars_controller.rb:12: unknown regexp options - trg
app/controllers/cars_controller.rb:12: syntax error, unexpected '<'
app/controllers/cars_controller.rb:13: syntax error, unexpected tIVAR, expecting end-of-input
  
SyntaxError (/Users/brianellis/wdi/homework/brian_ellis/week5/sports-cars/app/controllers/cars_controller.rb:1: syntax error, unexpected '<'
<h2>Cars <%= @car.name %> </h2>
^
/Users/brianellis/wdi/homework/brian_ellis/week5/sports-cars/app/controllers/cars_controller.rb:3: syntax error, unexpected tIDENTIFIER, expecting keyword_do or '{' or '('
...path(@car.id) %>"> destroy this planet </a>
...                           ^~~~
/Users/brianellis/wdi/homework/brian_ellis/week5/sports-cars/app/controllers/cars_controller.rb:12: unknown regexp options - trg
/Users/brianellis/wdi/homework/brian_ellis/week5/sports-cars/app/controllers/cars_controller.rb:12: syntax error, unexpected '<'
<p> <strong>Orbit:</strong> <%=  @planet.orbit %></p>
                            ^
/Users/brianellis/wdi/homework/brian_ellis/week5/sports-cars/app/controllers/cars_controller.rb:13: syntax error, unexpected tIVAR, expecting end-of-input
...Diameter:</strong> <%=  @planet.diameter %></p>
...                        ^~~~~~~):
  
app/controllers/cars_controller.rb:1: syntax error, unexpected '<'
app/controllers/cars_controller.rb:3: syntax error, unexpected tIDENTIFIER, expecting keyword_do or '{' or '('
app/controllers/cars_controller.rb:12: unknown regexp options - trg
app/controllers/cars_controller.rb:12: syntax error, unexpected '<'
app/controllers/cars_controller.rb:13: syntax error, unexpected tIVAR, expecting end-of-input
Started GET "/car" for 127.0.0.1 at 2018-10-10 05:48:00 +1100
  
ActionController::RoutingError (No route matches [GET] "/car"):
  
actionpack (5.2.1) lib/action_dispatch/middleware/debug_exceptions.rb:65:in `call'
web-console (3.7.0) lib/web_console/middleware.rb:135:in `call_app'
web-console (3.7.0) lib/web_console/middleware.rb:30:in `block in call'
web-console (3.7.0) lib/web_console/middleware.rb:20:in `catch'
web-console (3.7.0) lib/web_console/middleware.rb:20:in `call'
actionpack (5.2.1) lib/action_dispatch/middleware/show_exceptions.rb:33:in `call'
railties (5.2.1) lib/rails/rack/logger.rb:38:in `call_app'
railties (5.2.1) lib/rails/rack/logger.rb:26:in `block in call'
activesupport (5.2.1) lib/active_support/tagged_logging.rb:71:in `block in tagged'
activesupport (5.2.1) lib/active_support/tagged_logging.rb:28:in `tagged'
activesupport (5.2.1) lib/active_support/tagged_logging.rb:71:in `tagged'
railties (5.2.1) lib/rails/rack/logger.rb:26:in `call'
sprockets-rails (3.2.1) lib/sprockets/rails/quiet_assets.rb:13:in `call'
actionpack (5.2.1) lib/action_dispatch/middleware/remote_ip.rb:81:in `call'
actionpack (5.2.1) lib/action_dispatch/middleware/request_id.rb:27:in `call'
rack (2.0.5) lib/rack/method_override.rb:22:in `call'
rack (2.0.5) lib/rack/runtime.rb:22:in `call'
activesupport (5.2.1) lib/active_support/cache/strategy/local_cache_middleware.rb:29:in `call'
actionpack (5.2.1) lib/action_dispatch/middleware/executor.rb:14:in `call'
actionpack (5.2.1) lib/action_dispatch/middleware/static.rb:127:in `call'
rack (2.0.5) lib/rack/sendfile.rb:111:in `call'
railties (5.2.1) lib/rails/engine.rb:524:in `call'
puma (3.12.0) lib/puma/configuration.rb:225:in `call'
puma (3.12.0) lib/puma/server.rb:658:in `handle_request'
puma (3.12.0) lib/puma/server.rb:472:in `process_client'
puma (3.12.0) lib/puma/server.rb:332:in `block in run'
puma (3.12.0) lib/puma/thread_pool.rb:133:in `block in spawn_thread'
Started GET "/cars" for 127.0.0.1 at 2018-10-10 05:48:05 +1100
  
SyntaxError (/Users/brianellis/wdi/homework/brian_ellis/week5/sports-cars/app/controllers/cars_controller.rb:1: syntax error, unexpected '<'
<h2>Cars <%= @car.name %> </h2>
^
/Users/brianellis/wdi/homework/brian_ellis/week5/sports-cars/app/controllers/cars_controller.rb:3: syntax error, unexpected tIDENTIFIER, expecting keyword_do or '{' or '('
...path(@car.id) %>"> destroy this planet </a>
...                           ^~~~
/Users/brianellis/wdi/homework/brian_ellis/week5/sports-cars/app/controllers/cars_controller.rb:12: unknown regexp options - trg
/Users/brianellis/wdi/homework/brian_ellis/week5/sports-cars/app/controllers/cars_controller.rb:12: syntax error, unexpected '<'
<p> <strong>Orbit:</strong> <%=  @planet.orbit %></p>
                            ^
/Users/brianellis/wdi/homework/brian_ellis/week5/sports-cars/app/controllers/cars_controller.rb:13: syntax error, unexpected tIVAR, expecting end-of-input
...Diameter:</strong> <%=  @planet.diameter %></p>
...                        ^~~~~~~):
  
app/controllers/cars_controller.rb:1: syntax error, unexpected '<'
app/controllers/cars_controller.rb:3: syntax error, unexpected tIDENTIFIER, expecting keyword_do or '{' or '('
app/controllers/cars_controller.rb:12: unknown regexp options - trg
app/controllers/cars_controller.rb:12: syntax error, unexpected '<'
app/controllers/cars_controller.rb:13: syntax error, unexpected tIVAR, expecting end-of-input
Started GET "/cars" for 127.0.0.1 at 2018-10-10 05:49:03 +1100
  
SyntaxError (/Users/brianellis/wdi/homework/brian_ellis/week5/sports-cars/app/controllers/cars_controller.rb:1: syntax error, unexpected '<'
<h2>Cars  </h2>
^
/Users/brianellis/wdi/homework/brian_ellis/week5/sports-cars/app/controllers/cars_controller.rb:5: unknown regexp option - a
/Users/brianellis/wdi/homework/brian_ellis/week5/sports-cars/app/controllers/cars_controller.rb:6: syntax error, unexpected '<'
<!--  -->
^
/Users/brianellis/wdi/homework/brian_ellis/week5/sports-cars/app/controllers/cars_controller.rb:6: syntax error, unexpected '\n', expecting keyword_do_LAMBDA or tLAMBEG
<!--  -->
         ^
/Users/brianellis/wdi/homework/brian_ellis/week5/sports-cars/app/controllers/cars_controller.rb:7: syntax error, unexpected '<'
<!-- <%= link_to'destroy this car',...
     ^
/Users/brianellis/wdi/homework/brian_ellis/week5/sports-cars/app/controllers/cars_controller.rb:9: syntax error, unexpected tIDENTIFIER, expecting end-of-input
<%= link_to 'Edit this car', planet_edit...
    ^~~~~~~):
  
app/controllers/cars_controller.rb:1: syntax error, unexpected '<'
app/controllers/cars_controller.rb:5: unknown regexp option - a
app/controllers/cars_controller.rb:6: syntax error, unexpected '<'
app/controllers/cars_controller.rb:6: syntax error, unexpected '\n', expecting keyword_do_LAMBDA or tLAMBEG
app/controllers/cars_controller.rb:7: syntax error, unexpected '<'
app/controllers/cars_controller.rb:9: syntax error, unexpected tIDENTIFIER, expecting end-of-input
Started GET "/cars" for 127.0.0.1 at 2018-10-10 05:49:30 +1100
  
ActionController::RoutingError (uninitialized constant Cars):
  
app/controllers/cars_controller.rb:1:in `<main>'
Started GET "/cars" for 127.0.0.1 at 2018-10-10 05:49:34 +1100
  
ActionController::RoutingError (uninitialized constant Cars):
  
app/controllers/cars_controller.rb:1:in `<main>'
Started GET "/cars" for 127.0.0.1 at 2018-10-10 05:55:12 +1100
Processing by CarsController#index as HTML
Completed 500 Internal Server Error in 1ms (ActiveRecord: 0.0ms)


  
NameError (uninitialized constant CarsController::Planet):
  
app/controllers/cars_controller.rb:50:in `index'
Started GET "/cars" for 127.0.0.1 at 2018-10-10 05:55:38 +1100
Processing by CarsController#index as HTML
  Rendering cars/index.html.erb within layouts/application
  Rendered cars/index.html.erb within layouts/application (4.3ms)
Completed 500 Internal Server Error in 25ms (ActiveRecord: 0.0ms)


  
ActionView::Template::Error (undefined method `each' for nil:NilClass):
    1: <h2>Index of Super Cars</h2>
    2: 
    3: <ul>
    4: <% @Cars.each do |car|  %>
    5: <li>
    6: 
    7: <a href="<%= car_path(car.id) %>">
  
app/views/cars/index.html.erb:4:in `_app_views_cars_index_html_erb__2168340787028156505_70148854590920'
Started GET "/cars" for 127.0.0.1 at 2018-10-10 06:02:59 +1100
  
SyntaxError (/Users/brianellis/wdi/homework/brian_ellis/week5/sports-cars/app/controllers/cars_controller.rb:83: syntax error, unexpected end-of-input, expecting keyword_end
# end
     ^):
  
app/controllers/cars_controller.rb:83: syntax error, unexpected end-of-input, expecting keyword_end
Started GET "/cars" for 127.0.0.1 at 2018-10-10 06:04:16 +1100
  
SyntaxError (/Users/brianellis/wdi/homework/brian_ellis/week5/sports-cars/app/controllers/cars_controller.rb:18: syntax error, unexpected keyword_end, expecting end-of-input):
  
app/controllers/cars_controller.rb:18: syntax error, unexpected keyword_end, expecting end-of-input
Started GET "/cars" for 127.0.0.1 at 2018-10-10 06:04:41 +1100
Processing by CarsController#index as HTML
  Rendering cars/index.html.erb within layouts/application
  Rendered cars/index.html.erb within layouts/application (3.7ms)
Completed 500 Internal Server Error in 20ms (ActiveRecord: 0.0ms)


  
ActionView::Template::Error (undefined method `each' for nil:NilClass):
    1: <h2>Index of Super Cars</h2>
    2: 
    3: <ul>
    4: <% @Cars.each do |car|  %>
    5: <li>
    6: 
    7: <a href="<%= car_path(car.id) %>">
  
app/views/cars/index.html.erb:4:in `_app_views_cars_index_html_erb__2168340787028156505_70148880625020'
Started GET "/cars" for 127.0.0.1 at 2018-10-10 06:05:13 +1100
Processing by CarsController#index as HTML
  Rendering cars/index.html.erb within layouts/application
  Rendered cars/index.html.erb within layouts/application (0.4ms)
Completed 200 OK in 317ms (Views: 313.4ms | ActiveRecord: 0.0ms)


Started GET "/cars/new" for 127.0.0.1 at 2018-10-10 06:05:16 +1100
Processing by CarsController#new as HTML
  Rendering cars/new.html.erb within layouts/application
  Rendered cars/new.html.erb within layouts/application (0.3ms)
Completed 200 OK in 18ms (Views: 14.8ms | ActiveRecord: 0.0ms)


Started GET "/cars" for 127.0.0.1 at 2018-10-10 06:05:18 +1100
Processing by CarsController#index as HTML
  Rendering cars/index.html.erb within layouts/application
  Rendered cars/index.html.erb within layouts/application (0.4ms)
Completed 200 OK in 24ms (Views: 18.5ms | ActiveRecord: 0.0ms)


Started GET "/cars" for 127.0.0.1 at 2018-10-10 06:05:20 +1100
Processing by CarsController#index as HTML
  Rendering cars/index.html.erb within layouts/application
  Rendered cars/index.html.erb within layouts/application (0.3ms)
Completed 200 OK in 22ms (Views: 18.1ms | ActiveRecord: 0.0ms)


Started GET "/cars/new" for 127.0.0.1 at 2018-10-10 06:05:21 +1100
Processing by CarsController#new as HTML
  Rendering cars/new.html.erb within layouts/application
  Rendered cars/new.html.erb within layouts/application (0.3ms)
Completed 200 OK in 19ms (Views: 14.9ms | ActiveRecord: 0.0ms)


Started GET "/cars" for 127.0.0.1 at 2018-10-10 06:05:22 +1100
Processing by CarsController#index as HTML
  Rendering cars/index.html.erb within layouts/application
  Rendered cars/index.html.erb within layouts/application (0.3ms)
Completed 200 OK in 24ms (Views: 18.2ms | ActiveRecord: 0.0ms)


Started GET "/cars" for 127.0.0.1 at 2018-10-10 06:06:36 +1100
Processing by CarsController#index as HTML
  Rendering cars/index.html.erb within layouts/application
  Rendered cars/index.html.erb within layouts/application (0.4ms)
Completed 200 OK in 22ms (Views: 18.7ms | ActiveRecord: 0.0ms)


Started GET "/cars" for 127.0.0.1 at 2018-10-10 06:06:38 +1100
Processing by CarsController#index as HTML
  Rendering cars/index.html.erb within layouts/application
  Rendered cars/index.html.erb within layouts/application (0.3ms)
Completed 200 OK in 21ms (Views: 17.1ms | ActiveRecord: 0.0ms)


Started GET "/cars" for 127.0.0.1 at 2018-10-10 06:06:38 +1100
Processing by CarsController#index as HTML
  Rendering cars/index.html.erb within layouts/application
  Rendered cars/index.html.erb within layouts/application (0.3ms)
Completed 200 OK in 20ms (Views: 17.0ms | ActiveRecord: 0.0ms)


Started GET "/cars" for 127.0.0.1 at 2018-10-10 06:06:38 +1100
Processing by CarsController#index as HTML
  Rendering cars/index.html.erb within layouts/application
  Rendered cars/index.html.erb within layouts/application (0.3ms)
Completed 200 OK in 22ms (Views: 17.7ms | ActiveRecord: 0.0ms)


Started GET "/cars" for 127.0.0.1 at 2018-10-10 06:06:39 +1100
Processing by CarsController#index as HTML
  Rendering cars/index.html.erb within layouts/application
  Rendered cars/index.html.erb within layouts/application (0.3ms)
Completed 200 OK in 33ms (Views: 29.2ms | ActiveRecord: 0.0ms)


Started GET "/cars" for 127.0.0.1 at 2018-10-10 06:06:40 +1100
Processing by CarsController#index as HTML
  Rendering cars/index.html.erb within layouts/application
  Rendered cars/index.html.erb within layouts/application (0.4ms)
Completed 200 OK in 26ms (Views: 20.0ms | ActiveRecord: 0.0ms)


Started GET "/cars" for 127.0.0.1 at 2018-10-10 06:06:43 +1100
Processing by CarsController#index as HTML
  Rendering cars/index.html.erb within layouts/application
  Rendered cars/index.html.erb within layouts/application (0.4ms)
Completed 200 OK in 25ms (Views: 17.3ms | ActiveRecord: 0.0ms)


Started GET "/cars/new" for 127.0.0.1 at 2018-10-10 06:06:43 +1100
Processing by CarsController#new as HTML
  Rendering cars/new.html.erb within layouts/application
  Rendered cars/new.html.erb within layouts/application (0.3ms)
Completed 200 OK in 17ms (Views: 14.7ms | ActiveRecord: 0.0ms)


Started GET "/cars" for 127.0.0.1 at 2018-10-10 06:06:45 +1100
Processing by CarsController#index as HTML
  Rendering cars/index.html.erb within layouts/application
  Rendered cars/index.html.erb within layouts/application (0.3ms)
Completed 200 OK in 25ms (Views: 18.0ms | ActiveRecord: 0.0ms)


Started GET "/cars/new" for 127.0.0.1 at 2018-10-10 06:06:46 +1100
Processing by CarsController#new as HTML
  Rendering cars/new.html.erb within layouts/application
  Rendered cars/new.html.erb within layouts/application (0.2ms)
Completed 200 OK in 18ms (Views: 15.1ms | ActiveRecord: 0.0ms)


Started GET "/cars" for 127.0.0.1 at 2018-10-10 06:06:46 +1100
Processing by CarsController#index as HTML
  Rendering cars/index.html.erb within layouts/application
  Rendered cars/index.html.erb within layouts/application (0.3ms)
Completed 200 OK in 23ms (Views: 18.0ms | ActiveRecord: 0.0ms)


Started GET "/cars/new" for 127.0.0.1 at 2018-10-10 06:06:47 +1100
Processing by CarsController#new as HTML
  Rendering cars/new.html.erb within layouts/application
  Rendered cars/new.html.erb within layouts/application (0.3ms)
Completed 200 OK in 20ms (Views: 16.8ms | ActiveRecord: 0.0ms)


Started GET "/cars" for 127.0.0.1 at 2018-10-10 06:06:48 +1100
Processing by CarsController#index as HTML
  Rendering cars/index.html.erb within layouts/application
  Rendered cars/index.html.erb within layouts/application (0.3ms)
Completed 200 OK in 22ms (Views: 17.2ms | ActiveRecord: 0.0ms)


Started GET "/cars/new" for 127.0.0.1 at 2018-10-10 06:06:50 +1100
Processing by CarsController#new as HTML
  Rendering cars/new.html.erb within layouts/application
  Rendered cars/new.html.erb within layouts/application (0.2ms)
Completed 200 OK in 18ms (Views: 14.9ms | ActiveRecord: 0.0ms)


Started GET "/cars" for 127.0.0.1 at 2018-10-10 06:06:51 +1100
Processing by CarsController#index as HTML
  Rendering cars/index.html.erb within layouts/application
  Rendered cars/index.html.erb within layouts/application (0.3ms)
Completed 200 OK in 24ms (Views: 19.0ms | ActiveRecord: 0.0ms)


Started GET "/cars" for 127.0.0.1 at 2018-10-10 06:08:45 +1100
Processing by CarsController#index as HTML
  Rendering cars/index.html.erb within layouts/application
  Rendered cars/index.html.erb within layouts/application (0.4ms)
Completed 200 OK in 23ms (Views: 19.6ms | ActiveRecord: 0.0ms)


Started GET "/cars" for 127.0.0.1 at 2018-10-10 06:08:46 +1100
Processing by CarsController#index as HTML
  Rendering cars/index.html.erb within layouts/application
  Rendered cars/index.html.erb within layouts/application (0.3ms)
Completed 200 OK in 21ms (Views: 17.1ms | ActiveRecord: 0.0ms)


Started GET "/cars" for 127.0.0.1 at 2018-10-10 06:08:47 +1100
Processing by CarsController#index as HTML
  Rendering cars/index.html.erb within layouts/application
  Rendered cars/index.html.erb within layouts/application (0.3ms)
Completed 200 OK in 21ms (Views: 17.0ms | ActiveRecord: 0.0ms)


Started GET "/cars" for 127.0.0.1 at 2018-10-10 06:08:47 +1100
Processing by CarsController#index as HTML
  Rendering cars/index.html.erb within layouts/application
  Rendered cars/index.html.erb within layouts/application (0.2ms)
Completed 200 OK in 24ms (Views: 20.2ms | ActiveRecord: 0.0ms)


Started GET "/cars" for 127.0.0.1 at 2018-10-10 06:08:47 +1100
Processing by CarsController#index as HTML
  Rendering cars/index.html.erb within layouts/application
  Rendered cars/index.html.erb within layouts/application (0.3ms)
Completed 200 OK in 22ms (Views: 17.9ms | ActiveRecord: 0.0ms)


Started GET "/cars" for 127.0.0.1 at 2018-10-10 06:08:47 +1100
Processing by CarsController#index as HTML
  Rendering cars/index.html.erb within layouts/application
  Rendered cars/index.html.erb within layouts/application (0.3ms)
Completed 200 OK in 23ms (Views: 19.7ms | ActiveRecord: 0.0ms)


Started GET "/cars" for 127.0.0.1 at 2018-10-10 06:08:47 +1100
Processing by CarsController#index as HTML
  Rendering cars/index.html.erb within layouts/application
  Rendered cars/index.html.erb within layouts/application (0.3ms)
Completed 200 OK in 22ms (Views: 17.4ms | ActiveRecord: 0.0ms)


Started GET "/cars" for 127.0.0.1 at 2018-10-10 06:15:43 +1100
Processing by CarsController#index as HTML
  Rendering cars/index.html.erb within layouts/application
  Rendered cars/index.html.erb within layouts/application (0.3ms)
Completed 200 OK in 28ms (Views: 24.5ms | ActiveRecord: 0.0ms)


Started GET "/cars/new" for 127.0.0.1 at 2018-10-10 06:15:45 +1100
Processing by CarsController#new as HTML
  Rendering cars/new.html.erb within layouts/application
  Rendered cars/new.html.erb within layouts/application (0.2ms)
Completed 200 OK in 17ms (Views: 14.4ms | ActiveRecord: 0.0ms)


Started GET "/cars" for 127.0.0.1 at 2018-10-10 06:16:57 +1100
Processing by CarsController#index as HTML
  Rendering cars/index.html.erb within layouts/application
  Rendered cars/index.html.erb within layouts/application (0.3ms)
Completed 200 OK in 24ms (Views: 20.6ms | ActiveRecord: 0.0ms)


Started GET "/cars/new" for 127.0.0.1 at 2018-10-10 06:16:59 +1100
Processing by CarsController#new as HTML
  Rendering cars/new.html.erb within layouts/application
  Rendered cars/new.html.erb within layouts/application (0.5ms)
Completed 200 OK in 18ms (Views: 15.8ms | ActiveRecord: 0.0ms)


Started GET "/cars" for 127.0.0.1 at 2018-10-10 06:17:00 +1100
Processing by CarsController#index as HTML
  Rendering cars/index.html.erb within layouts/application
  Rendered cars/index.html.erb within layouts/application (0.3ms)
Completed 200 OK in 22ms (Views: 17.5ms | ActiveRecord: 0.0ms)


Started GET "/cars/new" for 127.0.0.1 at 2018-10-10 06:17:01 +1100
Processing by CarsController#new as HTML
  Rendering cars/new.html.erb within layouts/application
  Rendered cars/new.html.erb within layouts/application (0.2ms)
Completed 200 OK in 18ms (Views: 15.3ms | ActiveRecord: 0.0ms)


Started GET "/cars" for 127.0.0.1 at 2018-10-10 06:17:01 +1100
Processing by CarsController#index as HTML
  Rendering cars/index.html.erb within layouts/application
  Rendered cars/index.html.erb within layouts/application (0.3ms)
Completed 200 OK in 22ms (Views: 17.3ms | ActiveRecord: 0.0ms)


Started GET "/cars/new" for 127.0.0.1 at 2018-10-10 06:17:03 +1100
Processing by CarsController#new as HTML
  Rendering cars/new.html.erb within layouts/application
  Rendered cars/new.html.erb within layouts/application (0.3ms)
Completed 200 OK in 22ms (Views: 19.2ms | ActiveRecord: 0.0ms)


Started GET "/cars" for 127.0.0.1 at 2018-10-10 06:17:04 +1100
Processing by CarsController#index as HTML
  Rendering cars/index.html.erb within layouts/application
  Rendered cars/index.html.erb within layouts/application (0.3ms)
Completed 200 OK in 27ms (Views: 22.4ms | ActiveRecord: 0.0ms)


Started GET "/cars/new" for 127.0.0.1 at 2018-10-10 06:17:04 +1100
Processing by CarsController#new as HTML
  Rendering cars/new.html.erb within layouts/application
  Rendered cars/new.html.erb within layouts/application (0.3ms)
Completed 200 OK in 27ms (Views: 23.7ms | ActiveRecord: 0.0ms)


